[10:05:43.587] Log Level: 2
[10:05:43.698] VS Code version: 1.95.2
[10:05:43.698] Remote-SSH version: remote-ssh@0.115.0
[10:05:43.699] linux x64
[10:05:43.717] SSH Resolver called for "ssh-remote+10.10.203.9", attempt 1
[10:05:43.721] "remote.SSH.useLocalServer": true
[10:05:43.721] "remote.SSH.useExecServer": true
[10:05:43.722] "remote.SSH.path": undefined
[10:05:43.722] "remote.SSH.configFile": undefined
[10:05:43.722] "remote.SSH.useFlock": true
[10:05:43.723] "remote.SSH.lockfilesInTmp": false
[10:05:43.723] "remote.SSH.localServerDownload": auto
[10:05:43.723] "remote.SSH.remoteServerListenOnSocket": false
[10:05:43.723] "remote.SSH.showLoginTerminal": false
[10:05:43.724] "remote.SSH.defaultExtensions": []
[10:05:43.724] "remote.SSH.loglevel": 2
[10:05:43.724] "remote.SSH.enableDynamicForwarding": true
[10:05:43.724] "remote.SSH.enableRemoteCommand": false
[10:05:43.724] "remote.SSH.serverPickPortsFromRange": {}
[10:05:43.725] "remote.SSH.serverInstallPath": {}
[10:05:43.725] "remote.SSH.permitPtyAllocation": false
[10:05:43.726] "remote.SSH.preferredLocalPortRange: undefined
[10:05:43.726] "remote.SSH.useCurlAndWgetConfigurationFiles: false
[10:05:43.778] SSH Resolver called for host: 10.10.203.9
[10:05:43.778] Setting up SSH remote "10.10.203.9"
[10:05:43.794] Acquiring local install lock: /tmp/vscode-remote-ssh-747cf1c3-install.lock
[10:05:43.798] Looking for existing server data file at /home/hhouse/.config/Code/User/globalStorage/ms-vscode-remote.remote-ssh/vscode-ssh-host-747cf1c3-e8653663e8840adaf45af01eab5c627a5af81807-0.115.0-es/data.json
[10:05:43.799] No existing data file
[10:05:43.801] Using commit id "e8653663e8840adaf45af01eab5c627a5af81807" and quality "stable" for server
[10:05:43.819] Script variables:
 {
  "InstallExitCode.24": "AlreadyInProgress",
  "InstallExitCode.25": "ServerDownloadFailed",
  "InstallExitCode.26": "NoDownloaderAvailable",
  "InstallExitCode.27": "UnsupportedArch",
  "InstallExitCode.28": "StatusCheckFailed",
  "InstallExitCode.29": "NeedInsidersArch",
  "InstallExitCode.30": "NoDownloaderAvailableForStatusCheck",
  "InstallExitCode.31": "ServerTransferFailed",
  "InstallExitCode.32": "ServerFailedToStart",
  "InstallExitCode.33": "NeedInsidersWindows",
  "InstallExitCode.34": "CreateInstallDirFailed",
  "InstallExitCode.35": "UnsupportedPlatform",
  "InstallExitCode.36": "ServerTerminatedCVE20201416",
  "InstallExitCode.37": "UnpackFailed",
  "InstallExitCode.38": "ChangeDirFailed",
  "InstallExitCode.AlreadyInProgress": "24",
  "InstallExitCode.ServerDownloadFailed": "25",
  "InstallExitCode.NoDownloaderAvailable": "26",
  "InstallExitCode.NoDownloaderAvailableForStatusCheck": "30",
  "InstallExitCode.UnsupportedArch": "27",
  "InstallExitCode.StatusCheckFailed": "28",
  "InstallExitCode.NeedInsidersArch": "29",
  "InstallExitCode.ServerTransferFailed": "31",
  "InstallExitCode.ServerFailedToStart": "32",
  "InstallExitCode.NeedInsidersWindows": "33",
  "InstallExitCode.CreateInstallDirFailed": "34",
  "InstallExitCode.UnsupportedPlatform": "35",
  "InstallExitCode.ServerTerminatedCVE20201416": "36",
  "InstallExitCode.UnpackFailed": "37",
  "InstallExitCode.ChangeDirFailed": "38",
  "InstallUnpackCode.Success": "success",
  "InstallUnpackCode.Error": "error",
  "InstallUnpackCode.MissingFiles": "missingFiles",
  "uuid": "27969b2f60f1",
  "startMarker": "27969b2f60f1: running",
  "commitId": "e8653663e8840adaf45af01eab5c627a5af81807",
  "quality": "stable",
  "token": "1111111a-a1aa-1111-1a1a-a111aaaa1a11",
  "vscodeAgentFolder": "$HOME/.vscode-server",
  "allowClientDownload": "1",
  "forceClientDownload": "0",
  "cliNameInArchive": "code",
  "ignoreWgetConfigFlag": " --no-config ",
  "ignoreCurlConfigFlag": " --disable ",
  "wgetTriesSegment": "--tries=1",
  "listenArgs": "--on-host=127.0.0.1 --on-port",
  "getDownloadServerStartTrigger": "27969b2f60f1:trigger_server_download",
  "getDownloadServerEndTrigger": "27969b2f60f1:trigger_server_download_end",
  "getProgressDownloading": "27969b2f60f1%%1%%",
  "getProgressInstalling": "27969b2f60f1%%2%%"
}
[10:05:43.826] Install and start server if needed
[10:05:43.848] PATH: /usr/local/bin:/usr/bin:/bin:/usr/local/games:/usr/games
[10:05:43.849] Checking ssh with "ssh -V"
[10:05:43.887] > OpenSSH_9.2p1 Debian-2+deb12u3, OpenSSL 3.0.15 3 Sep 2024

[10:05:43.904] askpass server listening on /run/user/1000/vscode-ssh-askpass-a968266638c933222877a8d53c25824321597e5e.sock
[10:05:43.906] Spawning local server with {"serverId":1,"ipcHandlePath":"/run/user/1000/vscode-ssh-askpass-205676c225cacd1ad9c7fa421a1e64e571fe4cda.sock","sshCommand":"ssh","sshArgs":["-v","-T","-D","43733","-o","ConnectTimeout=15","10.10.203.9"],"serverDataFolderName":".vscode-server","dataFilePath":"/home/hhouse/.config/Code/User/globalStorage/ms-vscode-remote.remote-ssh/vscode-ssh-host-747cf1c3-e8653663e8840adaf45af01eab5c627a5af81807-0.115.0-es/data.json"}
[10:05:43.909] Local server env: {"SSH_AUTH_SOCK":"/tmp/ssh-XXXXXX22eO3G/agent.876","SHELL":"/bin/bash","DISPLAY":":0","ELECTRON_RUN_AS_NODE":"1","SSH_ASKPASS":"/home/hhouse/.vscode/extensions/ms-vscode-remote.remote-ssh-0.115.0/out/local-server/askpass.sh","VSCODE_SSH_ASKPASS_NODE":"/usr/share/code/code","VSCODE_SSH_ASKPASS_EXTRA_ARGS":"","VSCODE_SSH_ASKPASS_MAIN":"/home/hhouse/.vscode/extensions/ms-vscode-remote.remote-ssh-0.115.0/out/askpass-main.js","VSCODE_SSH_ASKPASS_HANDLE":"/run/user/1000/vscode-ssh-askpass-a968266638c933222877a8d53c25824321597e5e.sock"}
[10:05:43.956] Spawned 5830
[10:05:43.957] Using connect timeout of 17 seconds
[10:05:44.413] > local-server-1> Running ssh connection command: ssh -v -T -D 43733 -o ConnectTimeout=15 10.10.203.9
[10:05:44.426] > local-server-1> Spawned ssh, pid=5839
[10:05:44.441] stderr> OpenSSH_9.2p1 Debian-2+deb12u3, OpenSSL 3.0.15 3 Sep 2024
[10:05:44.705] stderr> debug1: Server host key: ssh-ed25519 SHA256:Tkvky9fEEjFo+YqoSQYYdOa/uET6G87uxEkfDwK6MGg
[10:05:45.059] Got askpass request: {"request":" diit@10.10.203.9's password: "}
[10:05:45.062] Showing password prompt
[10:05:45.064] Listening for interwindow password on /run/user/1000/vscode-ssh-askpass-331eb028d1bffdd46578f8b49a0f4d10f450d3db.sock
[10:05:45.064] Writing password prompt to globalState
[10:05:50.614] Got password response
[10:05:50.619] Interactor gave response: ************
[10:05:50.620] Cleaning up other-window auth server
[10:05:50.635] Using connect timeout of 17 seconds
[10:05:50.808] stderr> Authenticated to 10.10.203.9 ([10.10.203.9]:22) using "password".
[10:05:50.928] > Linux inventario-electronica 6.1.0-18-amd64 #1 SMP PREEMPT_DYNAMIC Debian 6.1.76-1 (2024-02-01) x86_64
> 
> The programs included with the Debian GNU/Linux system are free software;
> the exact distribution terms for each program are described in the
> individual files in /usr/share/doc/*/copyright.
> 
> Debian GNU/Linux comes with ABSOLUTELY NO WARRANTY, to the extent
> permitted by applicable law.
[10:05:50.933] > ready: 27969b2f60f1
[10:05:50.938] > Linux 6.1.0-18-amd64 #1 SMP PREEMPT_DYNAMIC Debian 6.1.76-1 (2024-02-01)
[10:05:50.938] Platform: linux
[10:05:50.943] > /bin/bash
[10:05:50.943] Parent Shell: bash
[10:05:50.943] Parent Shell pid: 5830
[10:05:50.947] > 41640
[10:05:50.948] Waiting for pid of spawned 'sh' subshell: '41640'...
[10:05:50.952] > 27969b2f60f1: running
> Script executing under PID: 41640
[10:05:50.971] > Found existing installation at /home/diit/.vscode-server...
> Starting VS Code CLI...
> printenv:
[10:05:50.975] >     LANGUAGE=en_US:en
>     USER=diit
>     SSH_CLIENT=10.9.209.19 57598 22
>     XDG_SESSION_TYPE=tty
>     SHLVL=1
>     MOTD_SHOWN=pam
>     HOME=/home/diit
>     DBUS_SESSION_BUS_ADDRESS=unix:path=/run/user/1001/bus
>     LOGNAME=diit
>     _=/usr/bin/sh
>     XDG_SESSION_CLASS=user
>     XDG_SESSION_ID=1378
>     PATH=/usr/local/bin:/usr/bin:/bin:/usr/local/games:/usr/games:/snap/bin
>     XDG_RUNTIME_DIR=/run/user/1001
>     LANG=en_US.UTF-8
>     SHELL=/bin/bash
>     PWD=/home/diit
>     SSH_CONNECTION=10.9.209.19 57598 10.10.203.9 22
>     XDG_DATA_DIRS=/usr/local/share:/usr/share:/var/lib/snapd/desktop
[10:05:50.978] > Removing old logfile at /home/diit/.vscode-server/.cli.e8653663e8840adaf45af01eab5c627a5af81807.log
[10:05:50.981] > Spawned remote CLI: 41658
[10:05:50.993] > Waiting for server log...
[10:05:51.031] > Waiting for server log...
[10:05:51.072] > Waiting for server log...
[10:05:51.117] > 27969b2f60f1: start
> listeningOn==127.0.0.1:42795==
> osReleaseId==debian==
> arch==x86_64==
> vscodeArch==x64==
> bitness==64==
> tmpDir==/run/user/1001==
> platform==linux==
> unpackResult====
> didLocalDownload==0==
> downloadTime====
> installTime====
> serverStartTime==138==
> execServerToken==1111111a-a1aa-1111-1a1a-a111aaaa1a11==
> platformDownloadPath==cli-alpine-x64==
> 27969b2f60f1: end
[10:05:51.117] Received install output: 
listeningOn==127.0.0.1:42795==
osReleaseId==debian==
arch==x86_64==
vscodeArch==x64==
bitness==64==
tmpDir==/run/user/1001==
platform==linux==
unpackResult====
didLocalDownload==0==
downloadTime====
installTime====
serverStartTime==138==
execServerToken==1111111a-a1aa-1111-1a1a-a111aaaa1a11==
platformDownloadPath==cli-alpine-x64==

[10:05:51.120] Remote server is listening on port 42795
[10:05:51.121] Parsed server configuration: {"serverConfiguration":{"remoteListeningOn":{"port":42795},"osReleaseId":"debian","arch":"x86_64","tmpDir":"/run/user/1001","platform":"linux","execServerToken":"1111111a-a1aa-1111-1a1a-a111aaaa1a11"},"serverStartTime":138,"installUnpackCode":""}
[10:05:51.124] Persisting server connection details to /home/hhouse/.config/Code/User/globalStorage/ms-vscode-remote.remote-ssh/vscode-ssh-host-747cf1c3-e8653663e8840adaf45af01eab5c627a5af81807-0.115.0-es/data.json
[10:05:51.140] Starting forwarding server. local port 43333 -> socksPort 43733 -> remotePort 42795
[10:05:51.140] Forwarding server listening on port 43333
[10:05:51.142] Waiting for ssh tunnel to be ready
[10:05:51.154] [Forwarding server port 43333] Got connection 0
[10:05:51.158] Tunneled port 42795 to local port 43333
[10:05:51.159] Resolved "ssh-remote+10.10.203.9" to "port 43333"
[10:05:51.210] Initizing new exec server for ssh-remote+10.10.203.9
[10:05:51.210] Resolving exec server at port 43333
[10:05:51.214] [Forwarding server port 43333] Got connection 1
[10:05:51.366] Exec server for ssh-remote+10.10.203.9 created and cached
[10:05:51.390] ------




[10:05:51.445] [server] Checking /home/diit/.vscode-server/cli/servers/Stable-e8653663e8840adaf45af01eab5c627a5af81807/log.txt and /home/diit/.vscode-server/cli/servers/Stable-e8653663e8840adaf45af01eab5c627a5af81807/pid.txt for a running server...
[10:05:51.447] [server] Found running server (pid=41607)
