2024-11-13 18:49:51.236 [info] [main] Log level: Info
2024-11-13 18:49:51.236 [info] [main] Validating found git in: "git"
2024-11-13 18:49:51.236 [info] [main] Using git "2.39.5" from "git"
2024-11-13 18:49:51.236 [info] [Model][doInitialScan] Initial repository scan started
2024-11-13 18:49:51.236 [info] > git rev-parse --show-toplevel [49ms]
2024-11-13 18:49:51.253 [info] > git rev-parse --git-dir --git-common-dir [4ms]
2024-11-13 18:49:51.302 [info] [Model][openRepository] Opened repository: /home/hhouse/workspace/web_unlam/lab_front
2024-11-13 18:49:51.337 [info] > git config --get commit.template [14ms]
2024-11-13 18:49:51.351 [info] > git rev-parse --show-toplevel [19ms]
2024-11-13 18:49:51.374 [info] > git rev-parse --show-toplevel [9ms]
2024-11-13 18:49:51.380 [info] [Model][doInitialScan] Initial repository scan completed - repositories (1), closed repositories (0), parent repositories (0), unsafe repositories (0)
2024-11-13 18:49:51.414 [info] > git for-each-ref --format=%(refname)%00%(upstream:short)%00%(objectname)%00%(upstream:track)%00%(upstream:remotename)%00%(upstream:remoteref) refs/heads/main refs/remotes/main [68ms]
2024-11-13 18:49:51.651 [info] > git status -z -uall [215ms]
2024-11-13 18:49:51.652 [info] > git for-each-ref --sort -committerdate --format %(refname) %(objectname) %(*objectname) [201ms]
2024-11-13 18:49:51.743 [info] > git for-each-ref --format=%(refname)%00%(upstream:short)%00%(objectname)%00%(upstream:track)%00%(upstream:remotename)%00%(upstream:remoteref) refs/heads/main refs/remotes/main [35ms]
2024-11-13 18:49:52.030 [info] > git config --local branch.main.vscode-merge-base [252ms]
2024-11-13 18:49:52.041 [info] > git config --get commit.template [298ms]
2024-11-13 18:49:52.210 [info] > git for-each-ref --format=%(refname)%00%(upstream:short)%00%(objectname)%00%(upstream:track)%00%(upstream:remotename)%00%(upstream:remoteref) refs/heads/origin/main refs/remotes/origin/main [170ms]
2024-11-13 18:49:52.374 [info] > git merge-base refs/heads/main refs/remotes/origin/main [138ms]
2024-11-13 18:49:52.413 [info] > git for-each-ref --format=%(refname)%00%(upstream:short)%00%(objectname)%00%(upstream:track)%00%(upstream:remotename)%00%(upstream:remoteref) refs/heads/main refs/remotes/main [42ms]
2024-11-13 18:49:52.419 [info] > git diff --name-status -z --diff-filter=ADMR d0b95825eac1890ed84b2809cc5575efceb19008...refs/remotes/origin/main [20ms]
2024-11-13 18:49:52.444 [info] > git status -z -uall [14ms]
2024-11-13 18:49:52.453 [info] > git for-each-ref --sort -committerdate --format %(refname) %(objectname) %(*objectname) [11ms]
2024-11-13 18:49:52.587 [info] > git check-ignore -v -z --stdin [14ms]
2024-11-13 18:53:20.089 [info] > git show --textconv :package.json [30ms]
2024-11-13 18:53:20.128 [info] > git ls-files --stage -- /home/hhouse/workspace/web_unlam/lab_front/package.json [40ms]
2024-11-13 18:53:20.195 [info] > git cat-file -s 2bb3b8ab909b2670a934e49dfb8caa270665b6ee [46ms]
2024-11-13 18:54:20.005 [info] > git show --textconv :.env [10ms]
2024-11-13 18:54:20.010 [info] > git ls-files --stage -- /home/hhouse/workspace/web_unlam/lab_front/.env [6ms]
2024-11-13 18:54:20.026 [info] > git cat-file -s 7b3b1e455c920f11ca3b47a63fb03c799698b964 [6ms]
2024-11-13 18:54:34.757 [info] > git check-ignore -v -z --stdin [4ms]
2024-11-13 18:54:58.276 [info] > git show --textconv :src/App.css [25ms]
2024-11-13 18:54:58.288 [info] > git ls-files --stage -- /home/hhouse/workspace/web_unlam/lab_front/src/App.css [11ms]
2024-11-13 18:54:58.323 [info] > git cat-file -s e69de29bb2d1d6434b8b29ae775ad8c2e48c5391 [9ms]
2024-11-13 18:55:03.905 [info] > git show --textconv :src/components/ReservaProyector.js [46ms]
2024-11-13 18:55:03.944 [info] > git ls-files --stage -- /home/hhouse/workspace/web_unlam/lab_front/src/components/ReservaProyector.js [61ms]
2024-11-13 18:55:04.018 [info] > git cat-file -s 72978442d2e3718b6c9a84b0db981244bb3255ea [46ms]
2024-11-13 18:55:07.576 [info] > git ls-files --stage -- /home/hhouse/workspace/web_unlam/lab_front/src/App.js [4ms]
2024-11-13 18:55:07.599 [info] > git cat-file -s cb860e0ee5da0c9220831dbbe741a2a8b72a9b13 [8ms]
2024-11-13 18:55:07.601 [info] > git show --textconv :src/App.js [54ms]
2024-11-13 18:55:31.201 [info] > git check-ignore -v -z --stdin [3ms]
2024-11-13 18:55:35.653 [info] > git show --textconv :public/index.html [17ms]
2024-11-13 18:55:35.668 [info] > git ls-files --stage -- /home/hhouse/workspace/web_unlam/lab_front/public/index.html [15ms]
2024-11-13 18:55:35.690 [info] > git cat-file -s e82a2b84220c621ee3e65f9307e047979c14070f [14ms]
2024-11-13 18:56:07.926 [info] > git show --textconv :src/logo_unlam.svg [15ms]
2024-11-13 18:56:07.929 [info] > git ls-files --stage -- /home/hhouse/workspace/web_unlam/lab_front/src/logo_unlam.svg [7ms]
2024-11-13 18:56:07.941 [info] > git cat-file -s 3899ad5ef9d35dd62036d68a0836cf3709825d77 [2ms]
2024-11-13 18:56:12.813 [info] > git show --textconv :src/App.js [13ms]
2024-11-13 18:56:12.815 [info] > git ls-files --stage -- /home/hhouse/workspace/web_unlam/lab_front/src/App.js [3ms]
2024-11-13 18:56:12.832 [info] > git cat-file -s cb860e0ee5da0c9220831dbbe741a2a8b72a9b13 [7ms]
2024-11-13 18:58:27.682 [info] > git show --textconv :src/components/Login.js [38ms]
2024-11-13 18:58:27.824 [info] > git ls-files --stage -- /home/hhouse/workspace/web_unlam/lab_front/src/components/Login.js [144ms]
2024-11-13 18:58:27.879 [info] > git cat-file -s 46b13a55f8125bf2d1d407ecb550b6a22d4afbc9 [15ms]
2024-11-13 19:04:32.486 [info] > git config --get commit.template [75ms]
2024-11-13 19:04:32.536 [info] > git for-each-ref --format=%(refname)%00%(upstream:short)%00%(objectname)%00%(upstream:track)%00%(upstream:remotename)%00%(upstream:remoteref) refs/heads/main refs/remotes/main [54ms]
2024-11-13 19:04:32.676 [info] > git status -z -uall [79ms]
2024-11-13 19:04:32.758 [info] > git for-each-ref --sort -committerdate --format %(refname) %(objectname) %(*objectname) [83ms]
2024-11-13 19:04:49.427 [info] > git config --get commit.template [13ms]
2024-11-13 19:04:49.432 [info] > git for-each-ref --format=%(refname)%00%(upstream:short)%00%(objectname)%00%(upstream:track)%00%(upstream:remotename)%00%(upstream:remoteref) refs/heads/main refs/remotes/main [7ms]
2024-11-13 19:04:49.460 [info] > git status -z -uall [13ms]
2024-11-13 19:04:49.464 [info] > git for-each-ref --sort -committerdate --format %(refname) %(objectname) %(*objectname) [5ms]
