[09:44:23.169] Log Level: 2
[09:44:23.303] SSH Resolver called for "ssh-remote+10.10.203.9", attempt 1
[09:44:23.307] "remote.SSH.useLocalServer": true
[09:44:23.308] "remote.SSH.useExecServer": true
[09:44:23.342] "remote.SSH.path": undefined
[09:44:23.343] "remote.SSH.configFile": undefined
[09:44:23.343] "remote.SSH.useFlock": true
[09:44:23.343] "remote.SSH.lockfilesInTmp": false
[09:44:23.344] "remote.SSH.localServerDownload": auto
[09:44:23.350] "remote.SSH.remoteServerListenOnSocket": false
[09:44:23.350] "remote.SSH.showLoginTerminal": false
[09:44:23.351] "remote.SSH.defaultExtensions": []
[09:44:23.351] "remote.SSH.loglevel": 2
[09:44:23.352] "remote.SSH.enableDynamicForwarding": true
[09:44:23.352] "remote.SSH.enableRemoteCommand": false
[09:44:23.353] "remote.SSH.serverPickPortsFromRange": {}
[09:44:23.353] "remote.SSH.serverInstallPath": {}
[09:44:23.354] "remote.SSH.permitPtyAllocation": false
[09:44:23.355] "remote.SSH.preferredLocalPortRange: undefined
[09:44:23.356] "remote.SSH.useCurlAndWgetConfigurationFiles: false
[09:44:23.419] VS Code version: 1.95.2
[09:44:23.419] Remote-SSH version: remote-ssh@0.115.0
[09:44:23.419] linux x64
[09:44:23.427] SSH Resolver called for host: 10.10.203.9
[09:44:23.427] Setting up SSH remote "10.10.203.9"
[09:44:23.471] Acquiring local install lock: /tmp/vscode-remote-ssh-747cf1c3-install.lock
[09:44:23.480] Looking for existing server data file at /home/hhouse/.config/Code/User/globalStorage/ms-vscode-remote.remote-ssh/vscode-ssh-host-747cf1c3-e8653663e8840adaf45af01eab5c627a5af81807-0.115.0-es/data.json
[09:44:23.487] No existing data file
[09:44:23.489] Using commit id "e8653663e8840adaf45af01eab5c627a5af81807" and quality "stable" for server
[09:44:23.499] Script variables:
 {
  "InstallExitCode.24": "AlreadyInProgress",
  "InstallExitCode.25": "ServerDownloadFailed",
  "InstallExitCode.26": "NoDownloaderAvailable",
  "InstallExitCode.27": "UnsupportedArch",
  "InstallExitCode.28": "StatusCheckFailed",
  "InstallExitCode.29": "NeedInsidersArch",
  "InstallExitCode.30": "NoDownloaderAvailableForStatusCheck",
  "InstallExitCode.31": "ServerTransferFailed",
  "InstallExitCode.32": "ServerFailedToStart",
  "InstallExitCode.33": "NeedInsidersWindows",
  "InstallExitCode.34": "CreateInstallDirFailed",
  "InstallExitCode.35": "UnsupportedPlatform",
  "InstallExitCode.36": "ServerTerminatedCVE20201416",
  "InstallExitCode.37": "UnpackFailed",
  "InstallExitCode.38": "ChangeDirFailed",
  "InstallExitCode.AlreadyInProgress": "24",
  "InstallExitCode.ServerDownloadFailed": "25",
  "InstallExitCode.NoDownloaderAvailable": "26",
  "InstallExitCode.NoDownloaderAvailableForStatusCheck": "30",
  "InstallExitCode.UnsupportedArch": "27",
  "InstallExitCode.StatusCheckFailed": "28",
  "InstallExitCode.NeedInsidersArch": "29",
  "InstallExitCode.ServerTransferFailed": "31",
  "InstallExitCode.ServerFailedToStart": "32",
  "InstallExitCode.NeedInsidersWindows": "33",
  "InstallExitCode.CreateInstallDirFailed": "34",
  "InstallExitCode.UnsupportedPlatform": "35",
  "InstallExitCode.ServerTerminatedCVE20201416": "36",
  "InstallExitCode.UnpackFailed": "37",
  "InstallExitCode.ChangeDirFailed": "38",
  "InstallUnpackCode.Success": "success",
  "InstallUnpackCode.Error": "error",
  "InstallUnpackCode.MissingFiles": "missingFiles",
  "uuid": "407b6f249487",
  "startMarker": "407b6f249487: running",
  "commitId": "e8653663e8840adaf45af01eab5c627a5af81807",
  "quality": "stable",
  "token": "aa1111a1-11a1-1111-aa1a-11aa1111111a",
  "vscodeAgentFolder": "$HOME/.vscode-server",
  "allowClientDownload": "1",
  "forceClientDownload": "0",
  "cliNameInArchive": "code",
  "ignoreWgetConfigFlag": " --no-config ",
  "ignoreCurlConfigFlag": " --disable ",
  "wgetTriesSegment": "--tries=1",
  "listenArgs": "--on-host=127.0.0.1 --on-port",
  "getDownloadServerStartTrigger": "407b6f249487:trigger_server_download",
  "getDownloadServerEndTrigger": "407b6f249487:trigger_server_download_end",
  "getProgressDownloading": "407b6f249487%%1%%",
  "getProgressInstalling": "407b6f249487%%2%%"
}
[09:44:23.509] Install and start server if needed
[09:44:23.530] PATH: /usr/local/bin:/usr/bin:/bin:/usr/local/games:/usr/games
[09:44:23.532] Checking ssh with "ssh -V"
[09:44:23.572] > OpenSSH_9.2p1 Debian-2+deb12u3, OpenSSL 3.0.15 3 Sep 2024

[09:44:23.590] askpass server listening on /run/user/1000/vscode-ssh-askpass-d43d2e6103605a12350a42ad0f1eaaa0a94c1ba0.sock
[09:44:23.591] Spawning local server with {"serverId":1,"ipcHandlePath":"/run/user/1000/vscode-ssh-askpass-0a93593a4ff867f805422707b2b2da46e5fe32fd.sock","sshCommand":"ssh","sshArgs":["-v","-T","-D","46873","-o","ConnectTimeout=15","10.10.203.9"],"serverDataFolderName":".vscode-server","dataFilePath":"/home/hhouse/.config/Code/User/globalStorage/ms-vscode-remote.remote-ssh/vscode-ssh-host-747cf1c3-e8653663e8840adaf45af01eab5c627a5af81807-0.115.0-es/data.json"}
[09:44:23.591] Local server env: {"SSH_AUTH_SOCK":"/tmp/ssh-XXXXXX22eO3G/agent.876","SHELL":"/bin/bash","DISPLAY":":0","ELECTRON_RUN_AS_NODE":"1","SSH_ASKPASS":"/home/hhouse/.vscode/extensions/ms-vscode-remote.remote-ssh-0.115.0/out/local-server/askpass.sh","VSCODE_SSH_ASKPASS_NODE":"/usr/share/code/code","VSCODE_SSH_ASKPASS_EXTRA_ARGS":"","VSCODE_SSH_ASKPASS_MAIN":"/home/hhouse/.vscode/extensions/ms-vscode-remote.remote-ssh-0.115.0/out/askpass-main.js","VSCODE_SSH_ASKPASS_HANDLE":"/run/user/1000/vscode-ssh-askpass-d43d2e6103605a12350a42ad0f1eaaa0a94c1ba0.sock"}
[09:44:23.624] Spawned 5171
[09:44:23.626] Using connect timeout of 17 seconds
[09:44:24.083] > local-server-1> Running ssh connection command: ssh -v -T -D 46873 -o ConnectTimeout=15 10.10.203.9
[09:44:24.093] > local-server-1> Spawned ssh, pid=5181
[09:44:24.111] stderr> OpenSSH_9.2p1 Debian-2+deb12u3, OpenSSL 3.0.15 3 Sep 2024
[09:44:24.397] stderr> debug1: Server host key: ssh-ed25519 SHA256:Tkvky9fEEjFo+YqoSQYYdOa/uET6G87uxEkfDwK6MGg
[09:44:24.709] Got askpass request: {"request":" diit@10.10.203.9's password: "}
[09:44:24.714] Showing password prompt
[09:44:24.718] Listening for interwindow password on /run/user/1000/vscode-ssh-askpass-331d5c0fe9026978e853f8fcc3ae850894816adf.sock
[09:44:24.718] Writing password prompt to globalState
[09:44:34.429] Got password response
[09:44:34.429] Interactor gave response: ************
[09:44:34.430] Cleaning up other-window auth server
[09:44:34.444] Using connect timeout of 17 seconds
[09:44:34.616] stderr> Authenticated to 10.10.203.9 ([10.10.203.9]:22) using "password".
[09:44:34.716] > Linux inventario-electronica 6.1.0-18-amd64 #1 SMP PREEMPT_DYNAMIC Debian 6.1.76-1 (2024-02-01) x86_64
> 
> The programs included with the Debian GNU/Linux system are free software;
> the exact distribution terms for each program are described in the
> individual files in /usr/share/doc/*/copyright.
> 
> Debian GNU/Linux comes with ABSOLUTELY NO WARRANTY, to the extent
> permitted by applicable law.
[09:44:34.725] > ready: 407b6f249487
[09:44:34.729] > Linux 6.1.0-18-amd64 #1 SMP PREEMPT_DYNAMIC Debian 6.1.76-1 (2024-02-01)
[09:44:34.730] Platform: linux
[09:44:34.732] > /bin/bash
[09:44:34.733] Parent Shell: bash
[09:44:34.733] Parent Shell pid: 5171
[09:44:34.737] > 40464
[09:44:34.737] Waiting for pid of spawned 'sh' subshell: '40464'...
[09:44:34.743] > 407b6f249487: running
> Script executing under PID: 40464
[09:44:34.814] > Installing to /home/diit/.vscode-server...
[09:44:34.818] > 407b6f249487%%1%%
[09:44:34.819] > Downloading with wget
[09:44:34.820] > wget is from busybox: no
[09:44:34.880] stderr> Program 'wget' appears to support flag '--no-config'
[09:44:35.860] > Download complete
[09:44:35.866] > 407b6f249487%%2%%
[09:44:35.871] > tar --version: tar (GNU tar) 1.34
> Copyright (C) 2021 Free Software Foundation, Inc.
> License GPLv3+: GNU GPL version 3 or later <https://gnu.org/licenses/gpl.html>.
> This is free software: you are free to change and redistribute it.
> There is NO WARRANTY, to the extent permitted by law.
> 
> Written by John Gilmore and Jay Fenlason.
[09:44:36.283] > code 1.95.2 (commit e8653663e8840adaf45af01eab5c627a5af81807)
[09:44:36.287] > Starting VS Code CLI...
> printenv:
[09:44:36.297] >     LANGUAGE=en_US:en
>     USER=diit
>     SSH_CLIENT=10.9.209.19 33546 22
>     XDG_SESSION_TYPE=tty
>     SHLVL=1
>     MOTD_SHOWN=pam
>     HOME=/home/diit
>     OLDPWD=/home/diit/.vscode-server
>     DBUS_SESSION_BUS_ADDRESS=unix:path=/run/user/1001/bus
>     LOGNAME=diit
>     _=/usr/bin/sh
>     XDG_SESSION_CLASS=user
>     XDG_SESSION_ID=1373
>     PATH=/usr/local/bin:/usr/bin:/bin:/usr/local/games:/usr/games:/snap/bin
>     XDG_RUNTIME_DIR=/run/user/1001
>     LANG=en_US.UTF-8
>     SHELL=/bin/bash
>     PWD=/home/diit
>     SSH_CONNECTION=10.9.209.19 33546 10.10.203.9 22
>     XDG_DATA_DIRS=/usr/local/share:/usr/share:/var/lib/snapd/desktop
[09:44:36.300] > Spawned remote CLI: 40506
[09:44:36.308] > Waiting for server log...
[09:44:36.359] > Waiting for server log...
[09:44:36.398] > Waiting for server log...
[09:44:36.436] > Waiting for server log...
[09:44:36.478] > 407b6f249487: start
> listeningOn==127.0.0.1:33005==
> osReleaseId==debian==
> arch==x86_64==
> vscodeArch==x64==
> bitness==64==
> tmpDir==/run/user/1001==
> platform==linux==
> unpackResult==success==
> didLocalDownload==0==
> downloadTime==1045==
> installTime==391==
> serverStartTime==179==
> execServerToken==aa1111a1-11a1-1111-aa1a-11aa1111111a==
> platformDownloadPath==cli-alpine-x64==
> 407b6f249487: end
[09:44:36.479] Received install output: 
listeningOn==127.0.0.1:33005==
osReleaseId==debian==
arch==x86_64==
vscodeArch==x64==
bitness==64==
tmpDir==/run/user/1001==
platform==linux==
unpackResult==success==
didLocalDownload==0==
downloadTime==1045==
installTime==391==
serverStartTime==179==
execServerToken==aa1111a1-11a1-1111-aa1a-11aa1111111a==
platformDownloadPath==cli-alpine-x64==

[09:44:36.481] Remote server is listening on port 33005
[09:44:36.482] Parsed server configuration: {"serverConfiguration":{"remoteListeningOn":{"port":33005},"osReleaseId":"debian","arch":"x86_64","tmpDir":"/run/user/1001","platform":"linux","execServerToken":"aa1111a1-11a1-1111-aa1a-11aa1111111a"},"downloadTime":1045,"installTime":391,"serverStartTime":179,"installUnpackCode":"success"}
[09:44:36.487] Persisting server connection details to /home/hhouse/.config/Code/User/globalStorage/ms-vscode-remote.remote-ssh/vscode-ssh-host-747cf1c3-e8653663e8840adaf45af01eab5c627a5af81807-0.115.0-es/data.json
[09:44:36.497] Starting forwarding server. local port 39133 -> socksPort 46873 -> remotePort 33005
[09:44:36.498] Forwarding server listening on port 39133
[09:44:36.499] Waiting for ssh tunnel to be ready
[09:44:36.504] [Forwarding server port 39133] Got connection 0
[09:44:36.509] Tunneled port 33005 to local port 39133
[09:44:36.510] Resolved "ssh-remote+10.10.203.9" to "port 39133"
[09:44:36.557] Initizing new exec server for ssh-remote+10.10.203.9
[09:44:36.558] Resolving exec server at port 39133
[09:44:36.560] [Forwarding server port 39133] Got connection 1
[09:44:36.707] Exec server for ssh-remote+10.10.203.9 created and cached
[09:44:36.743] ------




[09:44:36.807] [server] Checking /home/diit/.vscode-server/cli/servers/Stable-e8653663e8840adaf45af01eab5c627a5af81807/log.txt and /home/diit/.vscode-server/cli/servers/Stable-e8653663e8840adaf45af01eab5c627a5af81807/pid.txt for a running server...
[09:44:36.894] [server] Installing and setting up Visual Studio Code Server...
[09:44:37.144] [server] Downloading Visual Studio Code server -> /tmp/.tmpnGvtil/vscode-server-linux-x64.tar.gz
[09:44:37.147] [server] server download progress: 0/59668967 (0%)
[09:44:37.239] [server] server download progress: 2100864/59668967 (4%)
[09:44:37.323] [server] server download progress: 4202432/59668967 (7%)
[09:44:37.406] [server] server download progress: 6301332/59668967 (11%)
[09:44:37.480] [server] server download progress: 8399768/59668967 (14%)
[09:44:37.561] [server] server download progress: 10500800/59668967 (18%)
[09:44:37.646] [server] server download progress: 12601728/59668967 (21%)
[09:44:37.729] [server] server download progress: 14700160/59668967 (25%)
[09:44:37.817] [server] server download progress: 16798555/59668967 (28%)
[09:44:37.923] [server] server download progress: 18902016/59668967 (32%)
[09:44:38.007] [server] server download progress: 20999744/59668967 (35%)
[09:44:38.092] [server] server download progress: 23101440/59668967 (39%)
[09:44:38.178] [server] server download progress: 25199744/59668967 (42%)
[09:44:38.264] [server] server download progress: 27303808/59668967 (46%)
[09:44:38.355] [server] server download progress: 29407936/59668967 (49%)
[09:44:38.436] [server] server download progress: 31506368/59668967 (53%)
[09:44:38.522] [server] server download progress: 33609792/59668967 (56%)
[09:44:38.603] [server] server download progress: 35708928/59668967 (60%)
[09:44:38.687] [server] server download progress: 37812288/59668967 (63%)
[09:44:38.772] [server] server download progress: 39910720/59668967 (67%)
[09:44:38.859] [server] server download progress: 42012224/59668967 (70%)
[09:44:38.932] [server] server download progress: 44109504/59668967 (74%)
[09:44:39.017] [server] server download progress: 46210610/59668967 (77%)
[09:44:39.101] [server] server download progress: 48312512/59668967 (81%)
[09:44:39.183] [server] server download progress: 50413504/59668967 (84%)
[09:44:39.256] [server] server download progress: 52512512/59668967 (88%)
[09:44:39.343] [server] server download progress: 54610944/59668967 (92%)
[09:44:39.425] [server] server download progress: 56712448/59668967 (95%)
[09:44:39.507] [server] server download progress: 58817792/59668967 (99%)
[09:44:39.528] [server] server download progress: 59668967/59668967 (100%)
[09:44:41.418] [server] server inflate progress: 89/1773 (5%)
[09:44:41.461] [server] server inflate progress: 179/1773 (10%)
[09:44:41.491] [server] server inflate progress: 269/1773 (15%)
[09:44:41.533] [server] server inflate progress: 359/1773 (20%)
[09:44:41.584] [server] server inflate progress: 449/1773 (25%)
[09:44:41.681] [server] server inflate progress: 539/1773 (30%)
[09:44:41.709] [server] server inflate progress: 629/1773 (35%)
[09:44:41.746] [server] server inflate progress: 719/1773 (41%)
[09:44:41.756] [server] server inflate progress: 809/1773 (46%)
[09:44:41.769] [server] server inflate progress: 899/1773 (51%)
[09:44:41.782] [server] server inflate progress: 989/1773 (56%)
[09:44:41.789] [server] server inflate progress: 1079/1773 (61%)
[09:44:41.800] [server] server inflate progress: 1169/1773 (66%)
[09:44:41.825] [server] server inflate progress: 1259/1773 (71%)
[09:44:41.845] [server] server inflate progress: 1349/1773 (76%)
[09:44:41.853] [server] server inflate progress: 1439/1773 (81%)
[09:44:41.879] [server] server inflate progress: 1529/1773 (86%)
[09:44:42.138] [server] server inflate progress: 1619/1773 (91%)
[09:44:42.168] [server] server inflate progress: 1709/1773 (96%)
[09:44:42.208] [server] server inflate progress: 1773/1773 (100%)
[09:44:42.534] [server] Server integrity verified, version: 1.95.2 / e8653663e8840adaf45af01eab5c627a5af81807 / x64 / 
[09:44:42.554] [server] Server setup complete
[09:44:42.556] [server] Starting server...
[09:44:42.556] [server] Starting server with command... Command { std: "/home/diit/.vscode-server/cli/servers/Stable-e8653663e8840adaf45af01eab5c627a5af81807/server/bin/code-server" "--connection-token=remotessh" "--accept-server-license-terms" "--start-server" "--enable-remote-auto-shutdown" "--socket-path=/tmp/code-88dd52c5-4693-4918-8fda-839698f5f787", kill_on_drop: false }
[09:44:42.708] [server] *
[09:44:42.710] [server] * Visual Studio Code Server
[09:44:42.710] [server] *
[09:44:42.710] [server] * By using the software, you agree to
[09:44:42.711] [server] * the Visual Studio Code Server License Terms (https://aka.ms/vscode-server-license) and
[09:44:42.711] [server] * the Microsoft Privacy Statement (https://privacy.microsoft.com/en-US/privacystatement).
[09:44:42.711] [server] *
[09:44:42.715] [server] Server bound to /tmp/code-88dd52c5-4693-4918-8fda-839698f5f787
[09:44:42.716] [server] Extension host agent listening on /tmp/code-88dd52c5-4693-4918-8fda-839698f5f787
[09:44:42.716] [server] parsed location: "/tmp/code-88dd52c5-4693-4918-8fda-839698f5f787"
[09:44:42.717] [server] 
[09:44:42.718] [server] Server started
[09:44:42.817] [server] [09:43:01] 
[09:44:42.818] [server] 
[09:44:42.818] [server] 
[09:44:42.818] [server] 
[09:44:42.818] [server] 
[09:44:42.916] [server] [09:43:02] Extension host agent started.
[09:44:42.985] [server] [09:43:02] Started initializing default profile extensions in extensions installation folder. file:///home/diit/.vscode-server/extensions
[09:44:43.010] [server] [09:43:02] Completed initializing default profile extensions in extensions installation folder. file:///home/diit/.vscode-server/extensions
[09:44:43.021] [server] [09:43:02] [<unknown>][143d157f][ExtensionHostConnection] New connection established.
[09:44:43.065] [server] [09:43:02] [<unknown>][9cf8db13][ManagementConnection] New connection established.
[09:44:43.115] [server] [09:43:02] [<unknown>][143d157f][ExtensionHostConnection] <40585> Launched Extension Host Process.
[09:44:49.472] [server] [09:43:08] [<unknown>][9cf8db13][ManagementConnection] The client has disconnected gracefully, so the connection will be disposed.
