2024-11-09T04:56:04.116Z P:1457 T:1457] SyncServiceImpl::ResetEngine,Reset engine with reason: 8
2024-11-09T04:56:04.116Z P:1457 T:1457] ModelLoadManager::Stop,Stopped: Bookmarks
2024-11-09T04:56:04.116Z P:1457 T:1457] ModelLoadManager::Stop,Stopped: Preferences
2024-11-09T04:56:04.116Z P:1457 T:1457] ModelLoadManager::Stop,Stopped: Passwords
2024-11-09T04:56:04.116Z P:1457 T:1457] ModelLoadManager::Stop,Stopped: Autofill Profiles
2024-11-09T04:56:04.116Z P:1457 T:1457] ModelLoadManager::Stop,Stopped: Autofill
2024-11-09T04:56:04.116Z P:1457 T:1457] ModelLoadManager::Stop,Stopped: Typed URLs
2024-11-09T04:56:04.116Z P:1457 T:1457] ModelLoadManager::Stop,Stopped: Extensions
2024-11-09T04:56:04.116Z P:1457 T:1457] ModelLoadManager::Stop,Stopped: Sessions
2024-11-09T04:56:04.116Z P:1457 T:1457] ModelLoadManager::Stop,Stopped: Extension settings
2024-11-09T04:56:04.116Z P:1457 T:1457] ModelLoadManager::Stop,Stopped: History Delete Directives
2024-11-09T04:56:04.116Z P:1457 T:1457] ModelLoadManager::Stop,Stopped: Device Info
2024-11-09T04:56:04.116Z P:1457 T:1457] ModelLoadManager::Stop,Stopped: User Consents
2024-11-09T04:56:04.116Z P:1457 T:1457] ModelLoadManager::Stop,Stopped: Send Tab To Self
2024-11-09T04:56:04.116Z P:1457 T:1457] ModelLoadManager::Stop,Stopped: Web Apps
2024-11-09T04:56:04.116Z P:1457 T:1457] ModelLoadManager::Stop,Stopped: History
2024-11-09T04:56:04.116Z P:1457 T:1457] ModelLoadManager::Stop,Stopped: Collection
2024-11-09T04:56:04.116Z P:1457 T:1457] ModelLoadManager::Stop,Stopped: Edge E Drop
2024-11-09T04:56:04.116Z P:1457 T:1457] ModelLoadManager::Stop,Stopped: Edge Hub App Usage
2024-11-09T04:56:04.116Z P:1457 T:1457] ModelLoadManager::Stop,Stopped: Edge Tab Group
2024-11-09T04:56:04.116Z P:1457 T:1457] ModelLoadManager::Stop,Stopped: Edge Wallet
2024-11-09T04:56:04.116Z P:1457 T:1457] SyncServiceImpl::Initialize,SyncState after authenticated was: NotSignedIn
2024-11-09T04:56:04.295Z P:1457 T:1457] SyncServiceImpl::ResetEngine,Reset engine with reason: 8
2024-11-09T04:56:04.295Z P:1457 T:1457] ModelLoadManager::Stop,Stopped: Bookmarks
2024-11-09T04:56:04.295Z P:1457 T:1457] ModelLoadManager::Stop,Stopped: Preferences
2024-11-09T04:56:04.295Z P:1457 T:1457] ModelLoadManager::Stop,Stopped: Passwords
2024-11-09T04:56:04.295Z P:1457 T:1457] ModelLoadManager::Stop,Stopped: Autofill Profiles
2024-11-09T04:56:04.295Z P:1457 T:1457] ModelLoadManager::Stop,Stopped: Autofill
2024-11-09T04:56:04.295Z P:1457 T:1457] ModelLoadManager::Stop,Stopped: Typed URLs
2024-11-09T04:56:04.295Z P:1457 T:1457] ModelLoadManager::Stop,Stopped: Extensions
2024-11-09T04:56:04.295Z P:1457 T:1457] ModelLoadManager::Stop,Stopped: Sessions
2024-11-09T04:56:04.295Z P:1457 T:1457] ModelLoadManager::Stop,Stopped: Extension settings
2024-11-09T04:56:04.295Z P:1457 T:1457] ModelLoadManager::Stop,Stopped: History Delete Directives
2024-11-09T04:56:04.295Z P:1457 T:1457] ModelLoadManager::Stop,Stopped: Device Info
2024-11-09T04:56:04.295Z P:1457 T:1457] ModelLoadManager::Stop,Stopped: User Consents
2024-11-09T04:56:04.295Z P:1457 T:1457] ModelLoadManager::Stop,Stopped: Send Tab To Self
2024-11-09T04:56:04.296Z P:1457 T:1457] ModelLoadManager::Stop,Stopped: Web Apps
2024-11-09T04:56:04.296Z P:1457 T:1457] ModelLoadManager::Stop,Stopped: History
2024-11-09T04:56:04.296Z P:1457 T:1457] ModelLoadManager::Stop,Stopped: Collection
2024-11-09T04:56:04.296Z P:1457 T:1457] ModelLoadManager::Stop,Stopped: Edge E Drop
2024-11-09T04:56:04.296Z P:1457 T:1457] ModelLoadManager::Stop,Stopped: Edge Hub App Usage
2024-11-09T04:56:04.296Z P:1457 T:1457] ModelLoadManager::Stop,Stopped: Edge Tab Group
2024-11-09T04:56:04.296Z P:1457 T:1457] ModelLoadManager::Stop,Stopped: Edge Wallet
2024-11-09T04:56:40.031Z P:1457 T:1457] SyncServiceImpl::ResetEngine,Reset engine with reason: 0
2024-11-09T04:56:45.511Z P:1457 T:1457] SyncServiceImpl::ResetEngine,Reset engine with reason: 8
2024-11-09T04:56:45.511Z P:1457 T:1457] ModelLoadManager::Stop,Stopped: Bookmarks
2024-11-09T04:56:45.511Z P:1457 T:1457] ModelLoadManager::Stop,Stopped: Preferences
2024-11-09T04:56:45.511Z P:1457 T:1457] ModelLoadManager::Stop,Stopped: Passwords
2024-11-09T04:56:45.511Z P:1457 T:1457] ModelLoadManager::Stop,Stopped: Autofill Profiles
2024-11-09T04:56:45.511Z P:1457 T:1457] ModelLoadManager::Stop,Stopped: Autofill
2024-11-09T04:56:45.511Z P:1457 T:1457] ModelLoadManager::Stop,Stopped: Typed URLs
2024-11-09T04:56:45.511Z P:1457 T:1457] ModelLoadManager::Stop,Stopped: Extensions
2024-11-09T04:56:45.511Z P:1457 T:1457] ModelLoadManager::Stop,Stopped: Sessions
2024-11-09T04:56:45.511Z P:1457 T:1457] ModelLoadManager::Stop,Stopped: Extension settings
2024-11-09T04:56:45.511Z P:1457 T:1457] ModelLoadManager::Stop,Stopped: History Delete Directives
2024-11-09T04:56:45.511Z P:1457 T:1457] ModelLoadManager::Stop,Stopped: Device Info
2024-11-09T04:56:45.511Z P:1457 T:1457] ModelLoadManager::Stop,Stopped: User Consents
2024-11-09T04:56:45.511Z P:1457 T:1457] ModelLoadManager::Stop,Stopped: Send Tab To Self
2024-11-09T04:56:45.511Z P:1457 T:1457] ModelLoadManager::Stop,Stopped: Web Apps
2024-11-09T04:56:45.511Z P:1457 T:1457] ModelLoadManager::Stop,Stopped: History
2024-11-09T04:56:45.511Z P:1457 T:1457] ModelLoadManager::Stop,Stopped: Collection
2024-11-09T04:56:45.511Z P:1457 T:1457] ModelLoadManager::Stop,Stopped: Edge E Drop
2024-11-09T04:56:45.511Z P:1457 T:1457] ModelLoadManager::Stop,Stopped: Edge Hub App Usage
2024-11-09T04:56:45.511Z P:1457 T:1457] ModelLoadManager::Stop,Stopped: Edge Tab Group
2024-11-09T04:56:45.511Z P:1457 T:1457] ModelLoadManager::Stop,Stopped: Edge Wallet
2024-11-09T04:56:45.511Z P:1457 T:1457] SyncServiceImpl::Initialize,SyncState after authenticated was: NotSignedIn
2024-11-09T04:56:45.613Z P:1457 T:1457] SyncServiceImpl::ResetEngine,Reset engine with reason: 8
2024-11-09T04:56:45.613Z P:1457 T:1457] ModelLoadManager::Stop,Stopped: Bookmarks
2024-11-09T04:56:45.613Z P:1457 T:1457] ModelLoadManager::Stop,Stopped: Preferences
2024-11-09T04:56:45.613Z P:1457 T:1457] ModelLoadManager::Stop,Stopped: Passwords
2024-11-09T04:56:45.613Z P:1457 T:1457] ModelLoadManager::Stop,Stopped: Autofill Profiles
2024-11-09T04:56:45.613Z P:1457 T:1457] ModelLoadManager::Stop,Stopped: Autofill
2024-11-09T04:56:45.613Z P:1457 T:1457] ModelLoadManager::Stop,Stopped: Typed URLs
2024-11-09T04:56:45.613Z P:1457 T:1457] ModelLoadManager::Stop,Stopped: Extensions
2024-11-09T04:56:45.613Z P:1457 T:1457] ModelLoadManager::Stop,Stopped: Sessions
2024-11-09T04:56:45.613Z P:1457 T:1457] ModelLoadManager::Stop,Stopped: Extension settings
2024-11-09T04:56:45.613Z P:1457 T:1457] ModelLoadManager::Stop,Stopped: History Delete Directives
2024-11-09T04:56:45.613Z P:1457 T:1457] ModelLoadManager::Stop,Stopped: Device Info
2024-11-09T04:56:45.613Z P:1457 T:1457] ModelLoadManager::Stop,Stopped: User Consents
2024-11-09T04:56:45.613Z P:1457 T:1457] ModelLoadManager::Stop,Stopped: Send Tab To Self
2024-11-09T04:56:45.613Z P:1457 T:1457] ModelLoadManager::Stop,Stopped: Web Apps
2024-11-09T04:56:45.613Z P:1457 T:1457] ModelLoadManager::Stop,Stopped: History
2024-11-09T04:56:45.613Z P:1457 T:1457] ModelLoadManager::Stop,Stopped: Collection
2024-11-09T04:56:45.613Z P:1457 T:1457] ModelLoadManager::Stop,Stopped: Edge E Drop
2024-11-09T04:56:45.613Z P:1457 T:1457] ModelLoadManager::Stop,Stopped: Edge Hub App Usage
2024-11-09T04:56:45.613Z P:1457 T:1457] ModelLoadManager::Stop,Stopped: Edge Tab Group
2024-11-09T04:56:45.613Z P:1457 T:1457] ModelLoadManager::Stop,Stopped: Edge Wallet
2024-11-09T05:17:16.070Z P:1457 T:1457] SyncServiceImpl::ResetEngine,Reset engine with reason: 0
2024-11-09T14:23:49.487Z P:1366 T:1366] SyncServiceImpl::ResetEngine,Reset engine with reason: 8
2024-11-09T14:23:49.487Z P:1366 T:1366] ModelLoadManager::Stop,Stopped: Bookmarks
2024-11-09T14:23:49.487Z P:1366 T:1366] ModelLoadManager::Stop,Stopped: Preferences
2024-11-09T14:23:49.487Z P:1366 T:1366] ModelLoadManager::Stop,Stopped: Passwords
2024-11-09T14:23:49.487Z P:1366 T:1366] ModelLoadManager::Stop,Stopped: Autofill Profiles
2024-11-09T14:23:49.487Z P:1366 T:1366] ModelLoadManager::Stop,Stopped: Autofill
2024-11-09T14:23:49.487Z P:1366 T:1366] ModelLoadManager::Stop,Stopped: Typed URLs
2024-11-09T14:23:49.487Z P:1366 T:1366] ModelLoadManager::Stop,Stopped: Extensions
2024-11-09T14:23:49.487Z P:1366 T:1366] ModelLoadManager::Stop,Stopped: Sessions
2024-11-09T14:23:49.487Z P:1366 T:1366] ModelLoadManager::Stop,Stopped: Extension settings
2024-11-09T14:23:49.487Z P:1366 T:1366] ModelLoadManager::Stop,Stopped: History Delete Directives
2024-11-09T14:23:49.487Z P:1366 T:1366] ModelLoadManager::Stop,Stopped: Device Info
2024-11-09T14:23:49.487Z P:1366 T:1366] ModelLoadManager::Stop,Stopped: User Consents
2024-11-09T14:23:49.487Z P:1366 T:1366] ModelLoadManager::Stop,Stopped: Send Tab To Self
2024-11-09T14:23:49.487Z P:1366 T:1366] ModelLoadManager::Stop,Stopped: Web Apps
2024-11-09T14:23:49.487Z P:1366 T:1366] ModelLoadManager::Stop,Stopped: History
2024-11-09T14:23:49.487Z P:1366 T:1366] ModelLoadManager::Stop,Stopped: Collection
2024-11-09T14:23:49.487Z P:1366 T:1366] ModelLoadManager::Stop,Stopped: Edge E Drop
2024-11-09T14:23:49.487Z P:1366 T:1366] ModelLoadManager::Stop,Stopped: Edge Hub App Usage
2024-11-09T14:23:49.487Z P:1366 T:1366] ModelLoadManager::Stop,Stopped: Edge Tab Group
2024-11-09T14:23:49.487Z P:1366 T:1366] ModelLoadManager::Stop,Stopped: Edge Wallet
2024-11-09T14:23:49.497Z P:1366 T:1366] SyncServiceImpl::Initialize,SyncState after authenticated was: NotSignedIn
2024-11-09T14:23:51.408Z P:1366 T:1366] SyncServiceImpl::ResetEngine,Reset engine with reason: 8
2024-11-09T14:23:51.408Z P:1366 T:1366] ModelLoadManager::Stop,Stopped: Bookmarks
2024-11-09T14:23:51.408Z P:1366 T:1366] ModelLoadManager::Stop,Stopped: Preferences
2024-11-09T14:23:51.408Z P:1366 T:1366] ModelLoadManager::Stop,Stopped: Passwords
2024-11-09T14:23:51.408Z P:1366 T:1366] ModelLoadManager::Stop,Stopped: Autofill Profiles
2024-11-09T14:23:51.408Z P:1366 T:1366] ModelLoadManager::Stop,Stopped: Autofill
2024-11-09T14:23:51.409Z P:1366 T:1366] ModelLoadManager::Stop,Stopped: Typed URLs
2024-11-09T14:23:51.409Z P:1366 T:1366] ModelLoadManager::Stop,Stopped: Extensions
2024-11-09T14:23:51.409Z P:1366 T:1366] ModelLoadManager::Stop,Stopped: Sessions
2024-11-09T14:23:51.409Z P:1366 T:1366] ModelLoadManager::Stop,Stopped: Extension settings
2024-11-09T14:23:51.409Z P:1366 T:1366] ModelLoadManager::Stop,Stopped: History Delete Directives
2024-11-09T14:23:51.409Z P:1366 T:1366] ModelLoadManager::Stop,Stopped: Device Info
2024-11-09T14:23:51.409Z P:1366 T:1366] ModelLoadManager::Stop,Stopped: User Consents
2024-11-09T14:23:51.409Z P:1366 T:1366] ModelLoadManager::Stop,Stopped: Send Tab To Self
2024-11-09T14:23:51.409Z P:1366 T:1366] ModelLoadManager::Stop,Stopped: Web Apps
2024-11-09T14:23:51.409Z P:1366 T:1366] ModelLoadManager::Stop,Stopped: History
2024-11-09T14:23:51.409Z P:1366 T:1366] ModelLoadManager::Stop,Stopped: Collection
2024-11-09T14:23:51.409Z P:1366 T:1366] ModelLoadManager::Stop,Stopped: Edge E Drop
2024-11-09T14:23:51.409Z P:1366 T:1366] ModelLoadManager::Stop,Stopped: Edge Hub App Usage
2024-11-09T14:23:51.409Z P:1366 T:1366] ModelLoadManager::Stop,Stopped: Edge Tab Group
2024-11-09T14:23:51.409Z P:1366 T:1366] ModelLoadManager::Stop,Stopped: Edge Wallet
2024-11-09T14:24:46.957Z P:1366 T:1366] SyncServiceImpl::ResetEngine,Reset engine with reason: 0
2024-11-11T02:01:45.215Z P:1351 T:1351] SyncServiceImpl::ResetEngine,Reset engine with reason: 8
2024-11-11T02:01:45.215Z P:1351 T:1351] ModelLoadManager::Stop,Stopped: Bookmarks
2024-11-11T02:01:45.215Z P:1351 T:1351] ModelLoadManager::Stop,Stopped: Preferences
2024-11-11T02:01:45.215Z P:1351 T:1351] ModelLoadManager::Stop,Stopped: Passwords
2024-11-11T02:01:45.215Z P:1351 T:1351] ModelLoadManager::Stop,Stopped: Autofill Profiles
2024-11-11T02:01:45.215Z P:1351 T:1351] ModelLoadManager::Stop,Stopped: Autofill
2024-11-11T02:01:45.215Z P:1351 T:1351] ModelLoadManager::Stop,Stopped: Typed URLs
2024-11-11T02:01:45.215Z P:1351 T:1351] ModelLoadManager::Stop,Stopped: Extensions
2024-11-11T02:01:45.215Z P:1351 T:1351] ModelLoadManager::Stop,Stopped: Sessions
2024-11-11T02:01:45.215Z P:1351 T:1351] ModelLoadManager::Stop,Stopped: Extension settings
2024-11-11T02:01:45.215Z P:1351 T:1351] ModelLoadManager::Stop,Stopped: History Delete Directives
2024-11-11T02:01:45.215Z P:1351 T:1351] ModelLoadManager::Stop,Stopped: Device Info
2024-11-11T02:01:45.215Z P:1351 T:1351] ModelLoadManager::Stop,Stopped: User Consents
2024-11-11T02:01:45.215Z P:1351 T:1351] ModelLoadManager::Stop,Stopped: Send Tab To Self
2024-11-11T02:01:45.215Z P:1351 T:1351] ModelLoadManager::Stop,Stopped: Web Apps
2024-11-11T02:01:45.215Z P:1351 T:1351] ModelLoadManager::Stop,Stopped: History
2024-11-11T02:01:45.215Z P:1351 T:1351] ModelLoadManager::Stop,Stopped: Collection
2024-11-11T02:01:45.215Z P:1351 T:1351] ModelLoadManager::Stop,Stopped: Edge E Drop
2024-11-11T02:01:45.215Z P:1351 T:1351] ModelLoadManager::Stop,Stopped: Edge Hub App Usage
2024-11-11T02:01:45.215Z P:1351 T:1351] ModelLoadManager::Stop,Stopped: Edge Tab Group
2024-11-11T02:01:45.215Z P:1351 T:1351] ModelLoadManager::Stop,Stopped: Edge Wallet
2024-11-11T02:01:45.215Z P:1351 T:1351] SyncServiceImpl::Initialize,SyncState after authenticated was: NotSignedIn
2024-11-11T02:01:45.324Z P:1351 T:1351] SyncServiceImpl::ResetEngine,Reset engine with reason: 8
2024-11-11T02:01:45.324Z P:1351 T:1351] ModelLoadManager::Stop,Stopped: Bookmarks
2024-11-11T02:01:45.324Z P:1351 T:1351] ModelLoadManager::Stop,Stopped: Preferences
2024-11-11T02:01:45.324Z P:1351 T:1351] ModelLoadManager::Stop,Stopped: Passwords
2024-11-11T02:01:45.324Z P:1351 T:1351] ModelLoadManager::Stop,Stopped: Autofill Profiles
2024-11-11T02:01:45.324Z P:1351 T:1351] ModelLoadManager::Stop,Stopped: Autofill
2024-11-11T02:01:45.324Z P:1351 T:1351] ModelLoadManager::Stop,Stopped: Typed URLs
2024-11-11T02:01:45.324Z P:1351 T:1351] ModelLoadManager::Stop,Stopped: Extensions
2024-11-11T02:01:45.324Z P:1351 T:1351] ModelLoadManager::Stop,Stopped: Sessions
2024-11-11T02:01:45.324Z P:1351 T:1351] ModelLoadManager::Stop,Stopped: Extension settings
2024-11-11T02:01:45.324Z P:1351 T:1351] ModelLoadManager::Stop,Stopped: History Delete Directives
2024-11-11T02:01:45.324Z P:1351 T:1351] ModelLoadManager::Stop,Stopped: Device Info
2024-11-11T02:01:45.324Z P:1351 T:1351] ModelLoadManager::Stop,Stopped: User Consents
2024-11-11T02:01:45.324Z P:1351 T:1351] ModelLoadManager::Stop,Stopped: Send Tab To Self
2024-11-11T02:01:45.324Z P:1351 T:1351] ModelLoadManager::Stop,Stopped: Web Apps
2024-11-11T02:01:45.324Z P:1351 T:1351] ModelLoadManager::Stop,Stopped: History
2024-11-11T02:01:45.324Z P:1351 T:1351] ModelLoadManager::Stop,Stopped: Collection
2024-11-11T02:01:45.324Z P:1351 T:1351] ModelLoadManager::Stop,Stopped: Edge E Drop
2024-11-11T02:01:45.324Z P:1351 T:1351] ModelLoadManager::Stop,Stopped: Edge Hub App Usage
2024-11-11T02:01:45.324Z P:1351 T:1351] ModelLoadManager::Stop,Stopped: Edge Tab Group
2024-11-11T02:01:45.324Z P:1351 T:1351] ModelLoadManager::Stop,Stopped: Edge Wallet
2024-11-11T12:08:09.001Z P:1208 T:1208] SyncServiceImpl::ResetEngine,Reset engine with reason: 8
2024-11-11T12:08:09.019Z P:1208 T:1208] ModelLoadManager::Stop,Stopped: Bookmarks
2024-11-11T12:08:09.019Z P:1208 T:1208] ModelLoadManager::Stop,Stopped: Preferences
2024-11-11T12:08:09.019Z P:1208 T:1208] ModelLoadManager::Stop,Stopped: Passwords
2024-11-11T12:08:09.020Z P:1208 T:1208] ModelLoadManager::Stop,Stopped: Autofill Profiles
2024-11-11T12:08:09.020Z P:1208 T:1208] ModelLoadManager::Stop,Stopped: Autofill
2024-11-11T12:08:09.020Z P:1208 T:1208] ModelLoadManager::Stop,Stopped: Typed URLs
2024-11-11T12:08:09.020Z P:1208 T:1208] ModelLoadManager::Stop,Stopped: Extensions
2024-11-11T12:08:09.020Z P:1208 T:1208] ModelLoadManager::Stop,Stopped: Sessions
2024-11-11T12:08:09.020Z P:1208 T:1208] ModelLoadManager::Stop,Stopped: Extension settings
2024-11-11T12:08:09.020Z P:1208 T:1208] ModelLoadManager::Stop,Stopped: History Delete Directives
2024-11-11T12:08:09.020Z P:1208 T:1208] ModelLoadManager::Stop,Stopped: Device Info
2024-11-11T12:08:09.020Z P:1208 T:1208] ModelLoadManager::Stop,Stopped: User Consents
2024-11-11T12:08:09.020Z P:1208 T:1208] ModelLoadManager::Stop,Stopped: Send Tab To Self
2024-11-11T12:08:09.020Z P:1208 T:1208] ModelLoadManager::Stop,Stopped: Web Apps
2024-11-11T12:08:09.020Z P:1208 T:1208] ModelLoadManager::Stop,Stopped: History
2024-11-11T12:08:09.020Z P:1208 T:1208] ModelLoadManager::Stop,Stopped: Collection
2024-11-11T12:08:09.020Z P:1208 T:1208] ModelLoadManager::Stop,Stopped: Edge E Drop
2024-11-11T12:08:09.020Z P:1208 T:1208] ModelLoadManager::Stop,Stopped: Edge Hub App Usage
2024-11-11T12:08:09.020Z P:1208 T:1208] ModelLoadManager::Stop,Stopped: Edge Tab Group
2024-11-11T12:08:09.020Z P:1208 T:1208] ModelLoadManager::Stop,Stopped: Edge Wallet
2024-11-11T12:08:09.033Z P:1208 T:1208] SyncServiceImpl::Initialize,SyncState after authenticated was: NotSignedIn
2024-11-11T12:08:13.256Z P:1208 T:1208] SyncServiceImpl::ResetEngine,Reset engine with reason: 8
2024-11-11T12:08:13.256Z P:1208 T:1208] ModelLoadManager::Stop,Stopped: Bookmarks
2024-11-11T12:08:13.256Z P:1208 T:1208] ModelLoadManager::Stop,Stopped: Preferences
2024-11-11T12:08:13.256Z P:1208 T:1208] ModelLoadManager::Stop,Stopped: Passwords
2024-11-11T12:08:13.256Z P:1208 T:1208] ModelLoadManager::Stop,Stopped: Autofill Profiles
2024-11-11T12:08:13.256Z P:1208 T:1208] ModelLoadManager::Stop,Stopped: Autofill
2024-11-11T12:08:13.256Z P:1208 T:1208] ModelLoadManager::Stop,Stopped: Typed URLs
2024-11-11T12:08:13.256Z P:1208 T:1208] ModelLoadManager::Stop,Stopped: Extensions
2024-11-11T12:08:13.256Z P:1208 T:1208] ModelLoadManager::Stop,Stopped: Sessions
2024-11-11T12:08:13.256Z P:1208 T:1208] ModelLoadManager::Stop,Stopped: Extension settings
2024-11-11T12:08:13.256Z P:1208 T:1208] ModelLoadManager::Stop,Stopped: History Delete Directives
2024-11-11T12:08:13.256Z P:1208 T:1208] ModelLoadManager::Stop,Stopped: Device Info
2024-11-11T12:08:13.256Z P:1208 T:1208] ModelLoadManager::Stop,Stopped: User Consents
2024-11-11T12:08:13.256Z P:1208 T:1208] ModelLoadManager::Stop,Stopped: Send Tab To Self
2024-11-11T12:08:13.256Z P:1208 T:1208] ModelLoadManager::Stop,Stopped: Web Apps
2024-11-11T12:08:13.256Z P:1208 T:1208] ModelLoadManager::Stop,Stopped: History
2024-11-11T12:08:13.256Z P:1208 T:1208] ModelLoadManager::Stop,Stopped: Collection
2024-11-11T12:08:13.256Z P:1208 T:1208] ModelLoadManager::Stop,Stopped: Edge E Drop
2024-11-11T12:08:13.256Z P:1208 T:1208] ModelLoadManager::Stop,Stopped: Edge Hub App Usage
2024-11-11T12:08:13.256Z P:1208 T:1208] ModelLoadManager::Stop,Stopped: Edge Tab Group
2024-11-11T12:08:13.256Z P:1208 T:1208] ModelLoadManager::Stop,Stopped: Edge Wallet
2024-11-11T12:37:57.299Z P:1208 T:1208] SyncServiceImpl::ResetEngine,Reset engine with reason: 0
2024-11-11T13:41:45.689Z P:8099 T:8099] SyncServiceImpl::ResetEngine,Reset engine with reason: 8
2024-11-11T13:41:45.689Z P:8099 T:8099] ModelLoadManager::Stop,Stopped: Bookmarks
2024-11-11T13:41:45.689Z P:8099 T:8099] ModelLoadManager::Stop,Stopped: Preferences
2024-11-11T13:41:45.689Z P:8099 T:8099] ModelLoadManager::Stop,Stopped: Passwords
2024-11-11T13:41:45.689Z P:8099 T:8099] ModelLoadManager::Stop,Stopped: Autofill Profiles
2024-11-11T13:41:45.689Z P:8099 T:8099] ModelLoadManager::Stop,Stopped: Autofill
2024-11-11T13:41:45.690Z P:8099 T:8099] ModelLoadManager::Stop,Stopped: Typed URLs
2024-11-11T13:41:45.690Z P:8099 T:8099] ModelLoadManager::Stop,Stopped: Extensions
2024-11-11T13:41:45.690Z P:8099 T:8099] ModelLoadManager::Stop,Stopped: Sessions
2024-11-11T13:41:45.690Z P:8099 T:8099] ModelLoadManager::Stop,Stopped: Extension settings
2024-11-11T13:41:45.690Z P:8099 T:8099] ModelLoadManager::Stop,Stopped: History Delete Directives
2024-11-11T13:41:45.690Z P:8099 T:8099] ModelLoadManager::Stop,Stopped: Device Info
2024-11-11T13:41:45.690Z P:8099 T:8099] ModelLoadManager::Stop,Stopped: User Consents
2024-11-11T13:41:45.690Z P:8099 T:8099] ModelLoadManager::Stop,Stopped: Send Tab To Self
2024-11-11T13:41:45.690Z P:8099 T:8099] ModelLoadManager::Stop,Stopped: Web Apps
2024-11-11T13:41:45.690Z P:8099 T:8099] ModelLoadManager::Stop,Stopped: History
2024-11-11T13:41:45.690Z P:8099 T:8099] ModelLoadManager::Stop,Stopped: Collection
2024-11-11T13:41:45.690Z P:8099 T:8099] ModelLoadManager::Stop,Stopped: Edge E Drop
2024-11-11T13:41:45.690Z P:8099 T:8099] ModelLoadManager::Stop,Stopped: Edge Hub App Usage
2024-11-11T13:41:45.690Z P:8099 T:8099] ModelLoadManager::Stop,Stopped: Edge Tab Group
2024-11-11T13:41:45.690Z P:8099 T:8099] ModelLoadManager::Stop,Stopped: Edge Wallet
2024-11-11T13:41:45.690Z P:8099 T:8099] SyncServiceImpl::Initialize,SyncState after authenticated was: NotSignedIn
2024-11-11T13:41:46.211Z P:8099 T:8099] SyncServiceImpl::ResetEngine,Reset engine with reason: 8
2024-11-11T13:41:46.211Z P:8099 T:8099] ModelLoadManager::Stop,Stopped: Bookmarks
2024-11-11T13:41:46.211Z P:8099 T:8099] ModelLoadManager::Stop,Stopped: Preferences
2024-11-11T13:41:46.211Z P:8099 T:8099] ModelLoadManager::Stop,Stopped: Passwords
2024-11-11T13:41:46.211Z P:8099 T:8099] ModelLoadManager::Stop,Stopped: Autofill Profiles
2024-11-11T13:41:46.211Z P:8099 T:8099] ModelLoadManager::Stop,Stopped: Autofill
2024-11-11T13:41:46.211Z P:8099 T:8099] ModelLoadManager::Stop,Stopped: Typed URLs
2024-11-11T13:41:46.211Z P:8099 T:8099] ModelLoadManager::Stop,Stopped: Extensions
2024-11-11T13:41:46.211Z P:8099 T:8099] ModelLoadManager::Stop,Stopped: Sessions
2024-11-11T13:41:46.211Z P:8099 T:8099] ModelLoadManager::Stop,Stopped: Extension settings
2024-11-11T13:41:46.211Z P:8099 T:8099] ModelLoadManager::Stop,Stopped: History Delete Directives
2024-11-11T13:41:46.211Z P:8099 T:8099] ModelLoadManager::Stop,Stopped: Device Info
2024-11-11T13:41:46.211Z P:8099 T:8099] ModelLoadManager::Stop,Stopped: User Consents
2024-11-11T13:41:46.211Z P:8099 T:8099] ModelLoadManager::Stop,Stopped: Send Tab To Self
2024-11-11T13:41:46.211Z P:8099 T:8099] ModelLoadManager::Stop,Stopped: Web Apps
2024-11-11T13:41:46.211Z P:8099 T:8099] ModelLoadManager::Stop,Stopped: History
2024-11-11T13:41:46.211Z P:8099 T:8099] ModelLoadManager::Stop,Stopped: Collection
2024-11-11T13:41:46.211Z P:8099 T:8099] ModelLoadManager::Stop,Stopped: Edge E Drop
2024-11-11T13:41:46.211Z P:8099 T:8099] ModelLoadManager::Stop,Stopped: Edge Hub App Usage
2024-11-11T13:41:46.211Z P:8099 T:8099] ModelLoadManager::Stop,Stopped: Edge Tab Group
2024-11-11T13:41:46.211Z P:8099 T:8099] ModelLoadManager::Stop,Stopped: Edge Wallet
2024-11-11T13:43:48.664Z P:8099 T:8099] SyncServiceImpl::ResetEngine,Reset engine with reason: 0
2024-11-13T21:18:49.174Z P:1075 T:1075] SyncServiceImpl::ResetEngine,Reset engine with reason: 8
2024-11-13T21:18:49.188Z P:1075 T:1075] ModelLoadManager::Stop,Stopped: Bookmarks
2024-11-13T21:18:49.188Z P:1075 T:1075] ModelLoadManager::Stop,Stopped: Preferences
2024-11-13T21:18:49.188Z P:1075 T:1075] ModelLoadManager::Stop,Stopped: Passwords
2024-11-13T21:18:49.188Z P:1075 T:1075] ModelLoadManager::Stop,Stopped: Autofill Profiles
2024-11-13T21:18:49.188Z P:1075 T:1075] ModelLoadManager::Stop,Stopped: Autofill
2024-11-13T21:18:49.188Z P:1075 T:1075] ModelLoadManager::Stop,Stopped: Typed URLs
2024-11-13T21:18:49.188Z P:1075 T:1075] ModelLoadManager::Stop,Stopped: Extensions
2024-11-13T21:18:49.188Z P:1075 T:1075] ModelLoadManager::Stop,Stopped: Sessions
2024-11-13T21:18:49.188Z P:1075 T:1075] ModelLoadManager::Stop,Stopped: Extension settings
2024-11-13T21:18:49.188Z P:1075 T:1075] ModelLoadManager::Stop,Stopped: History Delete Directives
2024-11-13T21:18:49.188Z P:1075 T:1075] ModelLoadManager::Stop,Stopped: Device Info
2024-11-13T21:18:49.188Z P:1075 T:1075] ModelLoadManager::Stop,Stopped: User Consents
2024-11-13T21:18:49.188Z P:1075 T:1075] ModelLoadManager::Stop,Stopped: Send Tab To Self
2024-11-13T21:18:49.188Z P:1075 T:1075] ModelLoadManager::Stop,Stopped: Web Apps
2024-11-13T21:18:49.188Z P:1075 T:1075] ModelLoadManager::Stop,Stopped: History
2024-11-13T21:18:49.188Z P:1075 T:1075] ModelLoadManager::Stop,Stopped: Collection
2024-11-13T21:18:49.188Z P:1075 T:1075] ModelLoadManager::Stop,Stopped: Edge E Drop
2024-11-13T21:18:49.188Z P:1075 T:1075] ModelLoadManager::Stop,Stopped: Edge Hub App Usage
2024-11-13T21:18:49.188Z P:1075 T:1075] ModelLoadManager::Stop,Stopped: Edge Tab Group
2024-11-13T21:18:49.188Z P:1075 T:1075] ModelLoadManager::Stop,Stopped: Edge Wallet
2024-11-13T21:18:49.192Z P:1075 T:1075] SyncServiceImpl::Initialize,SyncState after authenticated was: NotSignedIn
2024-11-13T21:18:51.027Z P:1075 T:1075] SyncServiceImpl::ResetEngine,Reset engine with reason: 8
2024-11-13T21:18:51.027Z P:1075 T:1075] ModelLoadManager::Stop,Stopped: Bookmarks
2024-11-13T21:18:51.027Z P:1075 T:1075] ModelLoadManager::Stop,Stopped: Preferences
2024-11-13T21:18:51.027Z P:1075 T:1075] ModelLoadManager::Stop,Stopped: Passwords
2024-11-13T21:18:51.027Z P:1075 T:1075] ModelLoadManager::Stop,Stopped: Autofill Profiles
2024-11-13T21:18:51.027Z P:1075 T:1075] ModelLoadManager::Stop,Stopped: Autofill
2024-11-13T21:18:51.027Z P:1075 T:1075] ModelLoadManager::Stop,Stopped: Typed URLs
2024-11-13T21:18:51.027Z P:1075 T:1075] ModelLoadManager::Stop,Stopped: Extensions
2024-11-13T21:18:51.027Z P:1075 T:1075] ModelLoadManager::Stop,Stopped: Sessions
2024-11-13T21:18:51.027Z P:1075 T:1075] ModelLoadManager::Stop,Stopped: Extension settings
2024-11-13T21:18:51.027Z P:1075 T:1075] ModelLoadManager::Stop,Stopped: History Delete Directives
2024-11-13T21:18:51.027Z P:1075 T:1075] ModelLoadManager::Stop,Stopped: Device Info
2024-11-13T21:18:51.027Z P:1075 T:1075] ModelLoadManager::Stop,Stopped: User Consents
2024-11-13T21:18:51.027Z P:1075 T:1075] ModelLoadManager::Stop,Stopped: Send Tab To Self
2024-11-13T21:18:51.027Z P:1075 T:1075] ModelLoadManager::Stop,Stopped: Web Apps
2024-11-13T21:18:51.027Z P:1075 T:1075] ModelLoadManager::Stop,Stopped: History
2024-11-13T21:18:51.027Z P:1075 T:1075] ModelLoadManager::Stop,Stopped: Collection
2024-11-13T21:18:51.027Z P:1075 T:1075] ModelLoadManager::Stop,Stopped: Edge E Drop
2024-11-13T21:18:51.027Z P:1075 T:1075] ModelLoadManager::Stop,Stopped: Edge Hub App Usage
2024-11-13T21:18:51.027Z P:1075 T:1075] ModelLoadManager::Stop,Stopped: Edge Tab Group
2024-11-13T21:18:51.027Z P:1075 T:1075] ModelLoadManager::Stop,Stopped: Edge Wallet
2024-11-13T21:20:30.341Z P:1075 T:1075] SyncServiceImpl::ResetEngine,Reset engine with reason: 0
