{"logTime": "1115/213940", "correlationVector":"2xWPmL5/G1Gl+jwIXW4FVi","action":"Commit Request", "result":"", "context":Item count: 1
Contributing types: Sessions}
{"logTime": "1115/213941", "correlationVector":"2xWPmL5/G1Gl+jwIXW4FVi.1","action":"SyncServerConnectionManagerRequest", "result":"SYNC_SERVER_OK", "context":{"environment":"Prod_EastUS2_000e", "migrationStage":"NotStarted", "server":"GENERAL0100002M"}}
{"logTime": "1115/213941", "correlationVector":"2xWPmL5/G1Gl+jwIXW4FVi.2","action":"Commit Response", "result":"Success", "context":Result: Success. cV=2xWPmL5/G1Gl+jwIXW4FVi.0;server=GENERAL0100002M;cloudType=Consumer;environment=Prod_EastUS2_000e;migrationStage=NotStarted}
{"logTime": "1115/220401", "correlationVector":"tdLupwOjcSClYxcjXZkbo9","action":"Normal GetUpdate request", "result":"", "context":cV=tdLupwOjcSClYxcjXZkbo9
Nudged types: Preferences, Sessions, Device Info, Edge Hub App Usage
Refresh requested types: Bookmarks, Preferences, Passwords, Autofill Profiles, Autofill, Typed URLs, Extensions, Sessions, Extension settings, History Delete Directives, Device Info, User Consents, Send Tab To Self, Web Apps, Saved Tab Group, Collection, Edge E Drop, Edge Hub App Usage, Edge Tab Group, Edge Wallet, Encryption Keys}
{"logTime": "1115/220402", "correlationVector":"tdLupwOjcSClYxcjXZkbo9.1","action":"SyncServerConnectionManagerRequest", "result":"SYNC_SERVER_OK", "context":{"environment":"Prod_EastUS2_000e", "migrationStage":"NotStarted", "server":"GENERAL01000011"}}
{"logTime": "1115/220402", "correlationVector":"tdLupwOjcSClYxcjXZkbo9.2","action":"GetUpdates Response", "result":"Success", "context":Received 10 update(s). cV=tdLupwOjcSClYxcjXZkbo9.0;server=GENERAL01000011;cloudType=Consumer;environment=Prod_EastUS2_000e;migrationStage=NotStarted}
{"logTime": "1115/220402", "correlationVector":"XTpB6INooX6LmEg0yHr04H","action":"Commit Request", "result":"", "context":Item count: 13
Contributing types: Preferences, Sessions, Device Info, Edge Hub App Usage}
{"logTime": "1115/220403", "correlationVector":"XTpB6INooX6LmEg0yHr04H.1","action":"SyncServerConnectionManagerRequest", "result":"SYNC_SERVER_OK", "context":{"environment":"Prod_EastUS2_000e", "migrationStage":"NotStarted", "server":"GENERAL0100000T"}}
{"logTime": "1115/220403", "correlationVector":"XTpB6INooX6LmEg0yHr04H.3","action":"Commit.Sessions", "result":"Success", "context":{"id":"deadc58b-b667-432b-b9eb-6253e0cb657e", "isDeleted":"true", "size":"0", "version":"1731706775191"}}
{"logTime": "1115/220403", "correlationVector":"XTpB6INooX6LmEg0yHr04H.4","action":"Commit.Sessions", "result":"Success", "context":{"id":"658eeb51-b671-43c5-bc31-9202284e303f", "isDeleted":"true", "size":"0", "version":"1731706555466"}}
{"logTime": "1115/220403", "correlationVector":"XTpB6INooX6LmEg0yHr04H.5","action":"Commit.Sessions", "result":"Success", "context":{"id":"fa705a24-f512-42ac-aafc-3b620683b395", "isDeleted":"true", "size":"0", "version":"1731706525047"}}
{"logTime": "1115/220403", "correlationVector":"XTpB6INooX6LmEg0yHr04H.2","action":"Commit Response", "result":"Success", "context":Result: Success. cV=XTpB6INooX6LmEg0yHr04H.0;server=GENERAL0100000T;cloudType=Consumer;environment=Prod_EastUS2_000e;migrationStage=NotStarted}
{"logTime": "1115/220403", "correlationVector":"XTpB6INooX6LmEg0yHr04H.6","action":"Commit.Edge Hub App Usage", "result":"Success", "context":{"id":"67f89ba1-3768-4b83-8129-f94047986cde", "isDeleted":"true", "size":"0", "version":"1723929919991"}}
{"logTime": "1115/220403", "correlationVector":"XTpB6INooX6LmEg0yHr04H.7","action":"Commit.Edge Hub App Usage", "result":"Success", "context":{"id":"34ccb535-201f-4da8-bb03-9bf6d3e31ac3", "isDeleted":"true", "size":"0", "version":"1723929919992"}}
{"logTime": "1115/220403", "correlationVector":"XTpB6INooX6LmEg0yHr04H.8","action":"Commit.Edge Hub App Usage", "result":"Success", "context":{"id":"93ec0918-6bd5-4e35-9440-e5b9a6919939", "isDeleted":"true", "size":"0", "version":"1723929919993"}}
{"logTime": "1115/220403", "correlationVector":"XTpB6INooX6LmEg0yHr04H.9","action":"Commit.Edge Hub App Usage", "result":"Success", "context":{"id":"fe9da383-e3d7-4714-8b0b-7db7fa258032", "isDeleted":"true", "size":"0", "version":"1723929919994"}}
{"logTime": "1115/220403", "correlationVector":"XTpB6INooX6LmEg0yHr04H.10","action":"Commit.Edge Hub App Usage", "result":"Success", "context":{"id":"81998b2d-0465-46a6-867a-eff83bff9c1a", "isDeleted":"true", "size":"0", "version":"1723929919995"}}
{"logTime": "1115/220403", "correlationVector":"XTpB6INooX6LmEg0yHr04H.11","action":"Commit.Edge Hub App Usage", "result":"Success", "context":{"id":"8f6b74b5-426c-4eba-aeb7-6da8fefc2ba8", "isDeleted":"true", "size":"0", "version":"1723929919996"}}
{"logTime": "1115/220403", "correlationVector":"XTpB6INooX6LmEg0yHr04H.12","action":"Commit.Edge Hub App Usage", "result":"Success", "context":{"id":"748a4c51-137a-4176-815c-2eff83e39a85", "isDeleted":"true", "size":"0", "version":"1723929919997"}}
{"logTime": "1115/220616", "correlationVector":"L+f3BBm1fN/bGYSvdnUE/I","action":"Commit Request", "result":"", "context":Item count: 4
Contributing types: Typed URLs, Sessions}
{"logTime": "1115/220617", "correlationVector":"L+f3BBm1fN/bGYSvdnUE/I.1","action":"SyncServerConnectionManagerRequest", "result":"SYNC_SERVER_OK", "context":{"environment":"Prod_EastUS2_000e", "migrationStage":"NotStarted", "server":"GENERAL0100002K"}}
{"logTime": "1115/220617", "correlationVector":"L+f3BBm1fN/bGYSvdnUE/I.2","action":"Commit Response", "result":"Success", "context":Result: Success. cV=L+f3BBm1fN/bGYSvdnUE/I.0;server=GENERAL0100002K;cloudType=Consumer;environment=Prod_EastUS2_000e;migrationStage=NotStarted}
{"logTime": "1115/220620", "correlationVector":"AILiF3So9/riU4RjS8GdiP","action":"Commit Request", "result":"", "context":Item count: 2
Contributing types: Preferences, Sessions}
{"logTime": "1115/220621", "correlationVector":"AILiF3So9/riU4RjS8GdiP.1","action":"SyncServerConnectionManagerRequest", "result":"SYNC_SERVER_OK", "context":{"environment":"Prod_EastUS2_000e", "migrationStage":"NotStarted", "server":"GENERAL01000015"}}
{"logTime": "1115/220621", "correlationVector":"AILiF3So9/riU4RjS8GdiP.2","action":"Commit Response", "result":"Success", "context":Result: Success. cV=AILiF3So9/riU4RjS8GdiP.0;server=GENERAL01000015;cloudType=Consumer;environment=Prod_EastUS2_000e;migrationStage=NotStarted}
{"logTime": "1115/220651", "correlationVector":"8ZDAV/DEPI87ZmhfCVfFyO","action":"Commit Request", "result":"", "context":Item count: 4
Contributing types: Typed URLs, Sessions}
{"logTime": "1115/220651", "correlationVector":"8ZDAV/DEPI87ZmhfCVfFyO.1","action":"SyncServerConnectionManagerRequest", "result":"SYNC_SERVER_OK", "context":{"environment":"Prod_EastUS2_000e", "migrationStage":"NotStarted", "server":"GENERAL01000017"}}
{"logTime": "1115/220651", "correlationVector":"8ZDAV/DEPI87ZmhfCVfFyO.2","action":"Commit Response", "result":"Success", "context":Result: Success. cV=8ZDAV/DEPI87ZmhfCVfFyO.0;server=GENERAL01000017;cloudType=Consumer;environment=Prod_EastUS2_000e;migrationStage=NotStarted}
{"logTime": "1115/220901", "correlationVector":"+ztOBXJlaUj8AkIYtYHcIW","action":"Normal GetUpdate request", "result":"", "context":cV=+ztOBXJlaUj8AkIYtYHcIW
Refresh requested types: Bookmarks, Preferences, Passwords, Autofill Profiles, Autofill, Typed URLs, Extensions, Sessions, Extension settings, History Delete Directives, Device Info, User Consents, Send Tab To Self, Web Apps, Saved Tab Group, Collection, Edge E Drop, Edge Hub App Usage, Edge Tab Group, Edge Wallet, Encryption Keys}
{"logTime": "1115/220902", "correlationVector":"+ztOBXJlaUj8AkIYtYHcIW.1","action":"SyncServerConnectionManagerRequest", "result":"SYNC_SERVER_OK", "context":{"environment":"Prod_EastUS2_000e", "migrationStage":"NotStarted", "server":"GENERAL0100000E"}}
{"logTime": "1115/220902", "correlationVector":"+ztOBXJlaUj8AkIYtYHcIW.2","action":"GetUpdates", "result":"DeleteReceived", "context":{"id":"deadc58b-b667-432b-b9eb-6253e0cb657e", "isDeleted:":"true", "version":"1731708242769"}}
{"logTime": "1115/220902", "correlationVector":"+ztOBXJlaUj8AkIYtYHcIW.3","action":"GetUpdates", "result":"DeleteReceived", "context":{"id":"658eeb51-b671-43c5-bc31-9202284e303f", "isDeleted:":"true", "version":"1731708242770"}}
{"logTime": "1115/220902", "correlationVector":"+ztOBXJlaUj8AkIYtYHcIW.4","action":"GetUpdates", "result":"DeleteReceived", "context":{"id":"fa705a24-f512-42ac-aafc-3b620683b395", "isDeleted:":"true", "version":"1731708242771"}}
{"logTime": "1115/220902", "correlationVector":"+ztOBXJlaUj8AkIYtYHcIW.5","action":"GetUpdates", "result":"DeleteReceived", "context":{"id":"67f89ba1-3768-4b83-8129-f94047986cde", "isDeleted:":"true", "version":"1731708242774"}}
{"logTime": "1115/220902", "correlationVector":"+ztOBXJlaUj8AkIYtYHcIW.6","action":"GetUpdates", "result":"DeleteReceived", "context":{"id":"34ccb535-201f-4da8-bb03-9bf6d3e31ac3", "isDeleted:":"true", "version":"1731708242775"}}
{"logTime": "1115/220902", "correlationVector":"+ztOBXJlaUj8AkIYtYHcIW.7","action":"GetUpdates", "result":"DeleteReceived", "context":{"id":"93ec0918-6bd5-4e35-9440-e5b9a6919939", "isDeleted:":"true", "version":"1731708242776"}}
{"logTime": "1115/220902", "correlationVector":"+ztOBXJlaUj8AkIYtYHcIW.8","action":"GetUpdates", "result":"DeleteReceived", "context":{"id":"fe9da383-e3d7-4714-8b0b-7db7fa258032", "isDeleted:":"true", "version":"1731708242777"}}
{"logTime": "1115/220902", "correlationVector":"+ztOBXJlaUj8AkIYtYHcIW.9","action":"GetUpdates", "result":"DeleteReceived", "context":{"id":"81998b2d-0465-46a6-867a-eff83bff9c1a", "isDeleted:":"true", "version":"1731708242778"}}
{"logTime": "1115/220902", "correlationVector":"+ztOBXJlaUj8AkIYtYHcIW.10","action":"GetUpdates", "result":"DeleteReceived", "context":{"id":"8f6b74b5-426c-4eba-aeb7-6da8fefc2ba8", "isDeleted:":"true", "version":"1731708242779"}}
{"logTime": "1115/220902", "correlationVector":"+ztOBXJlaUj8AkIYtYHcIW.11","action":"GetUpdates", "result":"DeleteReceived", "context":{"id":"748a4c51-137a-4176-815c-2eff83e39a85", "isDeleted:":"true", "version":"1731708242780"}}
{"logTime": "1115/220902", "correlationVector":"+ztOBXJlaUj8AkIYtYHcIW.12","action":"GetUpdates Response", "result":"Success", "context":Received 18 update(s). cV=+ztOBXJlaUj8AkIYtYHcIW.0;server=GENERAL0100000E;cloudType=Consumer;environment=Prod_EastUS2_000e;migrationStage=NotStarted}
{"logTime": "1115/221025", "correlationVector":"p4WKj1XO2QTezwYtnXk5iD","action":"Commit Request", "result":"", "context":Item count: 5
Contributing types: Typed URLs, Sessions}
{"logTime": "1115/221026", "correlationVector":"p4WKj1XO2QTezwYtnXk5iD.1","action":"SyncServerConnectionManagerRequest", "result":"SYNC_SERVER_OK", "context":{"environment":"Prod_EastUS2_000e", "migrationStage":"NotStarted", "server":"GENERAL0100000G"}}
{"logTime": "1115/221026", "correlationVector":"p4WKj1XO2QTezwYtnXk5iD.3","action":"Commit.Sessions", "result":"Success", "context":{"id":"549b0e10-7537-48f5-8875-f9204591aed7", "isDeleted":"true", "size":"0", "version":"1731708411504"}}
{"logTime": "1115/221026", "correlationVector":"p4WKj1XO2QTezwYtnXk5iD.2","action":"Commit Response", "result":"Success", "context":Result: Success. cV=p4WKj1XO2QTezwYtnXk5iD.0;server=GENERAL0100000G;cloudType=Consumer;environment=Prod_EastUS2_000e;migrationStage=NotStarted}
{"logTime": "1115/221135", "correlationVector":"HoFWry5oR6j0uuAkeg0Wnl","action":"Commit Request", "result":"", "context":Item count: 3
Contributing types: Sessions}
{"logTime": "1115/221135", "correlationVector":"HoFWry5oR6j0uuAkeg0Wnl.1","action":"SyncServerConnectionManagerRequest", "result":"SYNC_SERVER_OK", "context":{"environment":"Prod_EastUS2_000e", "migrationStage":"NotStarted", "server":"GENERAL01000011"}}
{"logTime": "1115/221135", "correlationVector":"HoFWry5oR6j0uuAkeg0Wnl.2","action":"Commit Response", "result":"Success", "context":Result: Success. cV=HoFWry5oR6j0uuAkeg0Wnl.0;server=GENERAL01000011;cloudType=Consumer;environment=Prod_EastUS2_000e;migrationStage=NotStarted}
{"logTime": "1115/221326", "correlationVector":"RbnXVT93Dr+zMLaavgB8xK","action":"Commit Request", "result":"", "context":Item count: 3
Contributing types: Preferences, Sessions}
{"logTime": "1115/221326", "correlationVector":"RbnXVT93Dr+zMLaavgB8xK.1","action":"SyncServerConnectionManagerRequest", "result":"SYNC_SERVER_OK", "context":{"environment":"Prod_EastUS2_000e", "migrationStage":"NotStarted", "server":"GENERAL0100000R"}}
{"logTime": "1115/221326", "correlationVector":"RbnXVT93Dr+zMLaavgB8xK.2","action":"Commit Response", "result":"Success", "context":Result: Success. cV=RbnXVT93Dr+zMLaavgB8xK.0;server=GENERAL0100000R;cloudType=Consumer;environment=Prod_EastUS2_000e;migrationStage=NotStarted}
{"logTime": "1115/221348", "correlationVector":"tK6UbM3SPzrPmMjo8G9qmN","action":"Commit Request", "result":"", "context":Item count: 3
Contributing types: Preferences, Sessions}
{"logTime": "1115/221349", "correlationVector":"tK6UbM3SPzrPmMjo8G9qmN.1","action":"SyncServerConnectionManagerRequest", "result":"SYNC_SERVER_OK", "context":{"environment":"Prod_EastUS2_000e", "migrationStage":"NotStarted", "server":"GENERAL0100002V"}}
{"logTime": "1115/221349", "correlationVector":"tK6UbM3SPzrPmMjo8G9qmN.2","action":"Commit Response", "result":"Success", "context":Result: Success. cV=tK6UbM3SPzrPmMjo8G9qmN.0;server=GENERAL0100002V;cloudType=Consumer;environment=Prod_EastUS2_000e;migrationStage=NotStarted}
{"logTime": "1115/221419", "correlationVector":"dhWz93SABKvdDnv3BQQ9Oa","action":"Commit Request", "result":"", "context":Item count: 2
Contributing types: Sessions}
{"logTime": "1115/221420", "correlationVector":"dhWz93SABKvdDnv3BQQ9Oa.1","action":"SyncServerConnectionManagerRequest", "result":"SYNC_SERVER_OK", "context":{"environment":"Prod_EastUS2_000e", "migrationStage":"NotStarted", "server":"GENERAL0100002M"}}
{"logTime": "1115/221420", "correlationVector":"dhWz93SABKvdDnv3BQQ9Oa.2","action":"Commit Response", "result":"Success", "context":Result: Success. cV=dhWz93SABKvdDnv3BQQ9Oa.0;server=GENERAL0100002M;cloudType=Consumer;environment=Prod_EastUS2_000e;migrationStage=NotStarted}
{"logTime": "1115/221526", "correlationVector":"J+YRHTyKnECO4YhjiHscJh","action":"Commit Request", "result":"", "context":Item count: 4
Contributing types: Typed URLs, Sessions}
{"logTime": "1115/221527", "correlationVector":"J+YRHTyKnECO4YhjiHscJh.1","action":"SyncServerConnectionManagerRequest", "result":"SYNC_SERVER_OK", "context":{"environment":"Prod_EastUS2_000e", "migrationStage":"NotStarted", "server":"GENERAL0100000Y"}}
{"logTime": "1115/221527", "correlationVector":"J+YRHTyKnECO4YhjiHscJh.2","action":"Commit Response", "result":"Success", "context":Result: Success. cV=J+YRHTyKnECO4YhjiHscJh.0;server=GENERAL0100000Y;cloudType=Consumer;environment=Prod_EastUS2_000e;migrationStage=NotStarted}
{"logTime": "1115/221558", "correlationVector":"Ycj1pAXRj+QmqHM1gn62PC","action":"Commit Request", "result":"", "context":Item count: 2
Contributing types: Sessions}
{"logTime": "1115/221559", "correlationVector":"Ycj1pAXRj+QmqHM1gn62PC.1","action":"SyncServerConnectionManagerRequest", "result":"SYNC_SERVER_OK", "context":{"environment":"Prod_EastUS2_000e", "migrationStage":"NotStarted", "server":"GENERAL0100002L"}}
{"logTime": "1115/221559", "correlationVector":"Ycj1pAXRj+QmqHM1gn62PC.2","action":"Commit Response", "result":"Success", "context":Result: Success. cV=Ycj1pAXRj+QmqHM1gn62PC.0;server=GENERAL0100002L;cloudType=Consumer;environment=Prod_EastUS2_000e;migrationStage=NotStarted}
{"logTime": "1115/221632", "correlationVector":"c3hMs+cvYRAFkYyfG/Iclh","action":"Commit Request", "result":"", "context":Item count: 1
Contributing types: Sessions}
{"logTime": "1115/221632", "correlationVector":"c3hMs+cvYRAFkYyfG/Iclh.1","action":"SyncServerConnectionManagerRequest", "result":"SYNC_SERVER_OK", "context":{"environment":"Prod_EastUS2_000e", "migrationStage":"NotStarted", "server":"GENERAL0100000W"}}
{"logTime": "1115/221632", "correlationVector":"c3hMs+cvYRAFkYyfG/Iclh.2","action":"Commit Response", "result":"Success", "context":Result: Success. cV=c3hMs+cvYRAFkYyfG/Iclh.0;server=GENERAL0100000W;cloudType=Consumer;environment=Prod_EastUS2_000e;migrationStage=NotStarted}
{"logTime": "1115/221716", "correlationVector":"odN1M/z7sZdskMQoHcDEuz","action":"Commit Request", "result":"", "context":Item count: 1
Contributing types: Sessions}
{"logTime": "1115/221716", "correlationVector":"odN1M/z7sZdskMQoHcDEuz.1","action":"SyncServerConnectionManagerRequest", "result":"SYNC_SERVER_OK", "context":{"environment":"Prod_EastUS2_000e", "migrationStage":"NotStarted", "server":"GENERAL0100001Z"}}
{"logTime": "1115/221716", "correlationVector":"odN1M/z7sZdskMQoHcDEuz.2","action":"Commit Response", "result":"Success", "context":Result: Success. cV=odN1M/z7sZdskMQoHcDEuz.0;server=GENERAL0100001Z;cloudType=Consumer;environment=Prod_EastUS2_000e;migrationStage=NotStarted}
{"logTime": "1115/221857", "correlationVector":"NQuwwuXsVSccAMb6vbr7A3","action":"Commit Request", "result":"", "context":Item count: 3
Contributing types: Sessions}
{"logTime": "1115/221858", "correlationVector":"NQuwwuXsVSccAMb6vbr7A3.1","action":"SyncServerConnectionManagerRequest", "result":"SYNC_SERVER_OK", "context":{"environment":"Prod_EastUS2_000e", "migrationStage":"NotStarted", "server":"GENERAL0100001I"}}
{"logTime": "1115/221858", "correlationVector":"NQuwwuXsVSccAMb6vbr7A3.2","action":"Commit Response", "result":"Success", "context":Result: Success. cV=NQuwwuXsVSccAMb6vbr7A3.0;server=GENERAL0100001I;cloudType=Consumer;environment=Prod_EastUS2_000e;migrationStage=NotStarted}
{"logTime": "1115/221939", "correlationVector":"B8INcTdi0FHQ7Di90BBmwg","action":"Commit Request", "result":"", "context":Item count: 3
Contributing types: Sessions}
{"logTime": "1115/221940", "correlationVector":"B8INcTdi0FHQ7Di90BBmwg.1","action":"SyncServerConnectionManagerRequest", "result":"SYNC_SERVER_OK", "context":{"environment":"Prod_EastUS2_000e", "migrationStage":"NotStarted", "server":"GENERAL01000019"}}
{"logTime": "1115/221940", "correlationVector":"B8INcTdi0FHQ7Di90BBmwg.2","action":"Commit Response", "result":"Success", "context":Result: Success. cV=B8INcTdi0FHQ7Di90BBmwg.0;server=GENERAL01000019;cloudType=Consumer;environment=Prod_EastUS2_000e;migrationStage=NotStarted}
{"logTime": "1115/222010", "correlationVector":"S/7/qBCkTkFZn+ZPdMetip","action":"Commit Request", "result":"", "context":Item count: 1
Contributing types: Sessions}
{"logTime": "1115/222010", "correlationVector":"S/7/qBCkTkFZn+ZPdMetip.1","action":"SyncServerConnectionManagerRequest", "result":"SYNC_SERVER_OK", "context":{"environment":"Prod_EastUS2_000e", "migrationStage":"NotStarted", "server":"GENERAL0100002W"}}
{"logTime": "1115/222010", "correlationVector":"S/7/qBCkTkFZn+ZPdMetip.2","action":"Commit Response", "result":"Success", "context":Result: Success. cV=S/7/qBCkTkFZn+ZPdMetip.0;server=GENERAL0100002W;cloudType=Consumer;environment=Prod_EastUS2_000e;migrationStage=NotStarted}
{"logTime": "1115/222126", "correlationVector":"CqgLlPoOnej6ndEnOjeXGn","action":"Commit Request", "result":"", "context":Item count: 2
Contributing types: Sessions}
{"logTime": "1115/222126", "correlationVector":"CqgLlPoOnej6ndEnOjeXGn.1","action":"SyncServerConnectionManagerRequest", "result":"SYNC_SERVER_OK", "context":{"environment":"Prod_EastUS2_000e", "migrationStage":"NotStarted", "server":"GENERAL0100001Z"}}
{"logTime": "1115/222126", "correlationVector":"CqgLlPoOnej6ndEnOjeXGn.2","action":"Commit Response", "result":"Success", "context":Result: Success. cV=CqgLlPoOnej6ndEnOjeXGn.0;server=GENERAL0100001Z;cloudType=Consumer;environment=Prod_EastUS2_000e;migrationStage=NotStarted}
{"logTime": "1115/222202", "correlationVector":"QS0Ka5xgUDzjRHU36bUsg+","action":"Commit Request", "result":"", "context":Item count: 4
Contributing types: Sessions}
{"logTime": "1115/222203", "correlationVector":"QS0Ka5xgUDzjRHU36bUsg+.1","action":"SyncServerConnectionManagerRequest", "result":"SYNC_SERVER_OK", "context":{"environment":"Prod_EastUS2_000e", "migrationStage":"NotStarted", "server":"GENERAL0100002U"}}
{"logTime": "1115/222203", "correlationVector":"QS0Ka5xgUDzjRHU36bUsg+.2","action":"Commit Response", "result":"Success", "context":Result: Success. cV=QS0Ka5xgUDzjRHU36bUsg+.0;server=GENERAL0100002U;cloudType=Consumer;environment=Prod_EastUS2_000e;migrationStage=NotStarted}
{"logTime": "1115/222203", "correlationVector":"QS0Ka5xgUDzjRHU36bUsg+.3","action":"Commit.Sessions", "result":"Success", "context":{"id":"2796c193-b931-4ef6-a87b-23dad174f7d2", "isDeleted":"true", "size":"0", "version":"1731709286333"}}
{"logTime": "1115/222423", "correlationVector":"DK8S5+mCKx/QCEBINaMN2r","action":"Commit Request", "result":"", "context":Item count: 5
Contributing types: Sessions}
{"logTime": "1115/222423", "correlationVector":"DK8S5+mCKx/QCEBINaMN2r.1","action":"SyncServerConnectionManagerRequest", "result":"SYNC_SERVER_OK", "context":{"environment":"Prod_EastUS2_000e", "migrationStage":"NotStarted", "server":"GENERAL0100000P"}}
{"logTime": "1115/222423", "correlationVector":"DK8S5+mCKx/QCEBINaMN2r.3","action":"Commit.Sessions", "result":"Success", "context":{"id":"7c6aeedd-1f03-46e5-98b8-6cced020980c", "isDeleted":"true", "size":"0", "version":"1731709322900"}}
{"logTime": "1115/222423", "correlationVector":"DK8S5+mCKx/QCEBINaMN2r.2","action":"Commit Response", "result":"Success", "context":Result: Success. cV=DK8S5+mCKx/QCEBINaMN2r.0;server=GENERAL0100000P;cloudType=Consumer;environment=Prod_EastUS2_000e;migrationStage=NotStarted}
{"logTime": "1115/222505", "correlationVector":"wkRJb4OiicXeg9Nq0wL3NK","action":"Commit Request", "result":"", "context":Item count: 2
Contributing types: Sessions}
{"logTime": "1115/222506", "correlationVector":"wkRJb4OiicXeg9Nq0wL3NK.1","action":"SyncServerConnectionManagerRequest", "result":"SYNC_SERVER_OK", "context":{"environment":"Prod_EastUS2_000e", "migrationStage":"NotStarted", "server":"GENERAL0100001B"}}
{"logTime": "1115/222506", "correlationVector":"wkRJb4OiicXeg9Nq0wL3NK.3","action":"Commit.Sessions", "result":"Success", "context":{"id":"4e403868-8637-49b2-9ae8-b64718a360cc", "isDeleted":"true", "size":"0", "version":"1731709463349"}}
{"logTime": "1115/222506", "correlationVector":"wkRJb4OiicXeg9Nq0wL3NK.2","action":"Commit Response", "result":"Success", "context":Result: Success. cV=wkRJb4OiicXeg9Nq0wL3NK.0;server=GENERAL0100001B;cloudType=Consumer;environment=Prod_EastUS2_000e;migrationStage=NotStarted}
{"logTime": "1115/222551", "correlationVector":"IP1ZxghJ+HYnDuXBMtjnUV","action":"Commit Request", "result":"", "context":Item count: 2
Contributing types: Sessions}
{"logTime": "1115/222552", "correlationVector":"IP1ZxghJ+HYnDuXBMtjnUV.1","action":"SyncServerConnectionManagerRequest", "result":"SYNC_SERVER_OK", "context":{"environment":"Prod_EastUS2_000e", "migrationStage":"NotStarted", "server":"GENERAL01000000"}}
{"logTime": "1115/222552", "correlationVector":"IP1ZxghJ+HYnDuXBMtjnUV.2","action":"Commit Response", "result":"Success", "context":Result: Success. cV=IP1ZxghJ+HYnDuXBMtjnUV.0;server=GENERAL01000000;cloudType=Consumer;environment=Prod_EastUS2_000e;migrationStage=NotStarted}
{"logTime": "1115/222643", "correlationVector":"WO1WS5PWNPEZ+Szrk1kEfQ","action":"Commit Request", "result":"", "context":Item count: 1
Contributing types: Sessions}
{"logTime": "1115/222643", "correlationVector":"WO1WS5PWNPEZ+Szrk1kEfQ.1","action":"SyncServerConnectionManagerRequest", "result":"SYNC_SERVER_OK", "context":{"environment":"Prod_EastUS2_000e", "migrationStage":"NotStarted", "server":"GENERAL0100000B"}}
{"logTime": "1115/222643", "correlationVector":"WO1WS5PWNPEZ+Szrk1kEfQ.2","action":"Commit Response", "result":"Success", "context":Result: Success. cV=WO1WS5PWNPEZ+Szrk1kEfQ.0;server=GENERAL0100000B;cloudType=Consumer;environment=Prod_EastUS2_000e;migrationStage=NotStarted}
{"logTime": "1115/222802", "correlationVector":"D+ogl9T9MXo8yZ0cAWPxeh","action":"Commit Request", "result":"", "context":Item count: 1
Contributing types: Sessions}
{"logTime": "1115/222802", "correlationVector":"D+ogl9T9MXo8yZ0cAWPxeh.1","action":"SyncServerConnectionManagerRequest", "result":"SYNC_SERVER_OK", "context":{"environment":"Prod_EastUS2_000e", "migrationStage":"NotStarted", "server":"GENERAL0100002G"}}
{"logTime": "1115/222802", "correlationVector":"D+ogl9T9MXo8yZ0cAWPxeh.2","action":"Commit Response", "result":"Success", "context":Result: Success. cV=D+ogl9T9MXo8yZ0cAWPxeh.0;server=GENERAL0100002G;cloudType=Consumer;environment=Prod_EastUS2_000e;migrationStage=NotStarted}
{"logTime": "1115/223012", "correlationVector":"e9dviyXa0n+Pthnmog3dTi","action":"Commit Request", "result":"", "context":Item count: 1
Contributing types: Sessions}
{"logTime": "1115/223013", "correlationVector":"e9dviyXa0n+Pthnmog3dTi.1","action":"SyncServerConnectionManagerRequest", "result":"SYNC_SERVER_OK", "context":{"environment":"Prod_EastUS2_000e", "migrationStage":"NotStarted", "server":"GENERAL0100002T"}}
{"logTime": "1115/223013", "correlationVector":"e9dviyXa0n+Pthnmog3dTi.2","action":"Commit Response", "result":"Success", "context":Result: Success. cV=e9dviyXa0n+Pthnmog3dTi.0;server=GENERAL0100002T;cloudType=Consumer;environment=Prod_EastUS2_000e;migrationStage=NotStarted}
{"logTime": "1115/223114", "correlationVector":"n/nMXQT8LyF2Oz1Fp5ujYN","action":"Commit Request", "result":"", "context":Item count: 2
Contributing types: Sessions}
{"logTime": "1115/223114", "correlationVector":"n/nMXQT8LyF2Oz1Fp5ujYN.1","action":"SyncServerConnectionManagerRequest", "result":"SYNC_SERVER_OK", "context":{"environment":"Prod_EastUS2_000e", "migrationStage":"NotStarted", "server":"GENERAL0100001O"}}
{"logTime": "1115/223114", "correlationVector":"n/nMXQT8LyF2Oz1Fp5ujYN.2","action":"Commit Response", "result":"Success", "context":Result: Success. cV=n/nMXQT8LyF2Oz1Fp5ujYN.0;server=GENERAL0100001O;cloudType=Consumer;environment=Prod_EastUS2_000e;migrationStage=NotStarted}
{"logTime": "1115/223147", "correlationVector":"dEebGheaRoINVbwIZ7622I","action":"Commit Request", "result":"", "context":Item count: 1
Contributing types: Sessions}
{"logTime": "1115/223147", "correlationVector":"dEebGheaRoINVbwIZ7622I.1","action":"SyncServerConnectionManagerRequest", "result":"SYNC_SERVER_OK", "context":{"environment":"Prod_EastUS2_000e", "migrationStage":"NotStarted", "server":"GENERAL0100002I"}}
{"logTime": "1115/223147", "correlationVector":"dEebGheaRoINVbwIZ7622I.2","action":"Commit Response", "result":"Success", "context":Result: Success. cV=dEebGheaRoINVbwIZ7622I.0;server=GENERAL0100002I;cloudType=Consumer;environment=Prod_EastUS2_000e;migrationStage=NotStarted}
{"logTime": "1115/223237", "correlationVector":"nTxqMnNO4O/VbJbkKisgnV","action":"Commit Request", "result":"", "context":Item count: 2
Contributing types: Preferences, Sessions}
{"logTime": "1115/223238", "correlationVector":"nTxqMnNO4O/VbJbkKisgnV.1","action":"SyncServerConnectionManagerRequest", "result":"SYNC_SERVER_OK", "context":{"environment":"Prod_EastUS2_000e", "migrationStage":"NotStarted", "server":"GENERAL0100001X"}}
{"logTime": "1115/223238", "correlationVector":"nTxqMnNO4O/VbJbkKisgnV.2","action":"Commit Response", "result":"Success", "context":Result: Success. cV=nTxqMnNO4O/VbJbkKisgnV.0;server=GENERAL0100001X;cloudType=Consumer;environment=Prod_EastUS2_000e;migrationStage=NotStarted}
{"logTime": "1115/223311", "correlationVector":"SRcYm8ToTA1qiuGzBeBOBl","action":"Commit Request", "result":"", "context":Item count: 1
Contributing types: Sessions}
{"logTime": "1115/223312", "correlationVector":"SRcYm8ToTA1qiuGzBeBOBl.1","action":"SyncServerConnectionManagerRequest", "result":"SYNC_SERVER_OK", "context":{"environment":"Prod_EastUS2_000e", "migrationStage":"NotStarted", "server":"GENERAL0100001E"}}
{"logTime": "1115/223312", "correlationVector":"SRcYm8ToTA1qiuGzBeBOBl.2","action":"Commit Response", "result":"Success", "context":Result: Success. cV=SRcYm8ToTA1qiuGzBeBOBl.0;server=GENERAL0100001E;cloudType=Consumer;environment=Prod_EastUS2_000e;migrationStage=NotStarted}
{"logTime": "1115/223450", "correlationVector":"SIh+2UPgTM4WfH4GvsEPOl","action":"Commit Request", "result":"", "context":Item count: 4
Contributing types: Sessions}
{"logTime": "1115/223451", "correlationVector":"SIh+2UPgTM4WfH4GvsEPOl.1","action":"SyncServerConnectionManagerRequest", "result":"SYNC_SERVER_OK", "context":{"environment":"Prod_EastUS2_000e", "migrationStage":"NotStarted", "server":"GENERAL01000000"}}
{"logTime": "1115/223451", "correlationVector":"SIh+2UPgTM4WfH4GvsEPOl.3","action":"Commit.Sessions", "result":"Success", "context":{"id":"0e4976d0-ed9f-434d-bcb8-f081f6a8ff35", "isDeleted":"true", "size":"0", "version":"1731709463346"}}
{"logTime": "1115/223451", "correlationVector":"SIh+2UPgTM4WfH4GvsEPOl.4","action":"Commit.Sessions", "result":"Success", "context":{"id":"4f8e2703-c588-4e22-a13a-156145e39ee8", "isDeleted":"true", "size":"0", "version":"1731709991871"}}
{"logTime": "1115/223451", "correlationVector":"SIh+2UPgTM4WfH4GvsEPOl.5","action":"Commit.Sessions", "result":"Success", "context":{"id":"542681e3-ba92-4bfe-96a2-f4c1775817ec", "isDeleted":"true", "size":"0", "version":"1731709907141"}}
{"logTime": "1115/223451", "correlationVector":"SIh+2UPgTM4WfH4GvsEPOl.2","action":"Commit Response", "result":"Success", "context":Result: Success. cV=SIh+2UPgTM4WfH4GvsEPOl.0;server=GENERAL01000000;cloudType=Consumer;environment=Prod_EastUS2_000e;migrationStage=NotStarted}
{"logTime": "1115/223832", "correlationVector":"o5WDQYBdTFqCl/0azd+jM0","action":"Commit Request", "result":"", "context":Item count: 2
Contributing types: Preferences, Sessions}
{"logTime": "1115/223832", "correlationVector":"o5WDQYBdTFqCl/0azd+jM0.1","action":"SyncServerConnectionManagerRequest", "result":"SYNC_SERVER_OK", "context":{"environment":"Prod_EastUS2_000e", "migrationStage":"NotStarted", "server":"GENERAL01000008"}}
{"logTime": "1115/223832", "correlationVector":"o5WDQYBdTFqCl/0azd+jM0.2","action":"Commit Response", "result":"Success", "context":Result: Success. cV=o5WDQYBdTFqCl/0azd+jM0.0;server=GENERAL01000008;cloudType=Consumer;environment=Prod_EastUS2_000e;migrationStage=NotStarted}
{"logTime": "1115/223905", "correlationVector":"5MUVUPOlt5RgZXhFQ8snDN","action":"Commit Request", "result":"", "context":Item count: 2
Contributing types: Sessions}
{"logTime": "1115/223906", "correlationVector":"5MUVUPOlt5RgZXhFQ8snDN.1","action":"SyncServerConnectionManagerRequest", "result":"SYNC_SERVER_OK", "context":{"environment":"Prod_EastUS2_000e", "migrationStage":"NotStarted", "server":"GENERAL01000020"}}
{"logTime": "1115/223906", "correlationVector":"5MUVUPOlt5RgZXhFQ8snDN.2","action":"Commit Response", "result":"Success", "context":Result: Success. cV=5MUVUPOlt5RgZXhFQ8snDN.0;server=GENERAL01000020;cloudType=Consumer;environment=Prod_EastUS2_000e;migrationStage=NotStarted}
{"logTime": "1115/224355", "correlationVector":"gq4iaderouctDTZwUcAkxU","action":"Commit Request", "result":"", "context":Item count: 7
Contributing types: Passwords, Autofill, Typed URLs, Sessions}
{"logTime": "1115/224355", "correlationVector":"gq4iaderouctDTZwUcAkxU.1","action":"SyncServerConnectionManagerRequest", "result":"SYNC_SERVER_OK", "context":{"environment":"Prod_EastUS2_000e", "migrationStage":"NotStarted", "server":"GENERAL0100000Y"}}
{"logTime": "1115/224355", "correlationVector":"gq4iaderouctDTZwUcAkxU.2","action":"Commit Response", "result":"Success", "context":Result: Success. cV=gq4iaderouctDTZwUcAkxU.0;server=GENERAL0100000Y;cloudType=Consumer;environment=Prod_EastUS2_000e;migrationStage=NotStarted}
{"logTime": "1115/224355", "correlationVector":"gq4iaderouctDTZwUcAkxU.3","action":"Commit.Sessions", "result":"Success", "context":{"id":"da596d8d-7596-4e83-8827-878aaaa9a1e7", "isDeleted":"true", "size":"0", "version":"1731710345926"}}
{"logTime": "1115/224447", "correlationVector":"IKwtJiIyc6ko/Yt4s7V0rg","action":"Commit Request", "result":"", "context":Item count: 2
Contributing types: Typed URLs, Sessions}
{"logTime": "1115/224447", "correlationVector":"IKwtJiIyc6ko/Yt4s7V0rg.1","action":"SyncServerConnectionManagerRequest", "result":"SYNC_SERVER_OK", "context":{"environment":"Prod_EastUS2_000e", "migrationStage":"NotStarted", "server":"GENERAL0100000F"}}
{"logTime": "1115/224447", "correlationVector":"IKwtJiIyc6ko/Yt4s7V0rg.2","action":"Commit Response", "result":"Success", "context":Result: Success. cV=IKwtJiIyc6ko/Yt4s7V0rg.0;server=GENERAL0100000F;cloudType=Consumer;environment=Prod_EastUS2_000e;migrationStage=NotStarted}
{"logTime": "1115/224518", "correlationVector":"YH4qRlc/I/jr+WUCPAuNAq","action":"Commit Request", "result":"", "context":Item count: 2
Contributing types: Typed URLs, Sessions}
{"logTime": "1115/224519", "correlationVector":"YH4qRlc/I/jr+WUCPAuNAq.1","action":"SyncServerConnectionManagerRequest", "result":"SYNC_SERVER_OK", "context":{"environment":"Prod_EastUS2_000e", "migrationStage":"NotStarted", "server":"GENERAL0100000T"}}
{"logTime": "1115/224519", "correlationVector":"YH4qRlc/I/jr+WUCPAuNAq.2","action":"Commit Response", "result":"Success", "context":Result: Success. cV=YH4qRlc/I/jr+WUCPAuNAq.0;server=GENERAL0100000T;cloudType=Consumer;environment=Prod_EastUS2_000e;migrationStage=NotStarted}
{"logTime": "1115/224549", "correlationVector":"3OfrB9/bwXkFq22/D3tDpF","action":"Commit Request", "result":"", "context":Item count: 1
Contributing types: Sessions}
{"logTime": "1115/224549", "correlationVector":"3OfrB9/bwXkFq22/D3tDpF.1","action":"SyncServerConnectionManagerRequest", "result":"SYNC_SERVER_OK", "context":{"environment":"Prod_EastUS2_000e", "migrationStage":"NotStarted", "server":"GENERAL01000007"}}
{"logTime": "1115/224549", "correlationVector":"3OfrB9/bwXkFq22/D3tDpF.2","action":"Commit Response", "result":"Success", "context":Result: Success. cV=3OfrB9/bwXkFq22/D3tDpF.0;server=GENERAL01000007;cloudType=Consumer;environment=Prod_EastUS2_000e;migrationStage=NotStarted}
{"logTime": "1115/224625", "correlationVector":"PCI4ya7rdPmLYkOifArPDI","action":"Commit Request", "result":"", "context":Item count: 3
Contributing types: Typed URLs, Sessions}
{"logTime": "1115/224626", "correlationVector":"PCI4ya7rdPmLYkOifArPDI.1","action":"SyncServerConnectionManagerRequest", "result":"SYNC_SERVER_OK", "context":{"environment":"Prod_EastUS2_000e", "migrationStage":"NotStarted", "server":"GENERAL0100000T"}}
{"logTime": "1115/224626", "correlationVector":"PCI4ya7rdPmLYkOifArPDI.2","action":"Commit Response", "result":"Success", "context":Result: Success. cV=PCI4ya7rdPmLYkOifArPDI.0;server=GENERAL0100000T;cloudType=Consumer;environment=Prod_EastUS2_000e;migrationStage=NotStarted}
{"logTime": "1115/230706", "correlationVector":"/z3lIu838OmmxRRQ8ht43l","action":"Commit Request", "result":"", "context":Item count: 4
Contributing types: Sessions}
{"logTime": "1115/230706", "correlationVector":"/z3lIu838OmmxRRQ8ht43l.1","action":"SyncServerConnectionManagerRequest", "result":"SYNC_SERVER_OK", "context":{"environment":"Prod_EastUS2_000e", "migrationStage":"NotStarted", "server":"GENERAL01000023"}}
{"logTime": "1115/230706", "correlationVector":"/z3lIu838OmmxRRQ8ht43l.3","action":"Commit.Sessions", "result":"Success", "context":{"id":"10380193-1798-46c2-9bce-c885b2b4bf4d", "isDeleted":"true", "size":"0", "version":"1731710786007"}}
{"logTime": "1115/230706", "correlationVector":"/z3lIu838OmmxRRQ8ht43l.2","action":"Commit Response", "result":"Success", "context":Result: Success. cV=/z3lIu838OmmxRRQ8ht43l.0;server=GENERAL01000023;cloudType=Consumer;environment=Prod_EastUS2_000e;migrationStage=NotStarted}
{"logTime": "1115/230959", "correlationVector":"JIWMp8i3gGb4dApF2ExJzq","action":"Commit Request", "result":"", "context":Item count: 3
Contributing types: Preferences, Sessions}
{"logTime": "1115/231000", "correlationVector":"JIWMp8i3gGb4dApF2ExJzq.1","action":"SyncServerConnectionManagerRequest", "result":"SYNC_SERVER_OK", "context":{"environment":"Prod_EastUS2_000e", "migrationStage":"NotStarted", "server":"GENERAL0100002I"}}
{"logTime": "1115/231000", "correlationVector":"JIWMp8i3gGb4dApF2ExJzq.2","action":"Commit Response", "result":"Success", "context":Result: Success. cV=JIWMp8i3gGb4dApF2ExJzq.0;server=GENERAL0100002I;cloudType=Consumer;environment=Prod_EastUS2_000e;migrationStage=NotStarted}
{"logTime": "1115/231000", "correlationVector":"JIWMp8i3gGb4dApF2ExJzq.3","action":"Commit.Sessions", "result":"Success", "context":{"id":"76883c7d-b60d-434e-b2cf-8238ad592eb9", "isDeleted":"true", "size":"0", "version":"1731712026510"}}
{"logTime": "1115/231035", "correlationVector":"RxqvPNGT3vcgLxvexvN5fR","action":"Commit Request", "result":"", "context":Item count: 2
Contributing types: Sessions}
{"logTime": "1115/231036", "correlationVector":"RxqvPNGT3vcgLxvexvN5fR.1","action":"SyncServerConnectionManagerRequest", "result":"SYNC_SERVER_OK", "context":{"environment":"Prod_EastUS2_000e", "migrationStage":"NotStarted", "server":"GENERAL0100000J"}}
{"logTime": "1115/231036", "correlationVector":"RxqvPNGT3vcgLxvexvN5fR.2","action":"Commit Response", "result":"Success", "context":Result: Success. cV=RxqvPNGT3vcgLxvexvN5fR.0;server=GENERAL0100000J;cloudType=Consumer;environment=Prod_EastUS2_000e;migrationStage=NotStarted}
{"logTime": "1115/232406", "correlationVector":"GfeLa1EQkfLAXRqczQh8cM","action":"Commit Request", "result":"", "context":Item count: 2
Contributing types: Sessions}
{"logTime": "1115/232406", "correlationVector":"GfeLa1EQkfLAXRqczQh8cM.1","action":"SyncServerConnectionManagerRequest", "result":"SYNC_SERVER_OK", "context":{"environment":"Prod_EastUS2_000e", "migrationStage":"NotStarted", "server":"GENERAL0100000F"}}
{"logTime": "1115/232406", "correlationVector":"GfeLa1EQkfLAXRqczQh8cM.3","action":"Commit.Sessions", "result":"Success", "context":{"id":"a62f237c-8c0a-424b-8826-95d4384bbe2a", "isDeleted":"true", "size":"0", "version":"1731712235996"}}
{"logTime": "1115/232406", "correlationVector":"GfeLa1EQkfLAXRqczQh8cM.2","action":"Commit Response", "result":"Success", "context":Result: Success. cV=GfeLa1EQkfLAXRqczQh8cM.0;server=GENERAL0100000F;cloudType=Consumer;environment=Prod_EastUS2_000e;migrationStage=NotStarted}
{"logTime": "1115/235529", "correlationVector":"RBujXxUi7p7P1oFkHh4WOb","action":"Commit Request", "result":"", "context":Item count: 1
Contributing types: Preferences}
{"logTime": "1115/235530", "correlationVector":"RBujXxUi7p7P1oFkHh4WOb.1","action":"SyncServerConnectionManagerRequest", "result":"SYNC_SERVER_OK", "context":{"environment":"Prod_EastUS2_000e", "migrationStage":"NotStarted", "server":"GENERAL0100000Q"}}
{"logTime": "1115/235530", "correlationVector":"RBujXxUi7p7P1oFkHh4WOb.2","action":"Commit Response", "result":"Success", "context":Result: Success. cV=RBujXxUi7p7P1oFkHh4WOb.0;server=GENERAL0100000Q;cloudType=Consumer;environment=Prod_EastUS2_000e;migrationStage=NotStarted}
{"logTime": "1115/235600", "correlationVector":"8q2G5Cj+9c9KlqhIGCp/ec","action":"Commit Request", "result":"", "context":Item count: 3
Contributing types: Sessions}
{"logTime": "1115/235600", "correlationVector":"8q2G5Cj+9c9KlqhIGCp/ec.1","action":"SyncServerConnectionManagerRequest", "result":"SYNC_SERVER_OK", "context":{"environment":"Prod_EastUS2_000e", "migrationStage":"NotStarted", "server":"GENERAL0100000B"}}
{"logTime": "1115/235600", "correlationVector":"8q2G5Cj+9c9KlqhIGCp/ec.2","action":"Commit Response", "result":"Success", "context":Result: Success. cV=8q2G5Cj+9c9KlqhIGCp/ec.0;server=GENERAL0100000B;cloudType=Consumer;environment=Prod_EastUS2_000e;migrationStage=NotStarted}
{"logTime": "1116/000024", "correlationVector":"QywSfMiXGl7fj+lN1KNAKg","action":"Commit Request", "result":"", "context":Item count: 3
Contributing types: Sessions}
{"logTime": "1116/000025", "correlationVector":"QywSfMiXGl7fj+lN1KNAKg.1","action":"SyncServerConnectionManagerRequest", "result":"SYNC_SERVER_OK", "context":{"environment":"Prod_EastUS2_000e", "migrationStage":"NotStarted", "server":"GENERAL0100000S"}}
{"logTime": "1116/000025", "correlationVector":"QywSfMiXGl7fj+lN1KNAKg.2","action":"Commit Response", "result":"Success", "context":Result: Success. cV=QywSfMiXGl7fj+lN1KNAKg.0;server=GENERAL0100000S;cloudType=Consumer;environment=Prod_EastUS2_000e;migrationStage=NotStarted}
{"logTime": "1116/000228", "correlationVector":"xLBhoCEfFQXHj2CIYoNYro","action":"Commit Request", "result":"", "context":Item count: 2
Contributing types: Preferences, Sessions}
{"logTime": "1116/000229", "correlationVector":"xLBhoCEfFQXHj2CIYoNYro.1","action":"SyncServerConnectionManagerRequest", "result":"SYNC_SERVER_OK", "context":{"environment":"Prod_EastUS2_000e", "migrationStage":"NotStarted", "server":"GENERAL01000026"}}
{"logTime": "1116/000229", "correlationVector":"xLBhoCEfFQXHj2CIYoNYro.2","action":"Commit Response", "result":"Success", "context":Result: Success. cV=xLBhoCEfFQXHj2CIYoNYro.0;server=GENERAL01000026;cloudType=Consumer;environment=Prod_EastUS2_000e;migrationStage=NotStarted}
{"logTime": "1116/000304", "correlationVector":"jzPEjlP7RfJP9MC7XI7DEj","action":"Commit Request", "result":"", "context":Item count: 2
Contributing types: Sessions}
{"logTime": "1116/000304", "correlationVector":"jzPEjlP7RfJP9MC7XI7DEj.1","action":"SyncServerConnectionManagerRequest", "result":"SYNC_SERVER_OK", "context":{"environment":"Prod_EastUS2_000e", "migrationStage":"NotStarted", "server":"GENERAL0100001V"}}
{"logTime": "1116/000304", "correlationVector":"jzPEjlP7RfJP9MC7XI7DEj.2","action":"Commit Response", "result":"Success", "context":Result: Success. cV=jzPEjlP7RfJP9MC7XI7DEj.0;server=GENERAL0100001V;cloudType=Consumer;environment=Prod_EastUS2_000e;migrationStage=NotStarted}
{"logTime": "1116/000356", "correlationVector":"0YwCfwgUZCsRLCFR3ozcMu","action":"Commit Request", "result":"", "context":Item count: 1
Contributing types: Sessions}
{"logTime": "1116/000356", "correlationVector":"0YwCfwgUZCsRLCFR3ozcMu.1","action":"SyncServerConnectionManagerRequest", "result":"SYNC_SERVER_OK", "context":{"environment":"Prod_EastUS2_000e", "migrationStage":"NotStarted", "server":"GENERAL0100001Y"}}
{"logTime": "1116/000356", "correlationVector":"0YwCfwgUZCsRLCFR3ozcMu.2","action":"Commit Response", "result":"Success", "context":Result: Success. cV=0YwCfwgUZCsRLCFR3ozcMu.0;server=GENERAL0100001Y;cloudType=Consumer;environment=Prod_EastUS2_000e;migrationStage=NotStarted}
{"logTime": "1116/000706", "correlationVector":"nr2u5M59M0M/DYbzVF6GFM","action":"Commit Request", "result":"", "context":Item count: 1
Contributing types: Preferences}
{"logTime": "1116/000707", "correlationVector":"nr2u5M59M0M/DYbzVF6GFM.1","action":"SyncServerConnectionManagerRequest", "result":"SYNC_SERVER_OK", "context":{"environment":"Prod_EastUS2_000e", "migrationStage":"NotStarted", "server":"GENERAL01000024"}}
{"logTime": "1116/000707", "correlationVector":"nr2u5M59M0M/DYbzVF6GFM.2","action":"Commit Response", "result":"Success", "context":Result: Success. cV=nr2u5M59M0M/DYbzVF6GFM.0;server=GENERAL01000024;cloudType=Consumer;environment=Prod_EastUS2_000e;migrationStage=NotStarted}
{"logTime": "1116/000741", "correlationVector":"5o+swZ+doyUkwZdOAKfxOY","action":"Commit Request", "result":"", "context":Item count: 2
Contributing types: Sessions}
{"logTime": "1116/000742", "correlationVector":"5o+swZ+doyUkwZdOAKfxOY.1","action":"SyncServerConnectionManagerRequest", "result":"SYNC_SERVER_OK", "context":{"environment":"Prod_EastUS2_000e", "migrationStage":"NotStarted", "server":"GENERAL0100000O"}}
{"logTime": "1116/000742", "correlationVector":"5o+swZ+doyUkwZdOAKfxOY.2","action":"Commit Response", "result":"Success", "context":Result: Success. cV=5o+swZ+doyUkwZdOAKfxOY.0;server=GENERAL0100000O;cloudType=Consumer;environment=Prod_EastUS2_000e;migrationStage=NotStarted}
{"logTime": "1116/000930", "correlationVector":"WrXTfZDyozDmCZpdbvVmGW","action":"Commit Request", "result":"", "context":Item count: 2
Contributing types: Sessions}
{"logTime": "1116/000930", "correlationVector":"WrXTfZDyozDmCZpdbvVmGW.1","action":"SyncServerConnectionManagerRequest", "result":"SYNC_SERVER_OK", "context":{"environment":"Prod_EastUS2_000e", "migrationStage":"NotStarted", "server":"GENERAL0100000P"}}
{"logTime": "1116/000930", "correlationVector":"WrXTfZDyozDmCZpdbvVmGW.2","action":"Commit Response", "result":"Success", "context":Result: Success. cV=WrXTfZDyozDmCZpdbvVmGW.0;server=GENERAL0100000P;cloudType=Consumer;environment=Prod_EastUS2_000e;migrationStage=NotStarted}
{"logTime": "1116/001020", "correlationVector":"yNfYup9JG8FvcLc2Iph27H","action":"Commit Request", "result":"", "context":Item count: 3
Contributing types: Sessions}
{"logTime": "1116/001021", "correlationVector":"yNfYup9JG8FvcLc2Iph27H.1","action":"SyncServerConnectionManagerRequest", "result":"SYNC_SERVER_OK", "context":{"environment":"Prod_EastUS2_000e", "migrationStage":"NotStarted", "server":"GENERAL0100000A"}}
{"logTime": "1116/001021", "correlationVector":"yNfYup9JG8FvcLc2Iph27H.2","action":"Commit Response", "result":"Success", "context":Result: Success. cV=yNfYup9JG8FvcLc2Iph27H.0;server=GENERAL0100000A;cloudType=Consumer;environment=Prod_EastUS2_000e;migrationStage=NotStarted}
{"logTime": "1116/001059", "correlationVector":"CYdAZgNqDe2BioEf/2egkE","action":"Commit Request", "result":"", "context":Item count: 5
Contributing types: Sessions}
{"logTime": "1116/001100", "correlationVector":"CYdAZgNqDe2BioEf/2egkE.1","action":"SyncServerConnectionManagerRequest", "result":"SYNC_SERVER_OK", "context":{"environment":"Prod_EastUS2_000e", "migrationStage":"NotStarted", "server":"GENERAL01000013"}}
{"logTime": "1116/001100", "correlationVector":"CYdAZgNqDe2BioEf/2egkE.2","action":"Commit Response", "result":"Success", "context":Result: Success. cV=CYdAZgNqDe2BioEf/2egkE.0;server=GENERAL01000013;cloudType=Consumer;environment=Prod_EastUS2_000e;migrationStage=NotStarted}
{"logTime": "1116/001133", "correlationVector":"JGYVC9R8LTDuiCKxP+XcRq","action":"Commit Request", "result":"", "context":Item count: 4
Contributing types: Sessions}
{"logTime": "1116/001133", "correlationVector":"JGYVC9R8LTDuiCKxP+XcRq.1","action":"SyncServerConnectionManagerRequest", "result":"SYNC_SERVER_OK", "context":{"environment":"Prod_EastUS2_000e", "migrationStage":"NotStarted", "server":"GENERAL01000008"}}
{"logTime": "1116/001133", "correlationVector":"JGYVC9R8LTDuiCKxP+XcRq.2","action":"Commit Response", "result":"Success", "context":Result: Success. cV=JGYVC9R8LTDuiCKxP+XcRq.0;server=GENERAL01000008;cloudType=Consumer;environment=Prod_EastUS2_000e;migrationStage=NotStarted}
{"logTime": "1116/001207", "correlationVector":"xgvWoAax1f5vrR1d0yMHc/","action":"Commit Request", "result":"", "context":Item count: 4
Contributing types: Sessions}
{"logTime": "1116/001207", "correlationVector":"xgvWoAax1f5vrR1d0yMHc/.1","action":"SyncServerConnectionManagerRequest", "result":"SYNC_SERVER_OK", "context":{"environment":"Prod_EastUS2_000e", "migrationStage":"NotStarted", "server":"GENERAL0100002B"}}
{"logTime": "1116/001207", "correlationVector":"xgvWoAax1f5vrR1d0yMHc/.2","action":"Commit Response", "result":"Success", "context":Result: Success. cV=xgvWoAax1f5vrR1d0yMHc/.0;server=GENERAL0100002B;cloudType=Consumer;environment=Prod_EastUS2_000e;migrationStage=NotStarted}
{"logTime": "1116/001240", "correlationVector":"WxMs5bK9rAP/WBkSHoFgZJ","action":"Commit Request", "result":"", "context":Item count: 8
Contributing types: Sessions}
{"logTime": "1116/001241", "correlationVector":"WxMs5bK9rAP/WBkSHoFgZJ.1","action":"SyncServerConnectionManagerRequest", "result":"SYNC_SERVER_OK", "context":{"environment":"Prod_EastUS2_000e", "migrationStage":"NotStarted", "server":"GENERAL0100000O"}}
{"logTime": "1116/001241", "correlationVector":"WxMs5bK9rAP/WBkSHoFgZJ.3","action":"Commit.Sessions", "result":"Success", "context":{"id":"4f5bb9a8-1294-4f46-96ac-b2506aaa2119", "isDeleted":"true", "size":"0", "version":"1731715927596"}}
{"logTime": "1116/001241", "correlationVector":"WxMs5bK9rAP/WBkSHoFgZJ.4","action":"Commit.Sessions", "result":"Success", "context":{"id":"41ef8f89-36d1-4a85-8032-efc424fde075", "isDeleted":"true", "size":"0", "version":"1731715927597"}}
{"logTime": "1116/001241", "correlationVector":"WxMs5bK9rAP/WBkSHoFgZJ.2","action":"Commit Response", "result":"Success", "context":Result: Success. cV=WxMs5bK9rAP/WBkSHoFgZJ.0;server=GENERAL0100000O;cloudType=Consumer;environment=Prod_EastUS2_000e;migrationStage=NotStarted}
{"logTime": "1116/001357", "correlationVector":"26weRKGtJVPh19nlJwJ5lE","action":"Commit Request", "result":"", "context":Item count: 6
Contributing types: Sessions}
{"logTime": "1116/001358", "correlationVector":"26weRKGtJVPh19nlJwJ5lE.1","action":"SyncServerConnectionManagerRequest", "result":"SYNC_SERVER_OK", "context":{"environment":"Prod_EastUS2_000e", "migrationStage":"NotStarted", "server":"GENERAL0100001E"}}
{"logTime": "1116/001358", "correlationVector":"26weRKGtJVPh19nlJwJ5lE.3","action":"Commit.Sessions", "result":"Success", "context":{"id":"b52b2f2e-9efa-4374-bce6-c642130a270e", "isDeleted":"true", "size":"0", "version":"1731715960782"}}
{"logTime": "1116/001358", "correlationVector":"26weRKGtJVPh19nlJwJ5lE.4","action":"Commit.Sessions", "result":"Success", "context":{"id":"3b0055c4-06e2-4bbe-a7c8-f52e16d850c0", "isDeleted":"true", "size":"0", "version":"1731715960784"}}
{"logTime": "1116/001358", "correlationVector":"26weRKGtJVPh19nlJwJ5lE.5","action":"Commit.Sessions", "result":"Success", "context":{"id":"aa7a559b-b352-4220-b624-8a49b1f3764b", "isDeleted":"true", "size":"0", "version":"1731715960785"}}
{"logTime": "1116/001358", "correlationVector":"26weRKGtJVPh19nlJwJ5lE.6","action":"Commit.Sessions", "result":"Success", "context":{"id":"c6eb6df5-dd2b-429d-a56b-3da687b071e2", "isDeleted":"true", "size":"0", "version":"1731715960786"}}
{"logTime": "1116/001358", "correlationVector":"26weRKGtJVPh19nlJwJ5lE.7","action":"Commit.Sessions", "result":"Success", "context":{"id":"85cab1e0-5b13-4667-98e8-7a33d2de71d9", "isDeleted":"true", "size":"0", "version":"1731715960787"}}
{"logTime": "1116/001358", "correlationVector":"26weRKGtJVPh19nlJwJ5lE.2","action":"Commit Response", "result":"Success", "context":Result: Success. cV=26weRKGtJVPh19nlJwJ5lE.0;server=GENERAL0100001E;cloudType=Consumer;environment=Prod_EastUS2_000e;migrationStage=NotStarted}
{"logTime": "1116/001523", "correlationVector":"ZRLCnxFCIVoaBbpv8XGiBY","action":"Commit Request", "result":"", "context":Item count: 1
Contributing types: Preferences}
{"logTime": "1116/001524", "correlationVector":"ZRLCnxFCIVoaBbpv8XGiBY.1","action":"SyncServerConnectionManagerRequest", "result":"SYNC_SERVER_OK", "context":{"environment":"Prod_EastUS2_000e", "migrationStage":"NotStarted", "server":"GENERAL01000026"}}
{"logTime": "1116/001524", "correlationVector":"ZRLCnxFCIVoaBbpv8XGiBY.2","action":"Commit Response", "result":"Success", "context":Result: Success. cV=ZRLCnxFCIVoaBbpv8XGiBY.0;server=GENERAL01000026;cloudType=Consumer;environment=Prod_EastUS2_000e;migrationStage=NotStarted}
{"logTime": "1116/001601", "correlationVector":"Ir6M60Emu2UWIPIYfhzMn9","action":"Commit Request", "result":"", "context":Item count: 5
Contributing types: Typed URLs, Sessions}
{"logTime": "1116/001602", "correlationVector":"Ir6M60Emu2UWIPIYfhzMn9.1","action":"SyncServerConnectionManagerRequest", "result":"SYNC_SERVER_OK", "context":{"environment":"Prod_EastUS2_000e", "migrationStage":"NotStarted", "server":"GENERAL01000021"}}
{"logTime": "1116/001602", "correlationVector":"Ir6M60Emu2UWIPIYfhzMn9.3","action":"Commit.Typed URLs", "result":"Success", "context":{"id":"675e1938-89ef-4b3c-a78f-80a4eb530ac3", "isDeleted":"true", "size":"0", "version":"1731022442826"}}
{"logTime": "1116/001602", "correlationVector":"Ir6M60Emu2UWIPIYfhzMn9.2","action":"Commit Response", "result":"Success", "context":Result: Success. cV=Ir6M60Emu2UWIPIYfhzMn9.0;server=GENERAL01000021;cloudType=Consumer;environment=Prod_EastUS2_000e;migrationStage=NotStarted}
{"logTime": "1116/001634", "correlationVector":"AF32VFamAykIWMrKdzOLsw","action":"Commit Request", "result":"", "context":Item count: 1
Contributing types: Sessions}
{"logTime": "1116/001634", "correlationVector":"AF32VFamAykIWMrKdzOLsw.1","action":"SyncServerConnectionManagerRequest", "result":"SYNC_SERVER_OK", "context":{"environment":"Prod_EastUS2_000e", "migrationStage":"NotStarted", "server":"GENERAL0100000W"}}
{"logTime": "1116/001634", "correlationVector":"AF32VFamAykIWMrKdzOLsw.2","action":"Commit Response", "result":"Success", "context":Result: Success. cV=AF32VFamAykIWMrKdzOLsw.0;server=GENERAL0100000W;cloudType=Consumer;environment=Prod_EastUS2_000e;migrationStage=NotStarted}
{"logTime": "1116/001732", "correlationVector":"c3wL5LiVBTDxvqI2VUBWBF","action":"Commit Request", "result":"", "context":Item count: 3
Contributing types: Sessions}
{"logTime": "1116/001732", "correlationVector":"c3wL5LiVBTDxvqI2VUBWBF.1","action":"SyncServerConnectionManagerRequest", "result":"SYNC_SERVER_OK", "context":{"environment":"Prod_EastUS2_000e", "migrationStage":"NotStarted", "server":"GENERAL01000021"}}
{"logTime": "1116/001732", "correlationVector":"c3wL5LiVBTDxvqI2VUBWBF.2","action":"Commit Response", "result":"Success", "context":Result: Success. cV=c3wL5LiVBTDxvqI2VUBWBF.0;server=GENERAL01000021;cloudType=Consumer;environment=Prod_EastUS2_000e;migrationStage=NotStarted}
{"logTime": "1116/001736", "correlationVector":"TBj/k1ciAG/fZotAKSjrWb","action":"Commit Request", "result":"", "context":Item count: 4
Contributing types: Preferences, Typed URLs, Sessions}
{"logTime": "1116/001737", "correlationVector":"TBj/k1ciAG/fZotAKSjrWb.1","action":"SyncServerConnectionManagerRequest", "result":"SYNC_SERVER_OK", "context":{"environment":"Prod_EastUS2_000e", "migrationStage":"NotStarted", "server":"GENERAL0100000F"}}
{"logTime": "1116/001737", "correlationVector":"TBj/k1ciAG/fZotAKSjrWb.2","action":"Commit Response", "result":"Success", "context":Result: Success. cV=TBj/k1ciAG/fZotAKSjrWb.0;server=GENERAL0100000F;cloudType=Consumer;environment=Prod_EastUS2_000e;migrationStage=NotStarted}
{"logTime": "1116/001807", "correlationVector":"+FLyalVCrdwvaa2Dk1vRt7","action":"Commit Request", "result":"", "context":Item count: 1
Contributing types: Sessions}
{"logTime": "1116/001808", "correlationVector":"+FLyalVCrdwvaa2Dk1vRt7.1","action":"SyncServerConnectionManagerRequest", "result":"SYNC_SERVER_OK", "context":{"environment":"Prod_EastUS2_000e", "migrationStage":"NotStarted", "server":"GENERAL0100001O"}}
{"logTime": "1116/001808", "correlationVector":"+FLyalVCrdwvaa2Dk1vRt7.2","action":"Commit Response", "result":"Success", "context":Result: Success. cV=+FLyalVCrdwvaa2Dk1vRt7.0;server=GENERAL0100001O;cloudType=Consumer;environment=Prod_EastUS2_000e;migrationStage=NotStarted}
{"logTime": "1116/002042", "correlationVector":"27Gaj5LR3MNGU2UNztsXE4","action":"Commit Request", "result":"", "context":Item count: 4
Contributing types: Sessions}
{"logTime": "1116/002042", "correlationVector":"27Gaj5LR3MNGU2UNztsXE4.1","action":"SyncServerConnectionManagerRequest", "result":"SYNC_SERVER_OK", "context":{"environment":"Prod_EastUS2_000e", "migrationStage":"NotStarted", "server":"GENERAL0100001V"}}
{"logTime": "1116/002042", "correlationVector":"27Gaj5LR3MNGU2UNztsXE4.3","action":"Commit.Sessions", "result":"Success", "context":{"id":"c4e8c9bb-fd8c-4750-a4ab-11403b2e90d8", "isDeleted":"true", "size":"0", "version":"1731716287775"}}
{"logTime": "1116/002042", "correlationVector":"27Gaj5LR3MNGU2UNztsXE4.2","action":"Commit Response", "result":"Success", "context":Result: Success. cV=27Gaj5LR3MNGU2UNztsXE4.0;server=GENERAL0100001V;cloudType=Consumer;environment=Prod_EastUS2_000e;migrationStage=NotStarted}
{"logTime": "1116/002428", "correlationVector":"bngpFjOVxOb65k/5hZjjWb","action":"Commit Request", "result":"", "context":Item count: 1
Contributing types: Preferences}
{"logTime": "1116/002428", "correlationVector":"bngpFjOVxOb65k/5hZjjWb.1","action":"SyncServerConnectionManagerRequest", "result":"SYNC_SERVER_OK", "context":{"environment":"Prod_EastUS2_000e", "migrationStage":"NotStarted", "server":"GENERAL0100001V"}}
{"logTime": "1116/002428", "correlationVector":"bngpFjOVxOb65k/5hZjjWb.2","action":"Commit Response", "result":"Success", "context":Result: Success. cV=bngpFjOVxOb65k/5hZjjWb.0;server=GENERAL0100001V;cloudType=Consumer;environment=Prod_EastUS2_000e;migrationStage=NotStarted}
{"logTime": "1116/002536", "correlationVector":"4k0LzumrzUgQ7ySp5pkaEd","action":"Commit Request", "result":"", "context":Item count: 1
Contributing types: Sessions}
{"logTime": "1116/002536", "correlationVector":"4k0LzumrzUgQ7ySp5pkaEd.1","action":"SyncServerConnectionManagerRequest", "result":"SYNC_SERVER_OK", "context":{"environment":"Prod_EastUS2_000e", "migrationStage":"NotStarted", "server":"GENERAL0100001Z"}}
{"logTime": "1116/002536", "correlationVector":"4k0LzumrzUgQ7ySp5pkaEd.2","action":"Commit Response", "result":"Success", "context":Result: Success. cV=4k0LzumrzUgQ7ySp5pkaEd.0;server=GENERAL0100001Z;cloudType=Consumer;environment=Prod_EastUS2_000e;migrationStage=NotStarted}
{"logTime": "1116/002643", "correlationVector":"f48fvzHowogWoUGrOr4LtA","action":"Commit Request", "result":"", "context":Item count: 3
Contributing types: Sessions}
{"logTime": "1116/002643", "correlationVector":"f48fvzHowogWoUGrOr4LtA.1","action":"SyncServerConnectionManagerRequest", "result":"SYNC_SERVER_OK", "context":{"environment":"Prod_EastUS2_000e", "migrationStage":"NotStarted", "server":"GENERAL0100000A"}}
{"logTime": "1116/002643", "correlationVector":"f48fvzHowogWoUGrOr4LtA.2","action":"Commit Response", "result":"Success", "context":Result: Success. cV=f48fvzHowogWoUGrOr4LtA.0;server=GENERAL0100000A;cloudType=Consumer;environment=Prod_EastUS2_000e;migrationStage=NotStarted}
{"logTime": "1116/002718", "correlationVector":"ege/En+t02pochyjdPBXf5","action":"Commit Request", "result":"", "context":Item count: 2
Contributing types: Sessions}
{"logTime": "1116/002719", "correlationVector":"ege/En+t02pochyjdPBXf5.1","action":"SyncServerConnectionManagerRequest", "result":"SYNC_SERVER_OK", "context":{"environment":"Prod_EastUS2_000e", "migrationStage":"NotStarted", "server":"GENERAL0100001G"}}
{"logTime": "1116/002719", "correlationVector":"ege/En+t02pochyjdPBXf5.3","action":"Commit.Sessions", "result":"Success", "context":{"id":"08707ee4-b1b5-4a6d-a1ce-f90bc958a120", "isDeleted":"true", "size":"0", "version":"1731716803560"}}
{"logTime": "1116/002719", "correlationVector":"ege/En+t02pochyjdPBXf5.2","action":"Commit Response", "result":"Success", "context":Result: Success. cV=ege/En+t02pochyjdPBXf5.0;server=GENERAL0100001G;cloudType=Consumer;environment=Prod_EastUS2_000e;migrationStage=NotStarted}
{"logTime": "1116/002839", "correlationVector":"H/dqH1kLkx+QwQpaP91ehV","action":"Commit Request", "result":"", "context":Item count: 2
Contributing types: Sessions}
{"logTime": "1116/002839", "correlationVector":"H/dqH1kLkx+QwQpaP91ehV.1","action":"SyncServerConnectionManagerRequest", "result":"SYNC_SERVER_OK", "context":{"environment":"Prod_EastUS2_000e", "migrationStage":"NotStarted", "server":"GENERAL0100001X"}}
{"logTime": "1116/002839", "correlationVector":"H/dqH1kLkx+QwQpaP91ehV.3","action":"Commit.Sessions", "result":"Success", "context":{"id":"f4aeb021-eab0-42be-a1af-643b73b69d1e", "isDeleted":"true", "size":"0", "version":"1731716838676"}}
{"logTime": "1116/002839", "correlationVector":"H/dqH1kLkx+QwQpaP91ehV.2","action":"Commit Response", "result":"Success", "context":Result: Success. cV=H/dqH1kLkx+QwQpaP91ehV.0;server=GENERAL0100001X;cloudType=Consumer;environment=Prod_EastUS2_000e;migrationStage=NotStarted}
{"logTime": "1116/011923", "correlationVector":"uMqGvGsaaUxW87g2bGAaY3","action":"Commit Request", "result":"", "context":Item count: 2
Contributing types: Typed URLs, Sessions}
{"logTime": "1116/011924", "correlationVector":"uMqGvGsaaUxW87g2bGAaY3.1","action":"SyncServerConnectionManagerRequest", "result":"SYNC_SERVER_OK", "context":{"environment":"Prod_EastUS2_000e", "migrationStage":"NotStarted", "server":"GENERAL0100002E"}}
{"logTime": "1116/011924", "correlationVector":"uMqGvGsaaUxW87g2bGAaY3.2","action":"Commit Response", "result":"Success", "context":Result: Success. cV=uMqGvGsaaUxW87g2bGAaY3.0;server=GENERAL0100002E;cloudType=Consumer;environment=Prod_EastUS2_000e;migrationStage=NotStarted}
{"logTime": "1116/012826", "correlationVector":"ata93f3fiYgAPCcFOA/5IG","action":"Commit Request", "result":"", "context":Item count: 1
Contributing types: Sessions}
{"logTime": "1116/012826", "correlationVector":"ata93f3fiYgAPCcFOA/5IG.1","action":"SyncServerConnectionManagerRequest", "result":"SYNC_SERVER_OK", "context":{"environment":"Prod_EastUS2_000e", "migrationStage":"NotStarted", "server":"GENERAL01000016"}}
{"logTime": "1116/012826", "correlationVector":"ata93f3fiYgAPCcFOA/5IG.2","action":"Commit Response", "result":"Success", "context":Result: Success. cV=ata93f3fiYgAPCcFOA/5IG.0;server=GENERAL01000016;cloudType=Consumer;environment=Prod_EastUS2_000e;migrationStage=NotStarted}
{"logTime": "1116/020449", "correlationVector":"hPsVG/S0llQ+EiIM4M48S6","action":"Commit Request", "result":"", "context":Item count: 1
Contributing types: Sessions}
{"logTime": "1116/020450", "correlationVector":"hPsVG/S0llQ+EiIM4M48S6.1","action":"SyncServerConnectionManagerRequest", "result":"SYNC_SERVER_OK", "context":{"environment":"Prod_EastUS2_000e", "migrationStage":"NotStarted", "server":"GENERAL0100001J"}}
{"logTime": "1116/020450", "correlationVector":"hPsVG/S0llQ+EiIM4M48S6.2","action":"Commit Response", "result":"Success", "context":Result: Success. cV=hPsVG/S0llQ+EiIM4M48S6.0;server=GENERAL0100001J;cloudType=Consumer;environment=Prod_EastUS2_000e;migrationStage=NotStarted}
{"logTime": "1116/021457", "correlationVector":"k9ks+YCQtnOC0qPMomPYS1","action":"Commit Request", "result":"", "context":Item count: 1
Contributing types: Sessions}
{"logTime": "1116/021457", "correlationVector":"k9ks+YCQtnOC0qPMomPYS1.1","action":"SyncServerConnectionManagerRequest", "result":"SYNC_SERVER_OK", "context":{"environment":"Prod_EastUS2_000e", "migrationStage":"NotStarted", "server":"GENERAL01000016"}}
{"logTime": "1116/021457", "correlationVector":"k9ks+YCQtnOC0qPMomPYS1.2","action":"Commit Response", "result":"Success", "context":Result: Success. cV=k9ks+YCQtnOC0qPMomPYS1.0;server=GENERAL01000016;cloudType=Consumer;environment=Prod_EastUS2_000e;migrationStage=NotStarted}
{"logTime": "1116/022805", "correlationVector":"4Z8tklwfZUnwl1HiBsuH9a","action":"Commit Request", "result":"", "context":Item count: 1
Contributing types: Sessions}
{"logTime": "1116/022806", "correlationVector":"4Z8tklwfZUnwl1HiBsuH9a.1","action":"SyncServerConnectionManagerRequest", "result":"SYNC_SERVER_OK", "context":{"environment":"Prod_EastUS2_000e", "migrationStage":"NotStarted", "server":"GENERAL0100001W"}}
{"logTime": "1116/022806", "correlationVector":"4Z8tklwfZUnwl1HiBsuH9a.2","action":"Commit Response", "result":"Success", "context":Result: Success. cV=4Z8tklwfZUnwl1HiBsuH9a.0;server=GENERAL0100001W;cloudType=Consumer;environment=Prod_EastUS2_000e;migrationStage=NotStarted}
{"logTime": "1116/035304", "correlationVector":"2MWTVd3izqLFzgqxb6F/Ox","action":"Normal GetUpdate request", "result":"", "context":cV=2MWTVd3izqLFzgqxb6F/Ox
Nudged types: Preferences, Typed URLs, Sessions, Device Info
Refresh requested types: Bookmarks, Preferences, Passwords, Autofill Profiles, Autofill, Typed URLs, Extensions, Sessions, Extension settings, History Delete Directives, Device Info, User Consents, Send Tab To Self, Web Apps, Saved Tab Group, Collection, Edge E Drop, Edge Hub App Usage, Edge Tab Group, Edge Wallet, Encryption Keys}
{"logTime": "1116/035304", "correlationVector":"2MWTVd3izqLFzgqxb6F/Ox.1","action":"SyncServerConnectionManagerRequest", "result":"SYNC_SERVER_OK", "context":{"environment":"Prod_EastUS2_000e", "migrationStage":"NotStarted", "server":"GENERAL0100002B"}}
{"logTime": "1116/035304", "correlationVector":"2MWTVd3izqLFzgqxb6F/Ox.2","action":"GetUpdates", "result":"DeleteReceived", "context":{"id":"675e1938-89ef-4b3c-a78f-80a4eb530ac3", "isDeleted:":"true", "version":"1731716162000"}}
{"logTime": "1116/035304", "correlationVector":"2MWTVd3izqLFzgqxb6F/Ox.3","action":"GetUpdates", "result":"DeleteReceived", "context":{"id":"549b0e10-7537-48f5-8875-f9204591aed7", "isDeleted:":"true", "version":"1731708625589"}}
{"logTime": "1116/035304", "correlationVector":"2MWTVd3izqLFzgqxb6F/Ox.4","action":"GetUpdates", "result":"DeleteReceived", "context":{"id":"2796c193-b931-4ef6-a87b-23dad174f7d2", "isDeleted:":"true", "version":"1731709322899"}}
{"logTime": "1116/035304", "correlationVector":"2MWTVd3izqLFzgqxb6F/Ox.5","action":"GetUpdates", "result":"DeleteReceived", "context":{"id":"7c6aeedd-1f03-46e5-98b8-6cced020980c", "isDeleted:":"true", "version":"1731709463350"}}
{"logTime": "1116/035304", "correlationVector":"2MWTVd3izqLFzgqxb6F/Ox.6","action":"GetUpdates", "result":"DeleteReceived", "context":{"id":"4e403868-8637-49b2-9ae8-b64718a360cc", "isDeleted:":"true", "version":"1731709506002"}}
{"logTime": "1116/035304", "correlationVector":"2MWTVd3izqLFzgqxb6F/Ox.7","action":"GetUpdates", "result":"DeleteReceived", "context":{"id":"0e4976d0-ed9f-434d-bcb8-f081f6a8ff35", "isDeleted:":"true", "version":"1731710091110"}}
{"logTime": "1116/035304", "correlationVector":"2MWTVd3izqLFzgqxb6F/Ox.8","action":"GetUpdates", "result":"DeleteReceived", "context":{"id":"4f8e2703-c588-4e22-a13a-156145e39ee8", "isDeleted:":"true", "version":"1731710091111"}}
{"logTime": "1116/035304", "correlationVector":"2MWTVd3izqLFzgqxb6F/Ox.9","action":"GetUpdates", "result":"DeleteReceived", "context":{"id":"542681e3-ba92-4bfe-96a2-f4c1775817ec", "isDeleted:":"true", "version":"1731710091113"}}
{"logTime": "1116/035304", "correlationVector":"2MWTVd3izqLFzgqxb6F/Ox.10","action":"GetUpdates", "result":"DeleteReceived", "context":{"id":"da596d8d-7596-4e83-8827-878aaaa9a1e7", "isDeleted:":"true", "version":"1731710635416"}}
{"logTime": "1116/035304", "correlationVector":"2MWTVd3izqLFzgqxb6F/Ox.11","action":"GetUpdates", "result":"DeleteReceived", "context":{"id":"10380193-1798-46c2-9bce-c885b2b4bf4d", "isDeleted:":"true", "version":"1731712026512"}}
{"logTime": "1116/035304", "correlationVector":"2MWTVd3izqLFzgqxb6F/Ox.12","action":"GetUpdates", "result":"DeleteReceived", "context":{"id":"76883c7d-b60d-434e-b2cf-8238ad592eb9", "isDeleted:":"true", "version":"1731712199689"}}
{"logTime": "1116/035304", "correlationVector":"2MWTVd3izqLFzgqxb6F/Ox.13","action":"GetUpdates", "result":"DeleteReceived", "context":{"id":"a62f237c-8c0a-424b-8826-95d4384bbe2a", "isDeleted:":"true", "version":"1731713046648"}}
{"logTime": "1116/035304", "correlationVector":"2MWTVd3izqLFzgqxb6F/Ox.14","action":"GetUpdates", "result":"DeleteReceived", "context":{"id":"4f5bb9a8-1294-4f46-96ac-b2506aaa2119", "isDeleted:":"true", "version":"1731715960780"}}
{"logTime": "1116/035304", "correlationVector":"2MWTVd3izqLFzgqxb6F/Ox.15","action":"GetUpdates", "result":"DeleteReceived", "context":{"id":"41ef8f89-36d1-4a85-8032-efc424fde075", "isDeleted:":"true", "version":"1731715960781"}}
{"logTime": "1116/035304", "correlationVector":"2MWTVd3izqLFzgqxb6F/Ox.16","action":"GetUpdates", "result":"DeleteReceived", "context":{"id":"b52b2f2e-9efa-4374-bce6-c642130a270e", "isDeleted:":"true", "version":"1731716038097"}}
{"logTime": "1116/035304", "correlationVector":"2MWTVd3izqLFzgqxb6F/Ox.17","action":"GetUpdates", "result":"DeleteReceived", "context":{"id":"3b0055c4-06e2-4bbe-a7c8-f52e16d850c0", "isDeleted:":"true", "version":"1731716038099"}}
{"logTime": "1116/035304", "correlationVector":"2MWTVd3izqLFzgqxb6F/Ox.18","action":"GetUpdates", "result":"DeleteReceived", "context":{"id":"aa7a559b-b352-4220-b624-8a49b1f3764b", "isDeleted:":"true", "version":"1731716038100"}}
{"logTime": "1116/035304", "correlationVector":"2MWTVd3izqLFzgqxb6F/Ox.19","action":"GetUpdates", "result":"DeleteReceived", "context":{"id":"c6eb6df5-dd2b-429d-a56b-3da687b071e2", "isDeleted:":"true", "version":"1731716038101"}}
{"logTime": "1116/035304", "correlationVector":"2MWTVd3izqLFzgqxb6F/Ox.20","action":"GetUpdates", "result":"DeleteReceived", "context":{"id":"85cab1e0-5b13-4667-98e8-7a33d2de71d9", "isDeleted:":"true", "version":"1731716038102"}}
{"logTime": "1116/035304", "correlationVector":"2MWTVd3izqLFzgqxb6F/Ox.21","action":"GetUpdates", "result":"DeleteReceived", "context":{"id":"c4e8c9bb-fd8c-4750-a4ab-11403b2e90d8", "isDeleted:":"true", "version":"1731716442390"}}
{"logTime": "1116/035304", "correlationVector":"2MWTVd3izqLFzgqxb6F/Ox.22","action":"GetUpdates", "result":"DeleteReceived", "context":{"id":"08707ee4-b1b5-4a6d-a1ce-f90bc958a120", "isDeleted:":"true", "version":"1731716838675"}}
{"logTime": "1116/035304", "correlationVector":"2MWTVd3izqLFzgqxb6F/Ox.23","action":"GetUpdates", "result":"DeleteReceived", "context":{"id":"f4aeb021-eab0-42be-a1af-643b73b69d1e", "isDeleted:":"true", "version":"1731716919339"}}
{"logTime": "1116/035304", "correlationVector":"2MWTVd3izqLFzgqxb6F/Ox.24","action":"GetUpdates Response", "result":"Success", "context":Received 38 update(s). cV=2MWTVd3izqLFzgqxb6F/Ox.0;server=GENERAL0100002B;cloudType=Consumer;environment=Prod_EastUS2_000e;migrationStage=NotStarted}
{"logTime": "1116/035304", "correlationVector":"vKCG0ILTFe4Rjs9qTg3w9W","action":"Commit Request", "result":"", "context":Item count: 8
Contributing types: Preferences, Typed URLs, Sessions, Device Info}
{"logTime": "1116/035305", "correlationVector":"vKCG0ILTFe4Rjs9qTg3w9W.1","action":"SyncServerConnectionManagerRequest", "result":"SYNC_SERVER_OK", "context":{"environment":"Prod_EastUS2_000e", "migrationStage":"NotStarted", "server":"GENERAL0100001K"}}
{"logTime": "1116/035305", "correlationVector":"vKCG0ILTFe4Rjs9qTg3w9W.3","action":"Commit.Sessions", "result":"Success", "context":{"id":"150a10c6-1f12-41de-bce2-1902ecc931b9", "isDeleted":"true", "size":"0", "version":"1731714960141"}}
{"logTime": "1116/035305", "correlationVector":"vKCG0ILTFe4Rjs9qTg3w9W.2","action":"Commit Response", "result":"Success", "context":Result: Success. cV=vKCG0ILTFe4Rjs9qTg3w9W.0;server=GENERAL0100001K;cloudType=Consumer;environment=Prod_EastUS2_000e;migrationStage=NotStarted}
{"logTime": "1116/035305", "correlationVector":"vKCG0ILTFe4Rjs9qTg3w9W.4","action":"Commit.Sessions", "result":"Success", "context":{"id":"c1156faf-e8a0-45d4-80d9-e73208617b4a", "isDeleted":"true", "size":"0", "version":"1731724085760"}}
{"logTime": "1116/035305", "correlationVector":"vKCG0ILTFe4Rjs9qTg3w9W.5","action":"Commit.Sessions", "result":"Success", "context":{"id":"4c614e95-5bf1-4deb-ab55-e401925e91af", "isDeleted":"true", "size":"0", "version":"1731715662038"}}
{"logTime": "1116/035358", "correlationVector":"9Zr3gznVQ8trb1neCt3v4A","action":"Commit Request", "result":"", "context":Item count: 3
Contributing types: Typed URLs}
{"logTime": "1116/035359", "correlationVector":"9Zr3gznVQ8trb1neCt3v4A.1","action":"SyncServerConnectionManagerRequest", "result":"SYNC_SERVER_OK", "context":{"environment":"Prod_EastUS2_000e", "migrationStage":"NotStarted", "server":"GENERAL0100002B"}}
{"logTime": "1116/035359", "correlationVector":"9Zr3gznVQ8trb1neCt3v4A.2","action":"Commit Response", "result":"Success", "context":Result: Success. cV=9Zr3gznVQ8trb1neCt3v4A.0;server=GENERAL0100002B;cloudType=Consumer;environment=Prod_EastUS2_000e;migrationStage=NotStarted}
{"logTime": "1116/035804", "correlationVector":"X8IswyBR6izqdFmA3w7xj+","action":"Normal GetUpdate request", "result":"", "context":cV=X8IswyBR6izqdFmA3w7xj+
Refresh requested types: Bookmarks, Preferences, Passwords, Autofill Profiles, Autofill, Typed URLs, Extensions, Sessions, Extension settings, History Delete Directives, Device Info, User Consents, Send Tab To Self, Web Apps, Saved Tab Group, Collection, Edge E Drop, Edge Hub App Usage, Edge Tab Group, Edge Wallet, Encryption Keys}
{"logTime": "1116/035805", "correlationVector":"X8IswyBR6izqdFmA3w7xj+.1","action":"SyncServerConnectionManagerRequest", "result":"SYNC_SERVER_OK", "context":{"environment":"Prod_EastUS2_000e", "migrationStage":"NotStarted", "server":"GENERAL01000022"}}
{"logTime": "1116/035805", "correlationVector":"X8IswyBR6izqdFmA3w7xj+.2","action":"GetUpdates", "result":"DeleteReceived", "context":{"id":"150a10c6-1f12-41de-bce2-1902ecc931b9", "isDeleted:":"true", "version":"1731729185368"}}
{"logTime": "1116/035805", "correlationVector":"X8IswyBR6izqdFmA3w7xj+.3","action":"GetUpdates", "result":"DeleteReceived", "context":{"id":"c1156faf-e8a0-45d4-80d9-e73208617b4a", "isDeleted:":"true", "version":"1731729185369"}}
{"logTime": "1116/035805", "correlationVector":"X8IswyBR6izqdFmA3w7xj+.4","action":"GetUpdates", "result":"DeleteReceived", "context":{"id":"4c614e95-5bf1-4deb-ab55-e401925e91af", "isDeleted:":"true", "version":"1731729185370"}}
{"logTime": "1116/035805", "correlationVector":"X8IswyBR6izqdFmA3w7xj+.5","action":"GetUpdates Response", "result":"Success", "context":Received 11 update(s). cV=X8IswyBR6izqdFmA3w7xj+.0;server=GENERAL01000022;cloudType=Consumer;environment=Prod_EastUS2_000e;migrationStage=NotStarted}
{"logTime": "1116/041451", "correlationVector":"o4AhyUuQvThyoFAToRssLF","action":"Poll GetUpdate request", "result":"", "context":cV=o4AhyUuQvThyoFAToRssLF}
{"logTime": "1116/041452", "correlationVector":"o4AhyUuQvThyoFAToRssLF.1","action":"SyncServerConnectionManagerRequest", "result":"SYNC_SERVER_OK", "context":{"environment":"Prod_EastUS2_000e", "migrationStage":"NotStarted", "server":"GENERAL01000007"}}
{"logTime": "1116/041452", "correlationVector":"o4AhyUuQvThyoFAToRssLF.2","action":"GetUpdates Response", "result":"Success", "context":Received 0 update(s). cV=o4AhyUuQvThyoFAToRssLF.0;server=GENERAL01000007;cloudType=Consumer;environment=Prod_EastUS2_000e;migrationStage=NotStarted}
{"logTime": "1116/050529", "correlationVector":"nbfyPdiJbJF1OQg9DAzHuv","action":"Commit Request", "result":"", "context":Item count: 1
Contributing types: Typed URLs}
{"logTime": "1116/050529", "correlationVector":"nbfyPdiJbJF1OQg9DAzHuv.1","action":"SyncServerConnectionManagerRequest", "result":"SYNC_AUTH_ERROR", "context":{"environment":"Prod_EastUS2_000e", "migrationStage":"NotStarted", "server":"GENERAL0100002A"}}
{"logTime": "1116/050529", "correlationVector":"nbfyPdiJbJF1OQg9DAzHuv.2","action":"Commit Response", "result":"HTTP error (401)", "context":Result: HTTP error (401). cV=nbfyPdiJbJF1OQg9DAzHuv.0;server=GENERAL0100002A;cloudType=Undetermined;environment=Prod_EastUS2_000e;migrationStage=NotStarted}
{"logTime": "1116/050529", "correlationVector":"2lydCizZo9F/bccnqav4+a","action":"Commit Request", "result":"", "context":Item count: 1
Contributing types: Typed URLs}
{"logTime": "1116/050530", "correlationVector":"2lydCizZo9F/bccnqav4+a.1","action":"SyncServerConnectionManagerRequest", "result":"SYNC_SERVER_OK", "context":{"environment":"Prod_EastUS2_000e", "migrationStage":"NotStarted", "server":"GENERAL0100000Q"}}
{"logTime": "1116/050530", "correlationVector":"2lydCizZo9F/bccnqav4+a.2","action":"Commit Response", "result":"Success", "context":Result: Success. cV=2lydCizZo9F/bccnqav4+a.0;server=GENERAL0100000Q;cloudType=Consumer;environment=Prod_EastUS2_000e;migrationStage=NotStarted}
{"logTime": "1116/052729", "correlationVector":"zz5bWS1gRwTcr2bY5g66qx","action":"Commit Request", "result":"", "context":Item count: 1
Contributing types: Typed URLs}
{"logTime": "1116/052730", "correlationVector":"zz5bWS1gRwTcr2bY5g66qx.1","action":"SyncServerConnectionManagerRequest", "result":"SYNC_SERVER_OK", "context":{"environment":"Prod_EastUS2_000e", "migrationStage":"NotStarted", "server":"GENERAL0100002R"}}
{"logTime": "1116/052730", "correlationVector":"zz5bWS1gRwTcr2bY5g66qx.2","action":"Commit Response", "result":"Success", "context":Result: Success. cV=zz5bWS1gRwTcr2bY5g66qx.0;server=GENERAL0100002R;cloudType=Consumer;environment=Prod_EastUS2_000e;migrationStage=NotStarted}
{"logTime": "1116/053259", "correlationVector":"G4RceiX/oK2xb44R8uys2L","action":"Commit Request", "result":"", "context":Item count: 1
Contributing types: Typed URLs}
{"logTime": "1116/053259", "correlationVector":"G4RceiX/oK2xb44R8uys2L.1","action":"SyncServerConnectionManagerRequest", "result":"SYNC_SERVER_OK", "context":{"environment":"Prod_EastUS2_000e", "migrationStage":"NotStarted", "server":"GENERAL0100002V"}}
{"logTime": "1116/053259", "correlationVector":"G4RceiX/oK2xb44R8uys2L.2","action":"Commit Response", "result":"Success", "context":Result: Success. cV=G4RceiX/oK2xb44R8uys2L.0;server=GENERAL0100002V;cloudType=Consumer;environment=Prod_EastUS2_000e;migrationStage=NotStarted}
{"logTime": "1116/054214", "correlationVector":"Ww4wZM1hD289FarD15WXZO","action":"Commit Request", "result":"", "context":Item count: 3
Contributing types: Preferences, Sessions}
{"logTime": "1116/054215", "correlationVector":"Ww4wZM1hD289FarD15WXZO.1","action":"SyncServerConnectionManagerRequest", "result":"SYNC_SERVER_OK", "context":{"environment":"Prod_EastUS2_000e", "migrationStage":"NotStarted", "server":"GENERAL01000000"}}
{"logTime": "1116/054215", "correlationVector":"Ww4wZM1hD289FarD15WXZO.3","action":"Commit.Sessions", "result":"Success", "context":{"id":"b0b2b748-37a3-4ba5-8367-17462211e6bb", "isDeleted":"true", "size":"0", "version":"1731729185372"}}
{"logTime": "1116/054215", "correlationVector":"Ww4wZM1hD289FarD15WXZO.2","action":"Commit Response", "result":"Success", "context":Result: Success. cV=Ww4wZM1hD289FarD15WXZO.0;server=GENERAL01000000;cloudType=Consumer;environment=Prod_EastUS2_000e;migrationStage=NotStarted}
{"logTime": "1116/054247", "correlationVector":"+W7Ath3HI4m8P8tEL+UDuO","action":"Commit Request", "result":"", "context":Item count: 3
Contributing types: Sessions}
{"logTime": "1116/054247", "correlationVector":"+W7Ath3HI4m8P8tEL+UDuO.1","action":"SyncServerConnectionManagerRequest", "result":"SYNC_SERVER_OK", "context":{"environment":"Prod_EastUS2_000e", "migrationStage":"NotStarted", "server":"GENERAL0100001K"}}
{"logTime": "1116/054247", "correlationVector":"+W7Ath3HI4m8P8tEL+UDuO.2","action":"Commit Response", "result":"Success", "context":Result: Success. cV=+W7Ath3HI4m8P8tEL+UDuO.0;server=GENERAL0100001K;cloudType=Consumer;environment=Prod_EastUS2_000e;migrationStage=NotStarted}
{"logTime": "1116/054324", "correlationVector":"XUy09PLMtB4fs4YVxyV2ZY","action":"Commit Request", "result":"", "context":Item count: 2
Contributing types: Sessions}
{"logTime": "1116/054325", "correlationVector":"XUy09PLMtB4fs4YVxyV2ZY.1","action":"SyncServerConnectionManagerRequest", "result":"SYNC_SERVER_OK", "context":{"environment":"Prod_EastUS2_000e", "migrationStage":"NotStarted", "server":"GENERAL01000020"}}
{"logTime": "1116/054325", "correlationVector":"XUy09PLMtB4fs4YVxyV2ZY.3","action":"Commit.Sessions", "result":"Success", "context":{"id":"447e0a24-a320-48ab-9705-59cea123f99b", "isDeleted":"true", "size":"0", "version":"1731735767661"}}
{"logTime": "1116/054325", "correlationVector":"XUy09PLMtB4fs4YVxyV2ZY.2","action":"Commit Response", "result":"Success", "context":Result: Success. cV=XUy09PLMtB4fs4YVxyV2ZY.0;server=GENERAL01000020;cloudType=Consumer;environment=Prod_EastUS2_000e;migrationStage=NotStarted}
{"logTime": "1116/054358", "correlationVector":"HYRxhtSg0ZKBsDz3k88f11","action":"Commit Request", "result":"", "context":Item count: 1
Contributing types: Sessions}
{"logTime": "1116/054358", "correlationVector":"HYRxhtSg0ZKBsDz3k88f11.1","action":"SyncServerConnectionManagerRequest", "result":"SYNC_SERVER_OK", "context":{"environment":"Prod_EastUS2_000e", "migrationStage":"NotStarted", "server":"GENERAL0100000Z"}}
{"logTime": "1116/054358", "correlationVector":"HYRxhtSg0ZKBsDz3k88f11.2","action":"Commit Response", "result":"Success", "context":Result: Success. cV=HYRxhtSg0ZKBsDz3k88f11.0;server=GENERAL0100000Z;cloudType=Consumer;environment=Prod_EastUS2_000e;migrationStage=NotStarted}
{"logTime": "1116/054447", "correlationVector":"nKNw0ELhICfCEINLat1rm2","action":"Commit Request", "result":"", "context":Item count: 1
Contributing types: Sessions}
{"logTime": "1116/054448", "correlationVector":"nKNw0ELhICfCEINLat1rm2.1","action":"SyncServerConnectionManagerRequest", "result":"SYNC_SERVER_OK", "context":{"environment":"Prod_EastUS2_000e", "migrationStage":"NotStarted", "server":"GENERAL0100001E"}}
{"logTime": "1116/054448", "correlationVector":"nKNw0ELhICfCEINLat1rm2.2","action":"Commit Response", "result":"Success", "context":Result: Success. cV=nKNw0ELhICfCEINLat1rm2.0;server=GENERAL0100001E;cloudType=Consumer;environment=Prod_EastUS2_000e;migrationStage=NotStarted}
{"logTime": "1116/054521", "correlationVector":"oDuvzmKFCZ0NHKiYhljEZi","action":"Commit Request", "result":"", "context":Item count: 1
Contributing types: Sessions}
{"logTime": "1116/054522", "correlationVector":"oDuvzmKFCZ0NHKiYhljEZi.1","action":"SyncServerConnectionManagerRequest", "result":"SYNC_SERVER_OK", "context":{"environment":"Prod_EastUS2_000e", "migrationStage":"NotStarted", "server":"GENERAL01000019"}}
{"logTime": "1116/054522", "correlationVector":"oDuvzmKFCZ0NHKiYhljEZi.2","action":"Commit Response", "result":"Success", "context":Result: Success. cV=oDuvzmKFCZ0NHKiYhljEZi.0;server=GENERAL01000019;cloudType=Consumer;environment=Prod_EastUS2_000e;migrationStage=NotStarted}
{"logTime": "1116/054555", "correlationVector":"e2cUFOVe+Sxg/H4DsE2NOd","action":"Commit Request", "result":"", "context":Item count: 1
Contributing types: Sessions}
{"logTime": "1116/054556", "correlationVector":"e2cUFOVe+Sxg/H4DsE2NOd.1","action":"SyncServerConnectionManagerRequest", "result":"SYNC_SERVER_OK", "context":{"environment":"Prod_EastUS2_000e", "migrationStage":"NotStarted", "server":"GENERAL0100001F"}}
{"logTime": "1116/054556", "correlationVector":"e2cUFOVe+Sxg/H4DsE2NOd.2","action":"Commit Response", "result":"Success", "context":Result: Success. cV=e2cUFOVe+Sxg/H4DsE2NOd.0;server=GENERAL0100001F;cloudType=Consumer;environment=Prod_EastUS2_000e;migrationStage=NotStarted}
{"logTime": "1116/054629", "correlationVector":"DsK+CemnVZRj58/3S2i6vf","action":"Commit Request", "result":"", "context":Item count: 1
Contributing types: Sessions}
{"logTime": "1116/054629", "correlationVector":"DsK+CemnVZRj58/3S2i6vf.1","action":"SyncServerConnectionManagerRequest", "result":"SYNC_SERVER_OK", "context":{"environment":"Prod_EastUS2_000e", "migrationStage":"NotStarted", "server":"GENERAL0100000A"}}
{"logTime": "1116/054629", "correlationVector":"DsK+CemnVZRj58/3S2i6vf.2","action":"Commit Response", "result":"Success", "context":Result: Success. cV=DsK+CemnVZRj58/3S2i6vf.0;server=GENERAL0100000A;cloudType=Consumer;environment=Prod_EastUS2_000e;migrationStage=NotStarted}
{"logTime": "1116/054703", "correlationVector":"SvFQ3euWGkjU5F/NXAjvgN","action":"Commit Request", "result":"", "context":Item count: 1
Contributing types: Sessions}
{"logTime": "1116/054704", "correlationVector":"SvFQ3euWGkjU5F/NXAjvgN.1","action":"SyncServerConnectionManagerRequest", "result":"SYNC_SERVER_OK", "context":{"environment":"Prod_EastUS2_000e", "migrationStage":"NotStarted", "server":"GENERAL0100000W"}}
{"logTime": "1116/054704", "correlationVector":"SvFQ3euWGkjU5F/NXAjvgN.2","action":"Commit Response", "result":"Success", "context":Result: Success. cV=SvFQ3euWGkjU5F/NXAjvgN.0;server=GENERAL0100000W;cloudType=Consumer;environment=Prod_EastUS2_000e;migrationStage=NotStarted}
{"logTime": "1116/054754", "correlationVector":"X/Ujsipy3sfTQfHOtT5/ZE","action":"Commit Request", "result":"", "context":Item count: 1
Contributing types: Sessions}
{"logTime": "1116/054754", "correlationVector":"X/Ujsipy3sfTQfHOtT5/ZE.1","action":"SyncServerConnectionManagerRequest", "result":"SYNC_SERVER_OK", "context":{"environment":"Prod_EastUS2_000e", "migrationStage":"NotStarted", "server":"GENERAL0100001Y"}}
{"logTime": "1116/054754", "correlationVector":"X/Ujsipy3sfTQfHOtT5/ZE.2","action":"Commit Response", "result":"Success", "context":Result: Success. cV=X/Ujsipy3sfTQfHOtT5/ZE.0;server=GENERAL0100001Y;cloudType=Consumer;environment=Prod_EastUS2_000e;migrationStage=NotStarted}
{"logTime": "1116/054758", "correlationVector":"zy6oEWSdfSnCcyB9tIO/Fz","action":"Commit Request", "result":"", "context":Item count: 1
Contributing types: Preferences}
{"logTime": "1116/054759", "correlationVector":"zy6oEWSdfSnCcyB9tIO/Fz.1","action":"SyncServerConnectionManagerRequest", "result":"SYNC_SERVER_OK", "context":{"environment":"Prod_EastUS2_000e", "migrationStage":"NotStarted", "server":"GENERAL0100001S"}}
{"logTime": "1116/054759", "correlationVector":"zy6oEWSdfSnCcyB9tIO/Fz.2","action":"Commit Response", "result":"Success", "context":Result: Success. cV=zy6oEWSdfSnCcyB9tIO/Fz.0;server=GENERAL0100001S;cloudType=Consumer;environment=Prod_EastUS2_000e;migrationStage=NotStarted}
{"logTime": "1116/054818", "correlationVector":"L1cxKsiGNo+0ppPlccXPLO","action":"Commit Request", "result":"", "context":Item count: 4
Contributing types: Autofill, Typed URLs, Sessions}
{"logTime": "1116/054819", "correlationVector":"L1cxKsiGNo+0ppPlccXPLO.1","action":"SyncServerConnectionManagerRequest", "result":"SYNC_SERVER_OK", "context":{"environment":"Prod_EastUS2_000e", "migrationStage":"NotStarted", "server":"GENERAL0100000Z"}}
{"logTime": "1116/054819", "correlationVector":"L1cxKsiGNo+0ppPlccXPLO.2","action":"Commit Response", "result":"Success", "context":Result: Success. cV=L1cxKsiGNo+0ppPlccXPLO.0;server=GENERAL0100000Z;cloudType=Consumer;environment=Prod_EastUS2_000e;migrationStage=NotStarted}
{"logTime": "1116/054902", "correlationVector":"KO8OIWPk8tbujAHW0oRakL","action":"Commit Request", "result":"", "context":Item count: 3
Contributing types: Typed URLs, Sessions}
{"logTime": "1116/054903", "correlationVector":"KO8OIWPk8tbujAHW0oRakL.1","action":"SyncServerConnectionManagerRequest", "result":"SYNC_SERVER_OK", "context":{"environment":"Prod_EastUS2_000e", "migrationStage":"NotStarted", "server":"GENERAL01000000"}}
{"logTime": "1116/054903", "correlationVector":"KO8OIWPk8tbujAHW0oRakL.2","action":"Commit Response", "result":"Success", "context":Result: Success. cV=KO8OIWPk8tbujAHW0oRakL.0;server=GENERAL01000000;cloudType=Consumer;environment=Prod_EastUS2_000e;migrationStage=NotStarted}
{"logTime": "1116/054933", "correlationVector":"WBYyWeFTRIjxF+vKxhOYg3","action":"Commit Request", "result":"", "context":Item count: 1
Contributing types: Sessions}
{"logTime": "1116/054934", "correlationVector":"WBYyWeFTRIjxF+vKxhOYg3.1","action":"SyncServerConnectionManagerRequest", "result":"SYNC_SERVER_OK", "context":{"environment":"Prod_EastUS2_000e", "migrationStage":"NotStarted", "server":"GENERAL01000013"}}
{"logTime": "1116/054934", "correlationVector":"WBYyWeFTRIjxF+vKxhOYg3.2","action":"Commit Response", "result":"Success", "context":Result: Success. cV=WBYyWeFTRIjxF+vKxhOYg3.0;server=GENERAL01000013;cloudType=Consumer;environment=Prod_EastUS2_000e;migrationStage=NotStarted}
{"logTime": "1116/055015", "correlationVector":"CZmFNigDbnd4SZ+O2lEr8b","action":"Commit Request", "result":"", "context":Item count: 1
Contributing types: Sessions}
{"logTime": "1116/055016", "correlationVector":"CZmFNigDbnd4SZ+O2lEr8b.1","action":"SyncServerConnectionManagerRequest", "result":"SYNC_SERVER_OK", "context":{"environment":"Prod_EastUS2_000e", "migrationStage":"NotStarted", "server":"GENERAL0100000K"}}
{"logTime": "1116/055016", "correlationVector":"CZmFNigDbnd4SZ+O2lEr8b.2","action":"Commit Response", "result":"Success", "context":Result: Success. cV=CZmFNigDbnd4SZ+O2lEr8b.0;server=GENERAL0100000K;cloudType=Consumer;environment=Prod_EastUS2_000e;migrationStage=NotStarted}
{"logTime": "1116/055050", "correlationVector":"PRQnfme8wM7MrrJsuAb3Nu","action":"Commit Request", "result":"", "context":Item count: 1
Contributing types: Sessions}
{"logTime": "1116/055050", "correlationVector":"PRQnfme8wM7MrrJsuAb3Nu.1","action":"SyncServerConnectionManagerRequest", "result":"SYNC_SERVER_OK", "context":{"environment":"Prod_EastUS2_000e", "migrationStage":"NotStarted", "server":"GENERAL0100001D"}}
{"logTime": "1116/055050", "correlationVector":"PRQnfme8wM7MrrJsuAb3Nu.2","action":"Commit Response", "result":"Success", "context":Result: Success. cV=PRQnfme8wM7MrrJsuAb3Nu.0;server=GENERAL0100001D;cloudType=Consumer;environment=Prod_EastUS2_000e;migrationStage=NotStarted}
{"logTime": "1116/055210", "correlationVector":"9X4hWlcghUmgzi989DhODd","action":"Commit Request", "result":"", "context":Item count: 1
Contributing types: Sessions}
{"logTime": "1116/055211", "correlationVector":"9X4hWlcghUmgzi989DhODd.1","action":"SyncServerConnectionManagerRequest", "result":"SYNC_SERVER_OK", "context":{"environment":"Prod_EastUS2_000e", "migrationStage":"NotStarted", "server":"GENERAL0100002W"}}
{"logTime": "1116/055211", "correlationVector":"9X4hWlcghUmgzi989DhODd.2","action":"Commit Response", "result":"Success", "context":Result: Success. cV=9X4hWlcghUmgzi989DhODd.0;server=GENERAL0100002W;cloudType=Consumer;environment=Prod_EastUS2_000e;migrationStage=NotStarted}
{"logTime": "1116/055323", "correlationVector":"H6vr9Ejb8iYMTVtXRg1saA","action":"Commit Request", "result":"", "context":Item count: 1
Contributing types: Sessions}
{"logTime": "1116/055323", "correlationVector":"H6vr9Ejb8iYMTVtXRg1saA.1","action":"SyncServerConnectionManagerRequest", "result":"SYNC_SERVER_OK", "context":{"environment":"Prod_EastUS2_000e", "migrationStage":"NotStarted", "server":"GENERAL01000002"}}
{"logTime": "1116/055323", "correlationVector":"H6vr9Ejb8iYMTVtXRg1saA.2","action":"Commit Response", "result":"Success", "context":Result: Success. cV=H6vr9Ejb8iYMTVtXRg1saA.0;server=GENERAL01000002;cloudType=Consumer;environment=Prod_EastUS2_000e;migrationStage=NotStarted}
{"logTime": "1116/055552", "correlationVector":"UDpC2bqjLj0xHVZFJ9eliT","action":"Commit Request", "result":"", "context":Item count: 2
Contributing types: Sessions}
{"logTime": "1116/055552", "correlationVector":"UDpC2bqjLj0xHVZFJ9eliT.1","action":"SyncServerConnectionManagerRequest", "result":"SYNC_SERVER_OK", "context":{"environment":"Prod_EastUS2_000e", "migrationStage":"NotStarted", "server":"GENERAL0100002S"}}
{"logTime": "1116/055552", "correlationVector":"UDpC2bqjLj0xHVZFJ9eliT.2","action":"Commit Response", "result":"Success", "context":Result: Success. cV=UDpC2bqjLj0xHVZFJ9eliT.0;server=GENERAL0100002S;cloudType=Consumer;environment=Prod_EastUS2_000e;migrationStage=NotStarted}
