2024-11-14 12:06:31.693 [info] [main] Log level: Info
2024-11-14 12:06:31.693 [info] [main] Validating found git in: "git"
2024-11-14 12:06:31.693 [info] [main] Using git "2.39.5" from "git"
2024-11-14 12:06:31.693 [info] [Model][doInitialScan] Initial repository scan started
2024-11-14 12:06:31.702 [info] > git rev-parse --show-toplevel [19ms]
2024-11-14 12:06:31.702 [info] fatal: not a git repository (or any of the parent directories): .git
2024-11-14 12:06:31.728 [info] > git rev-parse --show-toplevel [4ms]
2024-11-14 12:06:31.728 [info] fatal: not a git repository (or any of the parent directories): .git
2024-11-14 12:06:31.754 [info] > git rev-parse --show-toplevel [17ms]
2024-11-14 12:06:31.780 [info] > git rev-parse --git-dir --git-common-dir [4ms]
2024-11-14 12:06:31.862 [info] [Model][openRepository] Opened repository: /home/hhouse/workspace/web_unlam/lab_back
2024-11-14 12:06:32.037 [info] > git rev-parse --show-toplevel [118ms]
2024-11-14 12:06:32.038 [info] > git config --get commit.template [139ms]
2024-11-14 12:06:32.250 [info] > git rev-parse --git-dir --git-common-dir [26ms]
2024-11-14 12:06:32.264 [info] [Model][openRepository] Opened repository: /home/hhouse/workspace/web_unlam/lab_front
2024-11-14 12:06:32.272 [info] [Model][doInitialScan] Initial repository scan completed - repositories (2), closed repositories (0), parent repositories (0), unsafe repositories (0)
2024-11-14 12:06:32.305 [info] > git for-each-ref --format=%(refname)%00%(upstream:short)%00%(objectname)%00%(upstream:track)%00%(upstream:remotename)%00%(upstream:remoteref) refs/heads/main refs/remotes/main [60ms]
2024-11-14 12:06:32.326 [info] > git config --get commit.template [35ms]
2024-11-14 12:06:32.355 [info] > git for-each-ref --format=%(refname)%00%(upstream:short)%00%(objectname)%00%(upstream:track)%00%(upstream:remotename)%00%(upstream:remoteref) refs/heads/main refs/remotes/main [31ms]
2024-11-14 12:06:32.397 [info] > git for-each-ref --sort -committerdate --format %(refname) %(objectname) %(*objectname) [44ms]
2024-11-14 12:06:32.407 [info] > git for-each-ref --sort -committerdate --format %(refname) %(objectname) %(*objectname) [11ms]
2024-11-14 12:06:32.456 [info] > git status -z -uall [76ms]
2024-11-14 12:06:32.611 [info] > git for-each-ref --format=%(refname)%00%(upstream:short)%00%(objectname)%00%(upstream:track)%00%(upstream:remotename)%00%(upstream:remoteref) refs/heads/main refs/remotes/main [82ms]
2024-11-14 12:06:32.656 [info] > git config --get commit.template [79ms]
2024-11-14 12:06:32.675 [info] > git status -z -uall [335ms]
2024-11-14 12:06:32.732 [info] > git config --local branch.main.vscode-merge-base [82ms]
2024-11-14 12:06:32.792 [info] > git for-each-ref --format=%(refname)%00%(upstream:short)%00%(objectname)%00%(upstream:track)%00%(upstream:remotename)%00%(upstream:remoteref) refs/heads/main refs/remotes/main [64ms]
2024-11-14 12:06:32.819 [info] > git for-each-ref --format=%(refname)%00%(upstream:short)%00%(objectname)%00%(upstream:track)%00%(upstream:remotename)%00%(upstream:remoteref) refs/heads/main refs/remotes/main [146ms]
2024-11-14 12:06:32.990 [info] > git config --local branch.main.vscode-merge-base [171ms]
2024-11-14 12:06:32.998 [info] > git config --get commit.template [206ms]
2024-11-14 12:06:32.998 [info] > git for-each-ref --format=%(refname)%00%(upstream:short)%00%(objectname)%00%(upstream:track)%00%(upstream:remotename)%00%(upstream:remoteref) refs/heads/origin/main refs/remotes/origin/main [233ms]
2024-11-14 12:06:33.145 [info] > git check-ignore -v -z --stdin [91ms]
2024-11-14 12:06:33.146 [info] > git check-ignore -v -z --stdin [73ms]
2024-11-14 12:06:33.151 [info] > git merge-base refs/heads/main refs/remotes/origin/main [140ms]
2024-11-14 12:06:33.158 [info] > git for-each-ref --format=%(refname)%00%(upstream:short)%00%(objectname)%00%(upstream:track)%00%(upstream:remotename)%00%(upstream:remoteref) refs/heads/origin/main refs/remotes/origin/main [161ms]
2024-11-14 12:06:33.196 [info] > git diff --name-status -z --diff-filter=ADMR d0b95825eac1890ed84b2809cc5575efceb19008...refs/remotes/origin/main [38ms]
2024-11-14 12:06:33.231 [info] > git merge-base refs/heads/main refs/remotes/origin/main [59ms]
2024-11-14 12:06:33.304 [info] > git status -z -uall [91ms]
2024-11-14 12:06:33.304 [info] > git diff --name-status -z --diff-filter=ADMR da74d6755010e544cbc42b101f0235b2fdeb3403...refs/remotes/origin/main [49ms]
2024-11-14 12:06:33.310 [info] > git for-each-ref --sort -committerdate --format %(refname) %(objectname) %(*objectname) [80ms]
2024-11-14 12:06:33.316 [info] > git for-each-ref --format=%(refname)%00%(upstream:short)%00%(objectname)%00%(upstream:track)%00%(upstream:remotename)%00%(upstream:remoteref) refs/heads/main refs/remotes/main [121ms]
2024-11-14 12:06:33.325 [info] > git rev-parse --show-toplevel [36ms]
2024-11-14 12:06:33.325 [info] fatal: not a git repository (or any of the parent directories): .git
2024-11-14 12:06:33.391 [info] > git for-each-ref --sort -committerdate --format %(refname) %(objectname) %(*objectname) [18ms]
2024-11-14 12:06:33.430 [info] > git status -z -uall [77ms]
2024-11-14 12:06:33.488 [info] > git rev-parse --show-toplevel [3ms]
2024-11-14 12:06:33.488 [info] fatal: not a git repository (or any of the parent directories): .git
2024-11-14 12:06:34.212 [info] > git rev-parse --show-toplevel [9ms]
2024-11-14 12:06:34.213 [info] fatal: not a git repository (or any of the parent directories): .git
2024-11-14 12:06:34.257 [info] > git rev-parse --show-toplevel [4ms]
2024-11-14 12:06:34.257 [info] fatal: not a git repository (or any of the parent directories): .git
2024-11-14 12:08:05.986 [info] > git check-ignore -v -z --stdin [4ms]
2024-11-14 12:08:08.976 [info] > git check-ignore -v -z --stdin [3ms]
2024-11-14 12:08:11.996 [info] > git check-ignore -v -z --stdin [7ms]
2024-11-14 12:08:16.067 [info] > git show --textconv :src/components/Login.js [48ms]
2024-11-14 12:08:16.091 [info] > git ls-files --stage -- /home/hhouse/workspace/web_unlam/lab_front/src/components/Login.js [36ms]
2024-11-14 12:08:16.178 [info] > git cat-file -s 46b13a55f8125bf2d1d407ecb550b6a22d4afbc9 [24ms]
2024-11-14 12:08:46.422 [info] > git check-ignore -v -z --stdin [5ms]
2024-11-14 12:08:47.682 [info] > git check-ignore -v -z --stdin [2ms]
2024-11-14 12:08:58.967 [info] > git check-ignore -v -z --stdin [9ms]
2024-11-14 12:08:59.901 [info] > git config --get commit.template [19ms]
2024-11-14 12:08:59.909 [info] > git for-each-ref --format=%(refname)%00%(upstream:short)%00%(objectname)%00%(upstream:track)%00%(upstream:remotename)%00%(upstream:remoteref) refs/heads/main refs/remotes/main [12ms]
2024-11-14 12:08:59.943 [info] > git status -z -uall [19ms]
2024-11-14 12:08:59.946 [info] > git for-each-ref --sort -committerdate --format %(refname) %(objectname) %(*objectname) [4ms]
2024-11-14 12:09:04.996 [info] > git config --get commit.template [18ms]
2024-11-14 12:09:04.998 [info] > git for-each-ref --format=%(refname)%00%(upstream:short)%00%(objectname)%00%(upstream:track)%00%(upstream:remotename)%00%(upstream:remoteref) refs/heads/main refs/remotes/main [5ms]
2024-11-14 12:09:05.030 [info] > git status -z -uall [16ms]
2024-11-14 12:09:05.037 [info] > git for-each-ref --sort -committerdate --format %(refname) %(objectname) %(*objectname) [8ms]
2024-11-14 12:09:05.648 [info] > git check-ignore -v -z --stdin [7ms]
2024-11-14 12:09:08.148 [info] > git show --textconv :controllers/bookingController.js [24ms]
2024-11-14 12:09:08.163 [info] > git ls-files --stage -- /home/hhouse/workspace/web_unlam/lab_back/controllers/bookingController.js [24ms]
2024-11-14 12:09:08.195 [info] > git cat-file -s 5c3de393be02564f05592f3405d17ca3e5b66866 [13ms]
2024-11-14 12:10:25.597 [info] > git show --textconv :src/components/Login.js [20ms]
2024-11-14 12:10:25.602 [info] > git ls-files --stage -- /home/hhouse/workspace/web_unlam/lab_front/src/components/Login.js [5ms]
2024-11-14 12:10:25.617 [info] > git cat-file -s 46b13a55f8125bf2d1d407ecb550b6a22d4afbc9 [4ms]
2024-11-14 12:10:42.422 [info] > git show --textconv :src/components/ReservaProyector.js [41ms]
2024-11-14 12:10:42.431 [info] > git ls-files --stage -- /home/hhouse/workspace/web_unlam/lab_front/src/components/ReservaProyector.js [10ms]
2024-11-14 12:10:42.461 [info] > git cat-file -s 72978442d2e3718b6c9a84b0db981244bb3255ea [12ms]
2024-11-14 12:12:07.172 [info] > git config --get commit.template [51ms]
2024-11-14 12:12:07.185 [info] > git for-each-ref --format=%(refname)%00%(upstream:short)%00%(objectname)%00%(upstream:track)%00%(upstream:remotename)%00%(upstream:remoteref) refs/heads/main refs/remotes/main [14ms]
2024-11-14 12:12:07.310 [info] > git status -z -uall [69ms]
2024-11-14 12:12:07.311 [info] > git for-each-ref --sort -committerdate --format %(refname) %(objectname) %(*objectname) [12ms]
2024-11-14 12:12:21.455 [info] > git config --get commit.template [32ms]
2024-11-14 12:12:21.471 [info] > git for-each-ref --format=%(refname)%00%(upstream:short)%00%(objectname)%00%(upstream:track)%00%(upstream:remotename)%00%(upstream:remoteref) refs/heads/main refs/remotes/main [17ms]
2024-11-14 12:12:21.526 [info] > git status -z -uall [42ms]
2024-11-14 12:12:21.531 [info] > git for-each-ref --sort -committerdate --format %(refname) %(objectname) %(*objectname) [19ms]
2024-11-14 12:13:24.976 [info] > git config --get commit.template [35ms]
2024-11-14 12:13:25.003 [info] > git for-each-ref --format=%(refname)%00%(upstream:short)%00%(objectname)%00%(upstream:track)%00%(upstream:remotename)%00%(upstream:remoteref) refs/heads/main refs/remotes/main [33ms]
2024-11-14 12:13:25.081 [info] > git status -z -uall [39ms]
2024-11-14 12:13:25.103 [info] > git for-each-ref --sort -committerdate --format %(refname) %(objectname) %(*objectname) [23ms]
2024-11-14 12:13:30.137 [info] > git config --get commit.template [12ms]
2024-11-14 12:13:30.142 [info] > git for-each-ref --format=%(refname)%00%(upstream:short)%00%(objectname)%00%(upstream:track)%00%(upstream:remotename)%00%(upstream:remoteref) refs/heads/main refs/remotes/main [6ms]
2024-11-14 12:13:30.169 [info] > git status -z -uall [17ms]
2024-11-14 12:13:30.170 [info] > git for-each-ref --sort -committerdate --format %(refname) %(objectname) %(*objectname) [3ms]
2024-11-14 12:13:36.677 [info] > git config --get commit.template [27ms]
2024-11-14 12:13:36.746 [info] > git for-each-ref --format=%(refname)%00%(upstream:short)%00%(objectname)%00%(upstream:track)%00%(upstream:remotename)%00%(upstream:remoteref) refs/heads/main refs/remotes/main [19ms]
2024-11-14 12:13:36.851 [info] > git status -z -uall [66ms]
2024-11-14 12:13:36.887 [info] > git for-each-ref --sort -committerdate --format %(refname) %(objectname) %(*objectname) [36ms]
2024-11-14 12:13:41.932 [info] > git config --get commit.template [13ms]
2024-11-14 12:13:41.936 [info] > git for-each-ref --format=%(refname)%00%(upstream:short)%00%(objectname)%00%(upstream:track)%00%(upstream:remotename)%00%(upstream:remoteref) refs/heads/main refs/remotes/main [6ms]
2024-11-14 12:13:41.969 [info] > git status -z -uall [16ms]
2024-11-14 12:13:41.975 [info] > git for-each-ref --sort -committerdate --format %(refname) %(objectname) %(*objectname) [7ms]
2024-11-14 12:13:47.039 [info] > git config --get commit.template [19ms]
2024-11-14 12:13:47.044 [info] > git for-each-ref --format=%(refname)%00%(upstream:short)%00%(objectname)%00%(upstream:track)%00%(upstream:remotename)%00%(upstream:remoteref) refs/heads/main refs/remotes/main [6ms]
2024-11-14 12:13:47.075 [info] > git status -z -uall [12ms]
2024-11-14 12:13:47.088 [info] > git for-each-ref --sort -committerdate --format %(refname) %(objectname) %(*objectname) [14ms]
2024-11-14 12:14:08.638 [info] > git config --get commit.template [46ms]
2024-11-14 12:14:08.651 [info] > git for-each-ref --format=%(refname)%00%(upstream:short)%00%(objectname)%00%(upstream:track)%00%(upstream:remotename)%00%(upstream:remoteref) refs/heads/main refs/remotes/main [15ms]
2024-11-14 12:14:08.720 [info] > git status -z -uall [44ms]
2024-11-14 12:14:08.723 [info] > git for-each-ref --sort -committerdate --format %(refname) %(objectname) %(*objectname) [5ms]
2024-11-14 12:14:10.449 [info] > git show --textconv :controllers/bookingController.js [39ms]
2024-11-14 12:14:10.462 [info] > git ls-files --stage -- /home/hhouse/workspace/web_unlam/lab_back/controllers/bookingController.js [36ms]
2024-11-14 12:14:10.494 [info] > git cat-file -s 5c3de393be02564f05592f3405d17ca3e5b66866 [14ms]
2024-11-14 12:14:13.769 [info] > git config --get commit.template [18ms]
2024-11-14 12:14:13.775 [info] > git for-each-ref --format=%(refname)%00%(upstream:short)%00%(objectname)%00%(upstream:track)%00%(upstream:remotename)%00%(upstream:remoteref) refs/heads/main refs/remotes/main [8ms]
2024-11-14 12:14:13.807 [info] > git status -z -uall [19ms]
2024-11-14 12:14:13.814 [info] > git for-each-ref --sort -committerdate --format %(refname) %(objectname) %(*objectname) [8ms]
2024-11-14 12:14:17.590 [info] > git config --get commit.template [41ms]
2024-11-14 12:14:17.623 [info] > git for-each-ref --format=%(refname)%00%(upstream:short)%00%(objectname)%00%(upstream:track)%00%(upstream:remotename)%00%(upstream:remoteref) refs/heads/main refs/remotes/main [33ms]
2024-11-14 12:14:17.727 [info] > git for-each-ref --sort -committerdate --format %(refname) %(objectname) %(*objectname) [8ms]
2024-11-14 12:14:17.771 [info] > git status -z -uall [109ms]
2024-11-14 12:14:58.886 [info] > git config --get commit.template [12ms]
2024-11-14 12:14:58.891 [info] > git for-each-ref --format=%(refname)%00%(upstream:short)%00%(objectname)%00%(upstream:track)%00%(upstream:remotename)%00%(upstream:remoteref) refs/heads/main refs/remotes/main [6ms]
2024-11-14 12:14:58.916 [info] > git status -z -uall [14ms]
2024-11-14 12:14:58.924 [info] > git for-each-ref --sort -committerdate --format %(refname) %(objectname) %(*objectname) [10ms]
2024-11-14 12:15:03.987 [info] > git config --get commit.template [15ms]
2024-11-14 12:15:03.991 [info] > git for-each-ref --format=%(refname)%00%(upstream:short)%00%(objectname)%00%(upstream:track)%00%(upstream:remotename)%00%(upstream:remoteref) refs/heads/main refs/remotes/main [7ms]
2024-11-14 12:15:04.016 [info] > git status -z -uall [15ms]
2024-11-14 12:15:04.022 [info] > git for-each-ref --sort -committerdate --format %(refname) %(objectname) %(*objectname) [7ms]
2024-11-14 12:15:21.547 [info] > git config --get commit.template [1ms]
2024-11-14 12:15:21.599 [info] > git for-each-ref --format=%(refname)%00%(upstream:short)%00%(objectname)%00%(upstream:track)%00%(upstream:remotename)%00%(upstream:remoteref) refs/heads/main refs/remotes/main [2ms]
2024-11-14 12:15:21.725 [info] > git for-each-ref --sort -committerdate --format %(refname) %(objectname) %(*objectname) [4ms]
2024-11-14 12:15:21.783 [info] > git status -z -uall [164ms]
2024-11-14 12:16:24.006 [info] > git for-each-ref --format=%(refname)%00%(upstream:short)%00%(objectname)%00%(upstream:track)%00%(upstream:remotename)%00%(upstream:remoteref) refs/heads/main refs/remotes/main [5ms]
2024-11-14 12:16:24.024 [info] > git config --get commit.template [45ms]
2024-11-14 12:16:24.316 [info] > git for-each-ref --sort -committerdate --format %(refname) %(objectname) %(*objectname) [18ms]
2024-11-14 12:16:24.416 [info] > git status -z -uall [281ms]
