[09:44:53.742] Log Level: 2
[09:44:53.839] VS Code version: 1.95.2
[09:44:53.839] Remote-SSH version: remote-ssh@0.115.0
[09:44:53.840] linux x64
[09:44:53.844] SSH Resolver called for "ssh-remote+10.10.203.9", attempt 1
[09:44:53.848] "remote.SSH.useLocalServer": true
[09:44:53.849] "remote.SSH.useExecServer": true
[09:44:53.849] "remote.SSH.path": undefined
[09:44:53.850] "remote.SSH.configFile": undefined
[09:44:53.850] "remote.SSH.useFlock": true
[09:44:53.850] "remote.SSH.lockfilesInTmp": false
[09:44:53.850] "remote.SSH.localServerDownload": auto
[09:44:53.851] "remote.SSH.remoteServerListenOnSocket": false
[09:44:53.851] "remote.SSH.showLoginTerminal": false
[09:44:53.851] "remote.SSH.defaultExtensions": []
[09:44:53.851] "remote.SSH.loglevel": 2
[09:44:53.852] "remote.SSH.enableDynamicForwarding": true
[09:44:53.852] "remote.SSH.enableRemoteCommand": false
[09:44:53.853] "remote.SSH.serverPickPortsFromRange": {}
[09:44:53.853] "remote.SSH.serverInstallPath": {}
[09:44:53.853] "remote.SSH.permitPtyAllocation": false
[09:44:53.853] "remote.SSH.preferredLocalPortRange: undefined
[09:44:53.854] "remote.SSH.useCurlAndWgetConfigurationFiles: false
[09:44:53.881] SSH Resolver called for host: 10.10.203.9
[09:44:53.881] Setting up SSH remote "10.10.203.9"
[09:44:53.903] Acquiring local install lock: /tmp/vscode-remote-ssh-747cf1c3-install.lock
[09:44:53.908] Looking for existing server data file at /home/hhouse/.config/Code/User/globalStorage/ms-vscode-remote.remote-ssh/vscode-ssh-host-747cf1c3-e8653663e8840adaf45af01eab5c627a5af81807-0.115.0-es/data.json
[09:44:53.908] No existing data file
[09:44:53.910] Using commit id "e8653663e8840adaf45af01eab5c627a5af81807" and quality "stable" for server
[09:44:53.917] Script variables:
 {
  "InstallExitCode.24": "AlreadyInProgress",
  "InstallExitCode.25": "ServerDownloadFailed",
  "InstallExitCode.26": "NoDownloaderAvailable",
  "InstallExitCode.27": "UnsupportedArch",
  "InstallExitCode.28": "StatusCheckFailed",
  "InstallExitCode.29": "NeedInsidersArch",
  "InstallExitCode.30": "NoDownloaderAvailableForStatusCheck",
  "InstallExitCode.31": "ServerTransferFailed",
  "InstallExitCode.32": "ServerFailedToStart",
  "InstallExitCode.33": "NeedInsidersWindows",
  "InstallExitCode.34": "CreateInstallDirFailed",
  "InstallExitCode.35": "UnsupportedPlatform",
  "InstallExitCode.36": "ServerTerminatedCVE20201416",
  "InstallExitCode.37": "UnpackFailed",
  "InstallExitCode.38": "ChangeDirFailed",
  "InstallExitCode.AlreadyInProgress": "24",
  "InstallExitCode.ServerDownloadFailed": "25",
  "InstallExitCode.NoDownloaderAvailable": "26",
  "InstallExitCode.NoDownloaderAvailableForStatusCheck": "30",
  "InstallExitCode.UnsupportedArch": "27",
  "InstallExitCode.StatusCheckFailed": "28",
  "InstallExitCode.NeedInsidersArch": "29",
  "InstallExitCode.ServerTransferFailed": "31",
  "InstallExitCode.ServerFailedToStart": "32",
  "InstallExitCode.NeedInsidersWindows": "33",
  "InstallExitCode.CreateInstallDirFailed": "34",
  "InstallExitCode.UnsupportedPlatform": "35",
  "InstallExitCode.ServerTerminatedCVE20201416": "36",
  "InstallExitCode.UnpackFailed": "37",
  "InstallExitCode.ChangeDirFailed": "38",
  "InstallUnpackCode.Success": "success",
  "InstallUnpackCode.Error": "error",
  "InstallUnpackCode.MissingFiles": "missingFiles",
  "uuid": "950d007b947c",
  "startMarker": "950d007b947c: running",
  "commitId": "e8653663e8840adaf45af01eab5c627a5af81807",
  "quality": "stable",
  "token": "aa11111a-1111-1a11-a1a1-1111a111a111",
  "vscodeAgentFolder": "$HOME/.vscode-server",
  "allowClientDownload": "1",
  "forceClientDownload": "0",
  "cliNameInArchive": "code",
  "ignoreWgetConfigFlag": " --no-config ",
  "ignoreCurlConfigFlag": " --disable ",
  "wgetTriesSegment": "--tries=1",
  "listenArgs": "--on-host=127.0.0.1 --on-port",
  "getDownloadServerStartTrigger": "950d007b947c:trigger_server_download",
  "getDownloadServerEndTrigger": "950d007b947c:trigger_server_download_end",
  "getProgressDownloading": "950d007b947c%%1%%",
  "getProgressInstalling": "950d007b947c%%2%%"
}
[09:44:53.924] Install and start server if needed
[09:44:53.949] PATH: /usr/local/bin:/usr/bin:/bin:/usr/local/games:/usr/games
[09:44:53.950] Checking ssh with "ssh -V"
[09:44:53.971] > OpenSSH_9.2p1 Debian-2+deb12u3, OpenSSL 3.0.15 3 Sep 2024

[09:44:53.982] askpass server listening on /run/user/1000/vscode-ssh-askpass-5c844a4335d4558b73a6860ca5c26ae671d03510.sock
[09:44:53.982] Spawning local server with {"serverId":1,"ipcHandlePath":"/run/user/1000/vscode-ssh-askpass-9957a22d27d2d63830f3b16df65b0b2547f798c1.sock","sshCommand":"ssh","sshArgs":["-v","-T","-D","38715","-o","ConnectTimeout=15","10.10.203.9"],"serverDataFolderName":".vscode-server","dataFilePath":"/home/hhouse/.config/Code/User/globalStorage/ms-vscode-remote.remote-ssh/vscode-ssh-host-747cf1c3-e8653663e8840adaf45af01eab5c627a5af81807-0.115.0-es/data.json"}
[09:44:53.982] Local server env: {"SSH_AUTH_SOCK":"/tmp/ssh-XXXXXX22eO3G/agent.876","SHELL":"/bin/bash","DISPLAY":":0","ELECTRON_RUN_AS_NODE":"1","SSH_ASKPASS":"/home/hhouse/.vscode/extensions/ms-vscode-remote.remote-ssh-0.115.0/out/local-server/askpass.sh","VSCODE_SSH_ASKPASS_NODE":"/usr/share/code/code","VSCODE_SSH_ASKPASS_EXTRA_ARGS":"","VSCODE_SSH_ASKPASS_MAIN":"/home/hhouse/.vscode/extensions/ms-vscode-remote.remote-ssh-0.115.0/out/askpass-main.js","VSCODE_SSH_ASKPASS_HANDLE":"/run/user/1000/vscode-ssh-askpass-5c844a4335d4558b73a6860ca5c26ae671d03510.sock"}
[09:44:53.993] Spawned 5244
[09:44:53.997] Using connect timeout of 17 seconds
[09:44:54.353] > local-server-1> Running ssh connection command: ssh -v -T -D 38715 -o ConnectTimeout=15 10.10.203.9
[09:44:54.356] > local-server-1> Spawned ssh, pid=5252
[09:44:54.377] stderr> OpenSSH_9.2p1 Debian-2+deb12u3, OpenSSL 3.0.15 3 Sep 2024
[09:44:54.642] stderr> debug1: Server host key: ssh-ed25519 SHA256:Tkvky9fEEjFo+YqoSQYYdOa/uET6G87uxEkfDwK6MGg
[09:44:54.956] Got askpass request: {"request":" diit@10.10.203.9's password: "}
[09:44:54.959] Showing password prompt
[09:44:54.964] Listening for interwindow password on /run/user/1000/vscode-ssh-askpass-1478df612f98437bfe24eff09a5c7bcd5fcf299a.sock
[09:44:54.964] Writing password prompt to globalState
[09:45:07.367] Got password response
[09:45:07.368] Interactor gave response: ************
[09:45:07.369] Cleaning up other-window auth server
[09:45:07.377] Using connect timeout of 17 seconds
[09:45:07.547] stderr> Authenticated to 10.10.203.9 ([10.10.203.9]:22) using "password".
[09:45:07.660] > Linux inventario-electronica 6.1.0-18-amd64 #1 SMP PREEMPT_DYNAMIC Debian 6.1.76-1 (2024-02-01) x86_64
> 
> The programs included with the Debian GNU/Linux system are free software;
> the exact distribution terms for each program are described in the
> individual files in /usr/share/doc/*/copyright.
> 
> Debian GNU/Linux comes with ABSOLUTELY NO WARRANTY, to the extent
> permitted by applicable law.
[09:45:07.669] > ready: 950d007b947c
[09:45:07.673] > Linux 6.1.0-18-amd64 #1 SMP PREEMPT_DYNAMIC Debian 6.1.76-1 (2024-02-01)
[09:45:07.674] Platform: linux
[09:45:07.676] > /bin/bash
[09:45:07.676] Parent Shell: bash
[09:45:07.676] Parent Shell pid: 5244
[09:45:07.680] > 40641
[09:45:07.681] Waiting for pid of spawned 'sh' subshell: '40641'...
[09:45:07.685] > 950d007b947c: running
> Script executing under PID: 40641
[09:45:07.704] > Found existing installation at /home/diit/.vscode-server...
> Starting VS Code CLI...
> printenv:
[09:45:07.707] >     LANGUAGE=en_US:en
>     USER=diit
>     SSH_CLIENT=10.9.209.19 60874 22
>     XDG_SESSION_TYPE=tty
>     SHLVL=1
>     MOTD_SHOWN=pam
>     HOME=/home/diit
>     DBUS_SESSION_BUS_ADDRESS=unix:path=/run/user/1001/bus
>     LOGNAME=diit
>     _=/usr/bin/sh
>     XDG_SESSION_CLASS=user
>     XDG_SESSION_ID=1374
>     PATH=/usr/local/bin:/usr/bin:/bin:/usr/local/games:/usr/games:/snap/bin
>     XDG_RUNTIME_DIR=/run/user/1001
>     LANG=en_US.UTF-8
>     SHELL=/bin/bash
>     PWD=/home/diit
>     SSH_CONNECTION=10.9.209.19 60874 10.10.203.9 22
>     XDG_DATA_DIRS=/usr/local/share:/usr/share:/var/lib/snapd/desktop
[09:45:07.710] > Removing old logfile at /home/diit/.vscode-server/.cli.e8653663e8840adaf45af01eab5c627a5af81807.log
[09:45:07.712] > Spawned remote CLI: 40659
[09:45:07.723] > Waiting for server log...
[09:45:07.767] > Waiting for server log...
[09:45:07.809] > Waiting for server log...
[09:45:07.852] > 950d007b947c: start
> listeningOn==127.0.0.1:37333==
> osReleaseId==debian==
> arch==x86_64==
> vscodeArch==x64==
> bitness==64==
> tmpDir==/run/user/1001==
> platform==linux==
> unpackResult====
> didLocalDownload==0==
> downloadTime====
> installTime====
> serverStartTime==141==
> execServerToken==aa11111a-1111-1a11-a1a1-1111a111a111==
> platformDownloadPath==cli-alpine-x64==
> 950d007b947c: end
[09:45:07.853] Received install output: 
listeningOn==127.0.0.1:37333==
osReleaseId==debian==
arch==x86_64==
vscodeArch==x64==
bitness==64==
tmpDir==/run/user/1001==
platform==linux==
unpackResult====
didLocalDownload==0==
downloadTime====
installTime====
serverStartTime==141==
execServerToken==aa11111a-1111-1a11-a1a1-1111a111a111==
platformDownloadPath==cli-alpine-x64==

[09:45:07.856] Remote server is listening on port 37333
[09:45:07.856] Parsed server configuration: {"serverConfiguration":{"remoteListeningOn":{"port":37333},"osReleaseId":"debian","arch":"x86_64","tmpDir":"/run/user/1001","platform":"linux","execServerToken":"aa11111a-1111-1a11-a1a1-1111a111a111"},"serverStartTime":141,"installUnpackCode":""}
[09:45:07.859] Persisting server connection details to /home/hhouse/.config/Code/User/globalStorage/ms-vscode-remote.remote-ssh/vscode-ssh-host-747cf1c3-e8653663e8840adaf45af01eab5c627a5af81807-0.115.0-es/data.json
[09:45:07.871] Starting forwarding server. local port 40551 -> socksPort 38715 -> remotePort 37333
[09:45:07.872] Forwarding server listening on port 40551
[09:45:07.875] Waiting for ssh tunnel to be ready
[09:45:07.881] [Forwarding server port 40551] Got connection 0
[09:45:07.886] Tunneled port 37333 to local port 40551
[09:45:07.887] Resolved "ssh-remote+10.10.203.9" to "port 40551"
[09:45:07.931] Initizing new exec server for ssh-remote+10.10.203.9
[09:45:07.932] Resolving exec server at port 40551
[09:45:07.936] [Forwarding server port 40551] Got connection 1
[09:45:08.080] Exec server for ssh-remote+10.10.203.9 created and cached
[09:45:08.114] ------




[09:45:08.253] [server] Checking /home/diit/.vscode-server/cli/servers/Stable-e8653663e8840adaf45af01eab5c627a5af81807/log.txt and /home/diit/.vscode-server/cli/servers/Stable-e8653663e8840adaf45af01eab5c627a5af81807/pid.txt for a running server...
[09:45:08.257] [server] Found running server (pid=40562)
[10:05:27.875] ------




[10:05:27.875] SSH Resolver called for "ssh-remote+10.10.203.9", attempt 2, (Reconnection)
[10:05:27.885] SSH Resolver called for host: 10.10.203.9
[10:05:27.885] Setting up SSH remote "10.10.203.9"
[10:05:27.894] Acquiring local install lock: /tmp/vscode-remote-ssh-747cf1c3-install.lock
[10:05:27.915] Looking for existing server data file at /home/hhouse/.config/Code/User/globalStorage/ms-vscode-remote.remote-ssh/vscode-ssh-host-747cf1c3-e8653663e8840adaf45af01eab5c627a5af81807-0.115.0-es/data.json
[10:05:27.919] Found existing data file
[10:05:27.920] Found local server running: {"remoteListeningOn":{"port":37333},"osReleaseId":"debian","arch":"x86_64","tmpDir":"/run/user/1001","platform":"linux","execServerToken":"fb55679b-2345-4f56-a1d8-7695c073d346","pid":5244,"ipcHandlePath":"/run/user/1000/vscode-ssh-askpass-9957a22d27d2d63830f3b16df65b0b2547f798c1.sock","socksPort":38715,"startupTime":1731329093994}
[10:05:27.920] Running server is stale. Ignoring
[10:05:27.925] Using commit id "e8653663e8840adaf45af01eab5c627a5af81807" and quality "stable" for server
[10:05:27.961] Script variables:
 {
  "InstallExitCode.24": "AlreadyInProgress",
  "InstallExitCode.25": "ServerDownloadFailed",
  "InstallExitCode.26": "NoDownloaderAvailable",
  "InstallExitCode.27": "UnsupportedArch",
  "InstallExitCode.28": "StatusCheckFailed",
  "InstallExitCode.29": "NeedInsidersArch",
  "InstallExitCode.30": "NoDownloaderAvailableForStatusCheck",
  "InstallExitCode.31": "ServerTransferFailed",
  "InstallExitCode.32": "ServerFailedToStart",
  "InstallExitCode.33": "NeedInsidersWindows",
  "InstallExitCode.34": "CreateInstallDirFailed",
  "InstallExitCode.35": "UnsupportedPlatform",
  "InstallExitCode.36": "ServerTerminatedCVE20201416",
  "InstallExitCode.37": "UnpackFailed",
  "InstallExitCode.38": "ChangeDirFailed",
  "InstallExitCode.AlreadyInProgress": "24",
  "InstallExitCode.ServerDownloadFailed": "25",
  "InstallExitCode.NoDownloaderAvailable": "26",
  "InstallExitCode.NoDownloaderAvailableForStatusCheck": "30",
  "InstallExitCode.UnsupportedArch": "27",
  "InstallExitCode.StatusCheckFailed": "28",
  "InstallExitCode.NeedInsidersArch": "29",
  "InstallExitCode.ServerTransferFailed": "31",
  "InstallExitCode.ServerFailedToStart": "32",
  "InstallExitCode.NeedInsidersWindows": "33",
  "InstallExitCode.CreateInstallDirFailed": "34",
  "InstallExitCode.UnsupportedPlatform": "35",
  "InstallExitCode.ServerTerminatedCVE20201416": "36",
  "InstallExitCode.UnpackFailed": "37",
  "InstallExitCode.ChangeDirFailed": "38",
  "InstallUnpackCode.Success": "success",
  "InstallUnpackCode.Error": "error",
  "InstallUnpackCode.MissingFiles": "missingFiles",
  "uuid": "5ad06c4c675d",
  "startMarker": "5ad06c4c675d: running",
  "commitId": "e8653663e8840adaf45af01eab5c627a5af81807",
  "quality": "stable",
  "token": "a11a1111-aaaa-1aaa-a1a1-11111a1111a1",
  "vscodeAgentFolder": "$HOME/.vscode-server",
  "allowClientDownload": "1",
  "forceClientDownload": "0",
  "cliNameInArchive": "code",
  "ignoreWgetConfigFlag": " --no-config ",
  "ignoreCurlConfigFlag": " --disable ",
  "wgetTriesSegment": "--tries=1",
  "listenArgs": "--on-host=127.0.0.1 --on-port",
  "getDownloadServerStartTrigger": "5ad06c4c675d:trigger_server_download",
  "getDownloadServerEndTrigger": "5ad06c4c675d:trigger_server_download_end",
  "getProgressDownloading": "5ad06c4c675d%%1%%",
  "getProgressInstalling": "5ad06c4c675d%%2%%"
}
[10:05:27.992] Install and start server if needed
[10:05:28.033] askpass server listening on /run/user/1000/vscode-ssh-askpass-6777369059966ce2d0f7bc1fd7bf8ff0aa44c1e5.sock
[10:05:28.039] Spawning local server with {"serverId":2,"ipcHandlePath":"/run/user/1000/vscode-ssh-askpass-6a8163bf732b9192bb4eff87ec39ebdfe9bbef32.sock","sshCommand":"ssh","sshArgs":["-v","-T","-D","36953","-o","ConnectTimeout=15","10.10.203.9"],"serverDataFolderName":".vscode-server","dataFilePath":"/home/hhouse/.config/Code/User/globalStorage/ms-vscode-remote.remote-ssh/vscode-ssh-host-747cf1c3-e8653663e8840adaf45af01eab5c627a5af81807-0.115.0-es/data.json"}
[10:05:28.039] Local server env: {"SSH_AUTH_SOCK":"/tmp/ssh-XXXXXX22eO3G/agent.876","SHELL":"/bin/bash","DISPLAY":":0","ELECTRON_RUN_AS_NODE":"1","SSH_ASKPASS":"/home/hhouse/.vscode/extensions/ms-vscode-remote.remote-ssh-0.115.0/out/local-server/askpass.sh","VSCODE_SSH_ASKPASS_NODE":"/usr/share/code/code","VSCODE_SSH_ASKPASS_EXTRA_ARGS":"","VSCODE_SSH_ASKPASS_MAIN":"/home/hhouse/.vscode/extensions/ms-vscode-remote.remote-ssh-0.115.0/out/askpass-main.js","VSCODE_SSH_ASKPASS_HANDLE":"/run/user/1000/vscode-ssh-askpass-6777369059966ce2d0f7bc1fd7bf8ff0aa44c1e5.sock"}
[10:05:28.112] Spawned 5767
[10:05:28.113] Using connect timeout of 17 seconds
[10:05:28.621] Server delay-shutdown request failed: connect ENOENT /run/user/1000/vscode-ssh-askpass-6a8163bf732b9192bb4eff87ec39ebdfe9bbef32.sock
[10:05:29.145] > local-server-2> Running ssh connection command: ssh -v -T -D 36953 -o ConnectTimeout=15 10.10.203.9
[10:05:29.156] > local-server-2> Spawned ssh, pid=5775
[10:05:29.176] stderr> OpenSSH_9.2p1 Debian-2+deb12u3, OpenSSL 3.0.15 3 Sep 2024
[10:05:29.533] stderr> debug1: Server host key: ssh-ed25519 SHA256:Tkvky9fEEjFo+YqoSQYYdOa/uET6G87uxEkfDwK6MGg
[10:05:30.017] Got askpass request: {"request":" diit@10.10.203.9's password: "}
[10:05:30.018] Showing password prompt
[10:05:30.020] Listening for interwindow password on /run/user/1000/vscode-ssh-askpass-a807195190107e5a4ff2b47a7ec20779ba92ed6e.sock
[10:05:30.020] Writing password prompt to globalState
[10:05:32.114] Exec server for ssh-remote+10.10.203.9 closed (gracefully)
[10:05:32.118] > local-server-1> Timed out
[10:05:32.151] Local server exit: 0
[10:05:35.300] Got password response
[10:05:35.301] Interactor gave response: ************
[10:05:35.301] Cleaning up other-window auth server
[10:05:35.302] Using connect timeout of 17 seconds
[10:05:35.533] stderr> Authenticated to 10.10.203.9 ([10.10.203.9]:22) using "password".
[10:05:35.653] > Linux inventario-electronica 6.1.0-18-amd64 #1 SMP PREEMPT_DYNAMIC Debian 6.1.76-1 (2024-02-01) x86_64
> 
> The programs included with the Debian GNU/Linux system are free software;
> the exact distribution terms for each program are described in the
> individual files in /usr/share/doc/*/copyright.
> 
> Debian GNU/Linux comes with ABSOLUTELY NO WARRANTY, to the extent
> permitted by applicable law.
[10:05:35.718] > ready: 5ad06c4c675d
[10:05:35.724] > Linux 6.1.0-18-amd64 #1 SMP PREEMPT_DYNAMIC Debian 6.1.76-1 (2024-02-01)
[10:05:35.725] Platform: linux
[10:05:35.727] > /bin/bash
[10:05:35.727] Parent Shell: bash
[10:05:35.728] Parent Shell pid: 5767
[10:05:35.732] > 41542
[10:05:35.733] Waiting for pid of spawned 'sh' subshell: '41542'...
[10:05:35.736] > 5ad06c4c675d: running
> Script executing under PID: 41542
[10:05:35.802] > Found existing installation at /home/diit/.vscode-server...
> Starting VS Code CLI...
> printenv:
[10:05:35.808] >     LANGUAGE=en_US:en
>     USER=diit
>     SSH_CLIENT=10.9.209.19 56238 22
>     XDG_SESSION_TYPE=tty
>     SHLVL=1
>     MOTD_SHOWN=pam
>     HOME=/home/diit
>     DBUS_SESSION_BUS_ADDRESS=unix:path=/run/user/1001/bus
>     LOGNAME=diit
>     _=/usr/bin/sh
>     XDG_SESSION_CLASS=user
>     XDG_SESSION_ID=1377
>     PATH=/usr/local/bin:/usr/bin:/bin:/usr/local/games:/usr/games:/snap/bin
>     XDG_RUNTIME_DIR=/run/user/1001
>     LANG=en_US.UTF-8
>     SHELL=/bin/bash
>     PWD=/home/diit
>     SSH_CONNECTION=10.9.209.19 56238 10.10.203.9 22
>     XDG_DATA_DIRS=/usr/local/share:/usr/share:/var/lib/snapd/desktop
[10:05:35.816] > Removing old logfile at /home/diit/.vscode-server/.cli.e8653663e8840adaf45af01eab5c627a5af81807.log
[10:05:35.824] > Spawned remote CLI: 41560
[10:05:35.837] > Waiting for server log...
[10:05:35.876] > Waiting for server log...
[10:05:35.916] > Waiting for server log...
[10:05:35.954] > Waiting for server log...
[10:05:35.993] > Waiting for server log...
[10:05:36.036] > 5ad06c4c675d: start
> listeningOn==127.0.0.1:43753==
> osReleaseId==debian==
> arch==x86_64==
> vscodeArch==x64==
> bitness==64==
> tmpDir==/run/user/1001==
> platform==linux==
> unpackResult====
> didLocalDownload==0==
> downloadTime====
> installTime====
> serverStartTime==220==
> execServerToken==a11a1111-aaaa-1aaa-a1a1-11111a1111a1==
> platformDownloadPath==cli-alpine-x64==
> 5ad06c4c675d: end
[10:05:36.036] Received install output: 
listeningOn==127.0.0.1:43753==
osReleaseId==debian==
arch==x86_64==
vscodeArch==x64==
bitness==64==
tmpDir==/run/user/1001==
platform==linux==
unpackResult====
didLocalDownload==0==
downloadTime====
installTime====
serverStartTime==220==
execServerToken==a11a1111-aaaa-1aaa-a1a1-11111a1111a1==
platformDownloadPath==cli-alpine-x64==

[10:05:36.037] Remote server is listening on port 43753
[10:05:36.037] Parsed server configuration: {"serverConfiguration":{"remoteListeningOn":{"port":43753},"osReleaseId":"debian","arch":"x86_64","tmpDir":"/run/user/1001","platform":"linux","execServerToken":"a11a1111-aaaa-1aaa-a1a1-11111a1111a1"},"serverStartTime":220,"installUnpackCode":""}
[10:05:36.038] Persisting server connection details to /home/hhouse/.config/Code/User/globalStorage/ms-vscode-remote.remote-ssh/vscode-ssh-host-747cf1c3-e8653663e8840adaf45af01eab5c627a5af81807-0.115.0-es/data.json
[10:05:36.045] Starting forwarding server. local port 40629 -> socksPort 36953 -> remotePort 43753
[10:05:36.046] Forwarding server listening on port 40629
[10:05:36.046] Waiting for ssh tunnel to be ready
[10:05:36.048] [Forwarding server port 40629] Got connection 0
[10:05:36.049] Tunneled port 43753 to local port 40629
[10:05:36.049] Resolved "ssh-remote+10.10.203.9" to "port 40629"
[10:05:36.052] Initizing new exec server for ssh-remote+10.10.203.9
[10:05:36.052] Resolving exec server at port 40629
[10:05:36.055] [Forwarding server port 40629] Got connection 1
[10:05:36.199] Exec server for ssh-remote+10.10.203.9 created and cached
[10:05:36.204] ------




[10:05:36.363] [server] Checking /home/diit/.vscode-server/cli/servers/Stable-e8653663e8840adaf45af01eab5c627a5af81807/log.txt and /home/diit/.vscode-server/cli/servers/Stable-e8653663e8840adaf45af01eab5c627a5af81807/pid.txt for a running server...
[10:05:36.373] [server] Installing and setting up Visual Studio Code Server...
[10:05:36.375] [server] Server setup complete
[10:05:36.379] [server] Starting server...
[10:05:36.379] [server] Starting server with command... Command { std: "/home/diit/.vscode-server/cli/servers/Stable-e8653663e8840adaf45af01eab5c627a5af81807/server/bin/code-server" "--connection-token=remotessh" "--accept-server-license-terms" "--start-server" "--enable-remote-auto-shutdown" "--socket-path=/tmp/code-df615e40-bab2-417a-97d2-e6118f177a51", kill_on_drop: false }
[10:05:36.758] [server] *
[10:05:36.764] [server] * Visual Studio Code Server
[10:05:36.765] [server] *
[10:05:36.765] [server] * By using the software, you agree to
[10:05:36.769] [server] * the Visual Studio Code Server License Terms (https://aka.ms/vscode-server-license) and
[10:05:36.769] [server] *
[10:05:36.798] [server] Server bound to /tmp/code-df615e40-bab2-417a-97d2-e6118f177a51
[10:05:36.798] [server] Extension host agent listening on /tmp/code-df615e40-bab2-417a-97d2-e6118f177a51
[10:05:36.799] [server] parsed location: "/tmp/code-df615e40-bab2-417a-97d2-e6118f177a51"
[10:05:36.799] [server] 
[10:05:36.955] [server] [10:03:56] 
[10:05:36.955] [server] 
[10:05:36.955] [server] 
[10:05:36.955] [server] 
[10:05:37.215] [server] [10:03:56] Extension host agent started.
[10:05:37.381] [server] [10:03:56] [<unknown>][a216db10][ManagementConnection] Unknown reconnection token (never seen).
