2024-11-14 12:17:13.132 [info] [main] Log level: Info
2024-11-14 12:17:13.132 [info] [main] Validating found git in: "git"
2024-11-14 12:17:13.132 [info] [main] Using git "2.39.5" from "git"
2024-11-14 12:17:13.132 [info] [Model][doInitialScan] Initial repository scan started
2024-11-14 12:17:13.132 [info] > git rev-parse --show-toplevel [722ms]
2024-11-14 12:17:13.132 [info] fatal: not a git repository (or any of the parent directories): .git
2024-11-14 12:17:13.132 [info] > git rev-parse --show-toplevel [91ms]
2024-11-14 12:17:13.133 [info] > git rev-parse --git-dir --git-common-dir [106ms]
2024-11-14 12:17:13.429 [info] [Model][openRepository] Opened repository: /home/hhouse/workspace/web_unlam/lab_back
2024-11-14 12:17:13.744 [info] > git config --get commit.template [108ms]
2024-11-14 12:17:13.780 [info] > git rev-parse --show-toplevel [94ms]
2024-11-14 12:17:13.989 [info] > git for-each-ref --format=%(refname)%00%(upstream:short)%00%(objectname)%00%(upstream:track)%00%(upstream:remotename)%00%(upstream:remoteref) refs/heads/main refs/remotes/main [91ms]
2024-11-14 12:17:14.073 [info] > git rev-parse --git-dir --git-common-dir [86ms]
2024-11-14 12:17:14.259 [info] [Model][openRepository] Opened repository: /home/hhouse/workspace/web_unlam/lab_front
2024-11-14 12:17:14.315 [info] [Model][doInitialScan] Initial repository scan completed - repositories (2), closed repositories (0), parent repositories (0), unsafe repositories (0)
2024-11-14 12:17:15.061 [info] > git config --get commit.template [608ms]
2024-11-14 12:17:15.115 [info] > git for-each-ref --sort -committerdate --format %(refname) %(objectname) %(*objectname) [62ms]
2024-11-14 12:17:15.233 [info] > git status -z -uall [303ms]
2024-11-14 12:17:15.503 [info] > git for-each-ref --format=%(refname)%00%(upstream:short)%00%(objectname)%00%(upstream:track)%00%(upstream:remotename)%00%(upstream:remoteref) refs/heads/main refs/remotes/main [300ms]
2024-11-14 12:17:15.682 [info] > git for-each-ref --format=%(refname)%00%(upstream:short)%00%(objectname)%00%(upstream:track)%00%(upstream:remotename)%00%(upstream:remoteref) refs/heads/main refs/remotes/main [186ms]
2024-11-14 12:17:15.848 [info] > git config --get commit.template [214ms]
2024-11-14 12:17:15.874 [info] > git config --local branch.main.vscode-merge-base [80ms]
2024-11-14 12:17:16.285 [info] > git status -z -uall [108ms]
2024-11-14 12:17:16.306 [info] > git for-each-ref --format=%(refname)%00%(upstream:short)%00%(objectname)%00%(upstream:track)%00%(upstream:remotename)%00%(upstream:remoteref) refs/heads/origin/main refs/remotes/origin/main [310ms]
2024-11-14 12:17:17.235 [info] > git merge-base refs/heads/main refs/remotes/origin/main [815ms]
2024-11-14 12:17:17.324 [info] > git for-each-ref --sort -committerdate --format %(refname) %(objectname) %(*objectname) [1093ms]
2024-11-14 12:17:17.462 [info] > git for-each-ref --format=%(refname)%00%(upstream:short)%00%(objectname)%00%(upstream:track)%00%(upstream:remotename)%00%(upstream:remoteref) refs/heads/main refs/remotes/main [1356ms]
2024-11-14 12:17:17.637 [info] > git for-each-ref --format=%(refname)%00%(upstream:short)%00%(objectname)%00%(upstream:track)%00%(upstream:remotename)%00%(upstream:remoteref) refs/heads/main refs/remotes/main [181ms]
2024-11-14 12:17:17.693 [info] > git diff --name-status -z --diff-filter=ADMR da74d6755010e544cbc42b101f0235b2fdeb3403...refs/remotes/origin/main [370ms]
2024-11-14 12:17:17.754 [info] > git config --local branch.main.vscode-merge-base [60ms]
2024-11-14 12:17:17.867 [info] > git config --get commit.template [232ms]
2024-11-14 12:17:18.112 [info] > git for-each-ref --format=%(refname)%00%(upstream:short)%00%(objectname)%00%(upstream:track)%00%(upstream:remotename)%00%(upstream:remoteref) refs/heads/origin/main refs/remotes/origin/main [246ms]
2024-11-14 12:17:18.208 [info] > git for-each-ref --sort -committerdate --format %(refname) %(objectname) %(*objectname) [97ms]
2024-11-14 12:17:18.232 [info] > git for-each-ref --format=%(refname)%00%(upstream:short)%00%(objectname)%00%(upstream:track)%00%(upstream:remotename)%00%(upstream:remoteref) refs/heads/main refs/remotes/main [288ms]
2024-11-14 12:17:18.568 [info] > git status -z -uall [533ms]
2024-11-14 12:17:18.568 [info] > git check-ignore -v -z --stdin [277ms]
2024-11-14 12:17:18.583 [info] > git check-ignore -v -z --stdin [205ms]
2024-11-14 12:17:18.690 [info] > git merge-base refs/heads/main refs/remotes/origin/main [528ms]
2024-11-14 12:17:18.792 [info] > git diff --name-status -z --diff-filter=ADMR d0b95825eac1890ed84b2809cc5575efceb19008...refs/remotes/origin/main [4ms]
2024-11-14 12:17:19.066 [info] > git status -z -uall [144ms]
2024-11-14 12:17:19.160 [info] > git for-each-ref --sort -committerdate --format %(refname) %(objectname) %(*objectname) [118ms]
2024-11-14 12:17:22.657 [info] > git check-ignore -v -z --stdin [75ms]
2024-11-14 12:17:22.673 [info] > git check-ignore -v -z --stdin [21ms]
2024-11-14 12:17:25.276 [info] > git rev-parse --show-toplevel [71ms]
2024-11-14 12:17:25.276 [info] fatal: not a git repository (or any of the parent directories): .git
2024-11-14 12:17:27.908 [info] > git show --textconv :controllers/bookingController.js [45ms]
2024-11-14 12:17:27.933 [info] > git ls-files --stage -- /home/hhouse/workspace/web_unlam/lab_back/controllers/bookingController.js [26ms]
2024-11-14 12:17:28.005 [info] > git cat-file -s 5c3de393be02564f05592f3405d17ca3e5b66866 [37ms]
2024-11-14 12:17:31.080 [info] > git rev-parse --show-toplevel [70ms]
2024-11-14 12:17:31.080 [info] fatal: not a git repository (or any of the parent directories): .git
2024-11-14 12:17:32.420 [info] > git rev-parse --show-toplevel [19ms]
2024-11-14 12:17:32.420 [info] fatal: not a git repository (or any of the parent directories): .git
2024-11-14 12:17:33.234 [info] > git rev-parse --show-toplevel [3ms]
2024-11-14 12:17:33.234 [info] fatal: not a git repository (or any of the parent directories): .git
2024-11-14 12:17:34.291 [info] > git rev-parse --show-toplevel [11ms]
2024-11-14 12:17:34.291 [info] fatal: not a git repository (or any of the parent directories): .git
2024-11-14 12:18:32.532 [info] > git config --get commit.template [1ms]
2024-11-14 12:18:32.578 [info] > git for-each-ref --format=%(refname)%00%(upstream:short)%00%(objectname)%00%(upstream:track)%00%(upstream:remotename)%00%(upstream:remoteref) refs/heads/main refs/remotes/main [11ms]
2024-11-14 12:18:32.691 [info] > git for-each-ref --sort -committerdate --format %(refname) %(objectname) %(*objectname) [43ms]
2024-11-14 12:18:32.753 [info] > git status -z -uall [139ms]
2024-11-14 12:18:58.995 [info] > git config --get commit.template [35ms]
2024-11-14 12:18:59.019 [info] > git for-each-ref --format=%(refname)%00%(upstream:short)%00%(objectname)%00%(upstream:track)%00%(upstream:remotename)%00%(upstream:remoteref) refs/heads/main refs/remotes/main [25ms]
2024-11-14 12:18:59.180 [info] > git for-each-ref --sort -committerdate --format %(refname) %(objectname) %(*objectname) [29ms]
2024-11-14 12:18:59.319 [info] > git status -z -uall [232ms]
2024-11-14 12:20:35.784 [info] > git config --get commit.template [50ms]
2024-11-14 12:20:35.801 [info] > git for-each-ref --format=%(refname)%00%(upstream:short)%00%(objectname)%00%(upstream:track)%00%(upstream:remotename)%00%(upstream:remoteref) refs/heads/main refs/remotes/main [18ms]
2024-11-14 12:20:35.908 [info] > git for-each-ref --sort -committerdate --format %(refname) %(objectname) %(*objectname) [10ms]
2024-11-14 12:20:35.959 [info] > git status -z -uall [123ms]
2024-11-14 12:22:04.113 [info] > git config --get commit.template [70ms]
2024-11-14 12:22:04.125 [info] > git for-each-ref --format=%(refname)%00%(upstream:short)%00%(objectname)%00%(upstream:track)%00%(upstream:remotename)%00%(upstream:remoteref) refs/heads/main refs/remotes/main [15ms]
2024-11-14 12:22:04.215 [info] > git for-each-ref --sort -committerdate --format %(refname) %(objectname) %(*objectname) [4ms]
2024-11-14 12:22:04.291 [info] > git status -z -uall [142ms]
2024-11-14 12:32:53.091 [info] > git config --get commit.template [36ms]
2024-11-14 12:32:53.111 [info] > git for-each-ref --format=%(refname)%00%(upstream:short)%00%(objectname)%00%(upstream:track)%00%(upstream:remotename)%00%(upstream:remoteref) refs/heads/main refs/remotes/main [21ms]
2024-11-14 12:32:53.233 [info] > git for-each-ref --sort -committerdate --format %(refname) %(objectname) %(*objectname) [25ms]
2024-11-14 12:32:53.266 [info] > git status -z -uall [103ms]
2024-11-14 12:33:01.311 [info] > git show --textconv :src/components/ReservaProyector.js [35ms]
2024-11-14 12:33:01.327 [info] > git ls-files --stage -- /home/hhouse/workspace/web_unlam/lab_front/src/components/ReservaProyector.js [28ms]
2024-11-14 12:33:01.370 [info] > git cat-file -s 72978442d2e3718b6c9a84b0db981244bb3255ea [9ms]
2024-11-14 12:33:40.506 [info] > git check-ignore -v -z --stdin [10ms]
2024-11-14 12:33:41.175 [info] > git show --textconv :src/components/ui/DropdownList.js [50ms]
2024-11-14 12:33:41.189 [info] > git ls-files --stage -- /home/hhouse/workspace/web_unlam/lab_front/src/components/ui/DropdownList.js [15ms]
2024-11-14 12:33:41.231 [info] > git cat-file -s 764923989d123c93571a9b47ee1ef947099959e8 [15ms]
2024-11-14 12:33:42.084 [info] > git check-ignore -v -z --stdin [4ms]
2024-11-14 12:33:57.819 [info] > git show --textconv :src/components/ReservaProyector.js [38ms]
2024-11-14 12:33:57.832 [info] > git ls-files --stage -- /home/hhouse/workspace/web_unlam/lab_front/src/components/ReservaProyector.js [15ms]
2024-11-14 12:33:57.876 [info] > git cat-file -s 72978442d2e3718b6c9a84b0db981244bb3255ea [15ms]
2024-11-14 12:34:05.218 [info] > git config --get commit.template [72ms]
2024-11-14 12:34:05.232 [info] > git for-each-ref --format=%(refname)%00%(upstream:short)%00%(objectname)%00%(upstream:track)%00%(upstream:remotename)%00%(upstream:remoteref) refs/heads/main refs/remotes/main [14ms]
2024-11-14 12:34:05.293 [info] > git status -z -uall [29ms]
2024-11-14 12:34:05.314 [info] > git for-each-ref --sort -committerdate --format %(refname) %(objectname) %(*objectname) [22ms]
2024-11-14 12:34:10.355 [info] > git config --get commit.template [12ms]
2024-11-14 12:34:10.359 [info] > git for-each-ref --format=%(refname)%00%(upstream:short)%00%(objectname)%00%(upstream:track)%00%(upstream:remotename)%00%(upstream:remoteref) refs/heads/main refs/remotes/main [5ms]
2024-11-14 12:34:10.386 [info] > git status -z -uall [16ms]
2024-11-14 12:34:10.391 [info] > git for-each-ref --sort -committerdate --format %(refname) %(objectname) %(*objectname) [8ms]
2024-11-14 12:35:09.097 [info] > git check-ignore -v -z --stdin [9ms]
2024-11-14 12:35:09.363 [info] > git ls-files --stage -- /home/hhouse/workspace/web_unlam/lab_front/src/components/utils/jwtParser.js [6ms]
2024-11-14 12:35:09.663 [info] > git show --textconv :src/components/utils/jwtParser.js [328ms]
2024-11-14 12:35:09.671 [info] > git cat-file -s 7c2f6e341aff1419f262a2970e9ffed20feec959 [294ms]
2024-11-14 12:35:10.126 [info] > git check-ignore -v -z --stdin [30ms]
2024-11-14 12:35:10.288 [info] > git config --get commit.template [15ms]
2024-11-14 12:35:10.292 [info] > git for-each-ref --format=%(refname)%00%(upstream:short)%00%(objectname)%00%(upstream:track)%00%(upstream:remotename)%00%(upstream:remoteref) refs/heads/main refs/remotes/main [6ms]
2024-11-14 12:35:10.321 [info] > git status -z -uall [17ms]
2024-11-14 12:35:10.325 [info] > git for-each-ref --sort -committerdate --format %(refname) %(objectname) %(*objectname) [5ms]
2024-11-14 12:35:12.870 [info] > git show --textconv :src/components/ReservaProyector.js [50ms]
2024-11-14 12:35:12.884 [info] > git ls-files --stage -- /home/hhouse/workspace/web_unlam/lab_front/src/components/ReservaProyector.js [17ms]
2024-11-14 12:35:12.938 [info] > git cat-file -s 72978442d2e3718b6c9a84b0db981244bb3255ea [16ms]
2024-11-14 12:35:13.097 [info] > git check-ignore -v -z --stdin [17ms]
2024-11-14 12:35:15.299 [info] > git show --textconv :src/components/Login.js [39ms]
2024-11-14 12:35:15.311 [info] > git ls-files --stage -- /home/hhouse/workspace/web_unlam/lab_front/src/components/Login.js [15ms]
2024-11-14 12:35:15.346 [info] > git cat-file -s 46b13a55f8125bf2d1d407ecb550b6a22d4afbc9 [10ms]
2024-11-14 12:35:15.415 [info] > git config --get commit.template [37ms]
2024-11-14 12:35:15.452 [info] > git for-each-ref --format=%(refname)%00%(upstream:short)%00%(objectname)%00%(upstream:track)%00%(upstream:remotename)%00%(upstream:remoteref) refs/heads/main refs/remotes/main [38ms]
2024-11-14 12:35:15.551 [info] > git status -z -uall [72ms]
2024-11-14 12:35:15.566 [info] > git for-each-ref --sort -committerdate --format %(refname) %(objectname) %(*objectname) [27ms]
2024-11-14 12:35:57.484 [info] > git show --textconv :controllers/loginController.js [76ms]
2024-11-14 12:35:57.492 [info] > git ls-files --stage -- /home/hhouse/workspace/web_unlam/lab_back/controllers/loginController.js [23ms]
2024-11-14 12:35:57.539 [info] > git cat-file -s 5416d2b6da0b0ae9571a6f389eb52003ad38b900 [3ms]
2024-11-14 12:36:38.340 [info] > git config --get commit.template [29ms]
2024-11-14 12:36:38.341 [info] > git for-each-ref --format=%(refname)%00%(upstream:short)%00%(objectname)%00%(upstream:track)%00%(upstream:remotename)%00%(upstream:remoteref) refs/heads/main refs/remotes/main [2ms]
2024-11-14 12:36:38.408 [info] > git for-each-ref --sort -committerdate --format %(refname) %(objectname) %(*objectname) [8ms]
2024-11-14 12:36:38.525 [info] > git status -z -uall [154ms]
2024-11-14 12:37:05.533 [info] > git config --get commit.template [35ms]
2024-11-14 12:37:05.564 [info] > git for-each-ref --format=%(refname)%00%(upstream:short)%00%(objectname)%00%(upstream:track)%00%(upstream:remotename)%00%(upstream:remoteref) refs/heads/main refs/remotes/main [32ms]
2024-11-14 12:37:05.665 [info] > git for-each-ref --sort -committerdate --format %(refname) %(objectname) %(*objectname) [26ms]
2024-11-14 12:37:05.724 [info] > git status -z -uall [121ms]
2024-11-14 12:37:53.301 [info] > git config --get commit.template [29ms]
2024-11-14 12:37:53.306 [info] > git for-each-ref --format=%(refname)%00%(upstream:short)%00%(objectname)%00%(upstream:track)%00%(upstream:remotename)%00%(upstream:remoteref) refs/heads/main refs/remotes/main [9ms]
2024-11-14 12:37:53.380 [info] > git for-each-ref --sort -committerdate --format %(refname) %(objectname) %(*objectname) [19ms]
2024-11-14 12:37:53.476 [info] > git status -z -uall [142ms]
2024-11-14 15:08:01.112 [info] > git show --textconv :app.js [27ms]
2024-11-14 15:08:01.123 [info] > git ls-files --stage -- /home/hhouse/workspace/web_unlam/lab_back/app.js [14ms]
2024-11-14 15:08:01.165 [info] > git cat-file -s a176043a1c98e42afc0c571494df7a1b5cbf2e92 [5ms]
2024-11-14 15:08:03.323 [info] > git check-ignore -v -z --stdin [11ms]
2024-11-14 15:08:04.619 [info] > git show --textconv :api/endPoints.js [35ms]
2024-11-14 15:08:04.657 [info] > git ls-files --stage -- /home/hhouse/workspace/web_unlam/lab_back/api/endPoints.js [44ms]
2024-11-14 15:08:04.717 [info] > git cat-file -s dc39f5e8d7db7d08668962ecdee2dca711daf35a [23ms]
2024-11-14 15:08:14.605 [info] > git config --get commit.template [18ms]
2024-11-14 15:08:14.609 [info] > git for-each-ref --format=%(refname)%00%(upstream:short)%00%(objectname)%00%(upstream:track)%00%(upstream:remotename)%00%(upstream:remoteref) refs/heads/main refs/remotes/main [5ms]
2024-11-14 15:08:14.651 [info] > git for-each-ref --sort -committerdate --format %(refname) %(objectname) %(*objectname) [17ms]
2024-11-14 15:08:14.692 [info] > git status -z -uall [70ms]
2024-11-14 15:08:15.672 [info] > git show --textconv :controllers/loginController.js [37ms]
2024-11-14 15:08:15.696 [info] > git ls-files --stage -- /home/hhouse/workspace/web_unlam/lab_back/controllers/loginController.js [25ms]
2024-11-14 15:08:15.715 [info] > git cat-file -s 5416d2b6da0b0ae9571a6f389eb52003ad38b900 [4ms]
2024-11-14 15:08:39.505 [info] > git config --get commit.template [18ms]
2024-11-14 15:08:39.506 [info] > git for-each-ref --format=%(refname)%00%(upstream:short)%00%(objectname)%00%(upstream:track)%00%(upstream:remotename)%00%(upstream:remoteref) refs/heads/main refs/remotes/main [3ms]
2024-11-14 15:08:39.611 [info] > git for-each-ref --sort -committerdate --format %(refname) %(objectname) %(*objectname) [37ms]
2024-11-14 15:08:39.633 [info] > git status -z -uall [86ms]
2024-11-14 15:11:26.581 [info] > git config --get commit.template [18ms]
2024-11-14 15:11:26.584 [info] > git for-each-ref --format=%(refname)%00%(upstream:short)%00%(objectname)%00%(upstream:track)%00%(upstream:remotename)%00%(upstream:remoteref) refs/heads/main refs/remotes/main [5ms]
2024-11-14 15:11:26.621 [info] > git for-each-ref --sort -committerdate --format %(refname) %(objectname) %(*objectname) [1ms]
2024-11-14 15:11:26.646 [info] > git status -z -uall [46ms]
2024-11-14 15:11:37.218 [info] > git config --get commit.template [41ms]
2024-11-14 15:11:37.241 [info] > git for-each-ref --format=%(refname)%00%(upstream:short)%00%(objectname)%00%(upstream:track)%00%(upstream:remotename)%00%(upstream:remoteref) refs/heads/main refs/remotes/main [28ms]
2024-11-14 15:11:37.362 [info] > git for-each-ref --sort -committerdate --format %(refname) %(objectname) %(*objectname) [38ms]
2024-11-14 15:11:37.402 [info] > git status -z -uall [139ms]
2024-11-14 15:11:39.868 [info] > git show --textconv :api/endPoints.js [18ms]
2024-11-14 15:11:39.878 [info] > git ls-files --stage -- /home/hhouse/workspace/web_unlam/lab_back/api/endPoints.js [11ms]
2024-11-14 15:11:39.904 [info] > git cat-file -s dc39f5e8d7db7d08668962ecdee2dca711daf35a [13ms]
2024-11-14 15:12:12.904 [info] > git for-each-ref --format=%(refname)%00%(upstream:short)%00%(objectname)%00%(upstream:track)%00%(upstream:remotename)%00%(upstream:remoteref) refs/heads/main refs/remotes/main [2ms]
2024-11-14 15:12:12.905 [info] > git config --get commit.template [24ms]
2024-11-14 15:12:12.938 [info] > git for-each-ref --sort -committerdate --format %(refname) %(objectname) %(*objectname) [4ms]
2024-11-14 15:12:12.961 [info] > git status -z -uall [44ms]
2024-11-14 15:17:39.772 [info] > git show --textconv :controllers/bookingController.js [32ms]
2024-11-14 15:17:39.785 [info] > git ls-files --stage -- /home/hhouse/workspace/web_unlam/lab_back/controllers/bookingController.js [14ms]
2024-11-14 15:17:39.810 [info] > git cat-file -s 5c3de393be02564f05592f3405d17ca3e5b66866 [9ms]
2024-11-14 15:17:41.845 [info] > git show --textconv :src/components/ReservaProyector.js [18ms]
2024-11-14 15:17:41.865 [info] > git ls-files --stage -- /home/hhouse/workspace/web_unlam/lab_front/src/components/ReservaProyector.js [21ms]
2024-11-14 15:17:41.894 [info] > git cat-file -s 72978442d2e3718b6c9a84b0db981244bb3255ea [5ms]
2024-11-14 15:17:43.979 [info] > git show --textconv :controllers/loginController.js [47ms]
2024-11-14 15:17:43.991 [info] > git ls-files --stage -- /home/hhouse/workspace/web_unlam/lab_back/controllers/loginController.js [14ms]
2024-11-14 15:17:44.020 [info] > git cat-file -s 5416d2b6da0b0ae9571a6f389eb52003ad38b900 [10ms]
2024-11-14 15:17:44.948 [info] > git show --textconv :api/endPoints.js [21ms]
2024-11-14 15:17:44.979 [info] > git ls-files --stage -- /home/hhouse/workspace/web_unlam/lab_back/api/endPoints.js [32ms]
2024-11-14 15:17:44.995 [info] > git cat-file -s dc39f5e8d7db7d08668962ecdee2dca711daf35a [4ms]
2024-11-14 15:17:46.823 [info] > git config --get commit.template [26ms]
2024-11-14 15:17:46.859 [info] > git for-each-ref --format=%(refname)%00%(upstream:short)%00%(objectname)%00%(upstream:track)%00%(upstream:remotename)%00%(upstream:remoteref) refs/heads/main refs/remotes/main [19ms]
2024-11-14 15:17:46.860 [info] > git config --get commit.template [39ms]
2024-11-14 15:17:46.885 [info] > git for-each-ref --format=%(refname)%00%(upstream:short)%00%(objectname)%00%(upstream:track)%00%(upstream:remotename)%00%(upstream:remoteref) refs/heads/main refs/remotes/main [29ms]
2024-11-14 15:17:46.930 [info] > git status -z -uall [26ms]
2024-11-14 15:17:46.931 [info] > git for-each-ref --sort -committerdate --format %(refname) %(objectname) %(*objectname) [47ms]
2024-11-14 15:17:46.936 [info] > git for-each-ref --sort -committerdate --format %(refname) %(objectname) %(*objectname) [6ms]
2024-11-14 15:17:46.943 [info] > git status -z -uall [71ms]
2024-11-14 15:17:52.332 [info] > git config --get commit.template [19ms]
2024-11-14 15:17:52.336 [info] > git for-each-ref --format=%(refname)%00%(upstream:short)%00%(objectname)%00%(upstream:track)%00%(upstream:remotename)%00%(upstream:remoteref) refs/heads/main refs/remotes/main [5ms]
2024-11-14 15:17:52.387 [info] > git for-each-ref --sort -committerdate --format %(refname) %(objectname) %(*objectname) [14ms]
2024-11-14 15:17:52.412 [info] > git status -z -uall [61ms]
2024-11-14 15:18:18.796 [info] > git config --get commit.template [17ms]
2024-11-14 15:18:18.802 [info] > git for-each-ref --format=%(refname)%00%(upstream:short)%00%(objectname)%00%(upstream:track)%00%(upstream:remotename)%00%(upstream:remoteref) refs/heads/main refs/remotes/main [9ms]
2024-11-14 15:18:18.839 [info] > git status -z -uall [19ms]
2024-11-14 15:18:18.847 [info] > git for-each-ref --sort -committerdate --format %(refname) %(objectname) %(*objectname) [9ms]
2024-11-14 15:18:50.481 [info] > git config --get commit.template [18ms]
2024-11-14 15:18:50.486 [info] > git for-each-ref --format=%(refname)%00%(upstream:short)%00%(objectname)%00%(upstream:track)%00%(upstream:remotename)%00%(upstream:remoteref) refs/heads/main refs/remotes/main [7ms]
2024-11-14 15:18:50.522 [info] > git status -z -uall [22ms]
2024-11-14 15:18:50.530 [info] > git for-each-ref --sort -committerdate --format %(refname) %(objectname) %(*objectname) [10ms]
2024-11-14 15:18:53.468 [info] > git show --textconv :controllers/loginController.js [32ms]
2024-11-14 15:18:53.487 [info] > git ls-files --stage -- /home/hhouse/workspace/web_unlam/lab_back/controllers/loginController.js [19ms]
2024-11-14 15:18:53.526 [info] > git cat-file -s 5416d2b6da0b0ae9571a6f389eb52003ad38b900 [21ms]
2024-11-14 15:19:20.976 [info] > git config --get commit.template [20ms]
2024-11-14 15:19:20.981 [info] > git for-each-ref --format=%(refname)%00%(upstream:short)%00%(objectname)%00%(upstream:track)%00%(upstream:remotename)%00%(upstream:remoteref) refs/heads/main refs/remotes/main [6ms]
2024-11-14 15:19:21.069 [info] > git for-each-ref --sort -committerdate --format %(refname) %(objectname) %(*objectname) [23ms]
2024-11-14 15:19:21.085 [info] > git status -z -uall [76ms]
2024-11-14 15:19:58.386 [info] > git config --get commit.template [22ms]
2024-11-14 15:19:58.395 [info] > git for-each-ref --format=%(refname)%00%(upstream:short)%00%(objectname)%00%(upstream:track)%00%(upstream:remotename)%00%(upstream:remoteref) refs/heads/main refs/remotes/main [10ms]
2024-11-14 15:19:58.434 [info] > git for-each-ref --sort -committerdate --format %(refname) %(objectname) %(*objectname) [4ms]
2024-11-14 15:19:58.465 [info] > git status -z -uall [56ms]
2024-11-14 15:20:06.109 [info] > git config --get commit.template [16ms]
2024-11-14 15:20:06.114 [info] > git for-each-ref --format=%(refname)%00%(upstream:short)%00%(objectname)%00%(upstream:track)%00%(upstream:remotename)%00%(upstream:remoteref) refs/heads/main refs/remotes/main [5ms]
2024-11-14 15:20:06.149 [info] > git for-each-ref --sort -committerdate --format %(refname) %(objectname) %(*objectname) [4ms]
2024-11-14 15:20:06.198 [info] > git status -z -uall [66ms]
2024-11-14 15:20:14.578 [info] > git config --get commit.template [21ms]
2024-11-14 15:20:14.585 [info] > git for-each-ref --format=%(refname)%00%(upstream:short)%00%(objectname)%00%(upstream:track)%00%(upstream:remotename)%00%(upstream:remoteref) refs/heads/main refs/remotes/main [8ms]
2024-11-14 15:20:14.656 [info] > git for-each-ref --sort -committerdate --format %(refname) %(objectname) %(*objectname) [13ms]
2024-11-14 15:20:14.676 [info] > git status -z -uall [69ms]
2024-11-14 15:20:14.770 [info] > git show --textconv :api/endPoints.js [27ms]
2024-11-14 15:20:14.791 [info] > git ls-files --stage -- /home/hhouse/workspace/web_unlam/lab_back/api/endPoints.js [28ms]
2024-11-14 15:20:14.827 [info] > git cat-file -s dc39f5e8d7db7d08668962ecdee2dca711daf35a [13ms]
2024-11-14 15:20:49.207 [info] > git config --get commit.template [36ms]
2024-11-14 15:20:49.228 [info] > git for-each-ref --format=%(refname)%00%(upstream:short)%00%(objectname)%00%(upstream:track)%00%(upstream:remotename)%00%(upstream:remoteref) refs/heads/main refs/remotes/main [25ms]
2024-11-14 15:20:49.295 [info] > git for-each-ref --sort -committerdate --format %(refname) %(objectname) %(*objectname) [19ms]
2024-11-14 15:20:49.328 [info] > git status -z -uall [79ms]
2024-11-14 15:20:52.322 [info] > git show --textconv :controllers/loginController.js [24ms]
2024-11-14 15:20:52.332 [info] > git ls-files --stage -- /home/hhouse/workspace/web_unlam/lab_back/controllers/loginController.js [12ms]
2024-11-14 15:20:52.348 [info] > git cat-file -s 5416d2b6da0b0ae9571a6f389eb52003ad38b900 [4ms]
2024-11-14 15:21:35.034 [info] > git check-ignore -v -z --stdin [7ms]
2024-11-14 15:21:50.219 [info] > git config --get commit.template [4ms]
2024-11-14 15:21:50.240 [info] > git for-each-ref --format=%(refname)%00%(upstream:short)%00%(objectname)%00%(upstream:track)%00%(upstream:remotename)%00%(upstream:remoteref) refs/heads/main refs/remotes/main [4ms]
2024-11-14 15:21:50.273 [info] > git for-each-ref --sort -committerdate --format %(refname) %(objectname) %(*objectname) [3ms]
2024-11-14 15:21:50.301 [info] > git status -z -uall [46ms]
2024-11-14 15:21:59.089 [info] > git config --get commit.template [17ms]
2024-11-14 15:21:59.094 [info] > git for-each-ref --format=%(refname)%00%(upstream:short)%00%(objectname)%00%(upstream:track)%00%(upstream:remotename)%00%(upstream:remoteref) refs/heads/main refs/remotes/main [6ms]
2024-11-14 15:21:59.147 [info] > git for-each-ref --sort -committerdate --format %(refname) %(objectname) %(*objectname) [3ms]
2024-11-14 15:21:59.171 [info] > git status -z -uall [63ms]
2024-11-14 15:22:01.824 [info] > git show --textconv :api/endPoints.js [18ms]
2024-11-14 15:22:01.834 [info] > git ls-files --stage -- /home/hhouse/workspace/web_unlam/lab_back/api/endPoints.js [11ms]
2024-11-14 15:22:01.850 [info] > git cat-file -s dc39f5e8d7db7d08668962ecdee2dca711daf35a [2ms]
2024-11-14 15:22:06.226 [info] > git show --textconv :controllers/loginController.js [34ms]
2024-11-14 15:22:06.234 [info] > git ls-files --stage -- /home/hhouse/workspace/web_unlam/lab_back/controllers/loginController.js [9ms]
2024-11-14 15:22:06.256 [info] > git cat-file -s 5416d2b6da0b0ae9571a6f389eb52003ad38b900 [6ms]
2024-11-14 15:22:26.913 [info] > git config --get commit.template [21ms]
2024-11-14 15:22:26.922 [info] > git for-each-ref --format=%(refname)%00%(upstream:short)%00%(objectname)%00%(upstream:track)%00%(upstream:remotename)%00%(upstream:remoteref) refs/heads/main refs/remotes/main [11ms]
2024-11-14 15:22:26.982 [info] > git for-each-ref --sort -committerdate --format %(refname) %(objectname) %(*objectname) [18ms]
2024-11-14 15:22:27.014 [info] > git status -z -uall [71ms]
2024-11-14 15:22:32.041 [info] > git config --get commit.template [2ms]
2024-11-14 15:22:32.059 [info] > git for-each-ref --format=%(refname)%00%(upstream:short)%00%(objectname)%00%(upstream:track)%00%(upstream:remotename)%00%(upstream:remoteref) refs/heads/main refs/remotes/main [4ms]
2024-11-14 15:22:32.105 [info] > git for-each-ref --sort -committerdate --format %(refname) %(objectname) %(*objectname) [5ms]
2024-11-14 15:22:32.121 [info] > git status -z -uall [45ms]
2024-11-14 15:22:39.808 [info] > git for-each-ref --format=%(refname)%00%(upstream:short)%00%(objectname)%00%(upstream:track)%00%(upstream:remotename)%00%(upstream:remoteref) refs/heads/main refs/remotes/main [1ms]
2024-11-14 15:22:39.808 [info] > git config --get commit.template [18ms]
2024-11-14 15:22:39.837 [info] > git for-each-ref --sort -committerdate --format %(refname) %(objectname) %(*objectname) [4ms]
2024-11-14 15:22:39.876 [info] > git status -z -uall [58ms]
2024-11-14 15:22:54.575 [info] > git config --get commit.template [39ms]
2024-11-14 15:22:54.576 [info] > git for-each-ref --format=%(refname)%00%(upstream:short)%00%(objectname)%00%(upstream:track)%00%(upstream:remotename)%00%(upstream:remoteref) refs/heads/main refs/remotes/main [7ms]
2024-11-14 15:22:54.694 [info] > git for-each-ref --sort -committerdate --format %(refname) %(objectname) %(*objectname) [22ms]
2024-11-14 15:22:54.756 [info] > git status -z -uall [123ms]
2024-11-14 15:23:02.072 [info] > git config --get commit.template [4ms]
2024-11-14 15:23:02.086 [info] > git for-each-ref --format=%(refname)%00%(upstream:short)%00%(objectname)%00%(upstream:track)%00%(upstream:remotename)%00%(upstream:remoteref) refs/heads/main refs/remotes/main [3ms]
2024-11-14 15:23:02.115 [info] > git for-each-ref --sort -committerdate --format %(refname) %(objectname) %(*objectname) [2ms]
2024-11-14 15:23:02.137 [info] > git status -z -uall [41ms]
2024-11-14 15:24:22.291 [info] > git show --textconv :api/endPoints.js [15ms]
2024-11-14 15:24:22.296 [info] > git ls-files --stage -- /home/hhouse/workspace/web_unlam/lab_back/api/endPoints.js [6ms]
2024-11-14 15:24:22.308 [info] > git cat-file -s dc39f5e8d7db7d08668962ecdee2dca711daf35a [2ms]
2024-11-14 15:24:25.815 [info] > git show --textconv :controllers/loginController.js [13ms]
2024-11-14 15:24:25.822 [info] > git ls-files --stage -- /home/hhouse/workspace/web_unlam/lab_back/controllers/loginController.js [8ms]
2024-11-14 15:24:25.849 [info] > git cat-file -s 5416d2b6da0b0ae9571a6f389eb52003ad38b900 [15ms]
2024-11-14 15:25:06.126 [info] > git show --textconv :api/endPoints.js [18ms]
2024-11-14 15:25:06.135 [info] > git ls-files --stage -- /home/hhouse/workspace/web_unlam/lab_back/api/endPoints.js [10ms]
2024-11-14 15:25:06.153 [info] > git cat-file -s dc39f5e8d7db7d08668962ecdee2dca711daf35a [5ms]
2024-11-14 15:25:08.176 [info] > git show --textconv :controllers/loginController.js [23ms]
2024-11-14 15:25:08.183 [info] > git ls-files --stage -- /home/hhouse/workspace/web_unlam/lab_back/controllers/loginController.js [8ms]
2024-11-14 15:25:08.202 [info] > git cat-file -s 5416d2b6da0b0ae9571a6f389eb52003ad38b900 [4ms]
2024-11-14 15:26:56.775 [info] > git config --get commit.template [1ms]
2024-11-14 15:26:56.795 [info] > git for-each-ref --format=%(refname)%00%(upstream:short)%00%(objectname)%00%(upstream:track)%00%(upstream:remotename)%00%(upstream:remoteref) refs/heads/main refs/remotes/main [5ms]
2024-11-14 15:26:56.849 [info] > git for-each-ref --sort -committerdate --format %(refname) %(objectname) %(*objectname) [12ms]
2024-11-14 15:26:56.876 [info] > git status -z -uall [66ms]
2024-11-14 15:27:15.817 [info] > git config --get commit.template [18ms]
2024-11-14 15:27:15.820 [info] > git for-each-ref --format=%(refname)%00%(upstream:short)%00%(objectname)%00%(upstream:track)%00%(upstream:remotename)%00%(upstream:remoteref) refs/heads/main refs/remotes/main [4ms]
2024-11-14 15:27:15.867 [info] > git for-each-ref --sort -committerdate --format %(refname) %(objectname) %(*objectname) [13ms]
2024-11-14 15:27:15.884 [info] > git status -z -uall [47ms]
2024-11-14 15:27:22.170 [info] > git config --get commit.template [21ms]
2024-11-14 15:27:22.173 [info] > git for-each-ref --format=%(refname)%00%(upstream:short)%00%(objectname)%00%(upstream:track)%00%(upstream:remotename)%00%(upstream:remoteref) refs/heads/main refs/remotes/main [5ms]
2024-11-14 15:27:22.233 [info] > git for-each-ref --sort -committerdate --format %(refname) %(objectname) %(*objectname) [8ms]
2024-11-14 15:27:22.267 [info] > git status -z -uall [73ms]
2024-11-14 15:27:23.706 [info] > git show --textconv :api/endPoints.js [32ms]
2024-11-14 15:27:23.707 [info] > git ls-files --stage -- /home/hhouse/workspace/web_unlam/lab_back/api/endPoints.js [5ms]
2024-11-14 15:27:23.725 [info] > git cat-file -s dc39f5e8d7db7d08668962ecdee2dca711daf35a [6ms]
2024-11-14 15:27:51.423 [info] > git config --get commit.template [31ms]
2024-11-14 15:27:51.427 [info] > git for-each-ref --format=%(refname)%00%(upstream:short)%00%(objectname)%00%(upstream:track)%00%(upstream:remotename)%00%(upstream:remoteref) refs/heads/main refs/remotes/main [6ms]
2024-11-14 15:27:51.462 [info] > git for-each-ref --sort -committerdate --format %(refname) %(objectname) %(*objectname) [3ms]
2024-11-14 15:27:51.480 [info] > git status -z -uall [41ms]
2024-11-14 15:27:56.520 [info] > git config --get commit.template [18ms]
2024-11-14 15:27:56.524 [info] > git for-each-ref --format=%(refname)%00%(upstream:short)%00%(objectname)%00%(upstream:track)%00%(upstream:remotename)%00%(upstream:remoteref) refs/heads/main refs/remotes/main [6ms]
2024-11-14 15:27:56.567 [info] > git for-each-ref --sort -committerdate --format %(refname) %(objectname) %(*objectname) [9ms]
2024-11-14 15:27:56.590 [info] > git status -z -uall [50ms]
2024-11-14 15:28:11.347 [info] > git config --get commit.template [21ms]
2024-11-14 15:28:11.351 [info] > git for-each-ref --format=%(refname)%00%(upstream:short)%00%(objectname)%00%(upstream:track)%00%(upstream:remotename)%00%(upstream:remoteref) refs/heads/main refs/remotes/main [10ms]
2024-11-14 15:28:11.403 [info] > git for-each-ref --sort -committerdate --format %(refname) %(objectname) %(*objectname) [3ms]
2024-11-14 15:28:11.437 [info] > git status -z -uall [63ms]
2024-11-14 15:28:13.740 [info] > git show --textconv :controllers/loginController.js [28ms]
2024-11-14 15:28:13.745 [info] > git ls-files --stage -- /home/hhouse/workspace/web_unlam/lab_back/controllers/loginController.js [6ms]
2024-11-14 15:28:13.761 [info] > git cat-file -s 5416d2b6da0b0ae9571a6f389eb52003ad38b900 [3ms]
2024-11-14 15:28:40.408 [info] > git config --get commit.template [5ms]
2024-11-14 15:28:40.430 [info] > git for-each-ref --format=%(refname)%00%(upstream:short)%00%(objectname)%00%(upstream:track)%00%(upstream:remotename)%00%(upstream:remoteref) refs/heads/main refs/remotes/main [6ms]
2024-11-14 15:28:40.485 [info] > git for-each-ref --sort -committerdate --format %(refname) %(objectname) %(*objectname) [7ms]
2024-11-14 15:28:40.503 [info] > git status -z -uall [55ms]
2024-11-14 15:28:45.542 [info] > git config --get commit.template [21ms]
2024-11-14 15:28:45.548 [info] > git for-each-ref --format=%(refname)%00%(upstream:short)%00%(objectname)%00%(upstream:track)%00%(upstream:remotename)%00%(upstream:remoteref) refs/heads/main refs/remotes/main [10ms]
2024-11-14 15:28:45.599 [info] > git for-each-ref --sort -committerdate --format %(refname) %(objectname) %(*objectname) [12ms]
2024-11-14 15:28:45.693 [info] > git status -z -uall [132ms]
2024-11-14 15:28:50.503 [info] > git show --textconv :src/components/ReservaProyector.js [44ms]
2024-11-14 15:28:50.503 [info] > git ls-files --stage -- /home/hhouse/workspace/web_unlam/lab_front/src/components/ReservaProyector.js [9ms]
2024-11-14 15:28:50.530 [info] > git cat-file -s 72978442d2e3718b6c9a84b0db981244bb3255ea [11ms]
2024-11-14 15:28:50.713 [info] > git config --get commit.template [3ms]
2024-11-14 15:28:50.729 [info] > git for-each-ref --format=%(refname)%00%(upstream:short)%00%(objectname)%00%(upstream:track)%00%(upstream:remotename)%00%(upstream:remoteref) refs/heads/main refs/remotes/main [2ms]
2024-11-14 15:28:50.783 [info] > git for-each-ref --sort -committerdate --format %(refname) %(objectname) %(*objectname) [21ms]
2024-11-14 15:28:50.799 [info] > git status -z -uall [56ms]
2024-11-14 15:28:51.956 [info] > git show --textconv :api/endPoints.js [20ms]
2024-11-14 15:28:51.963 [info] > git ls-files --stage -- /home/hhouse/workspace/web_unlam/lab_back/api/endPoints.js [8ms]
2024-11-14 15:28:51.981 [info] > git cat-file -s dc39f5e8d7db7d08668962ecdee2dca711daf35a [8ms]
2024-11-14 15:29:00.273 [info] > git config --get commit.template [24ms]
2024-11-14 15:29:00.279 [info] > git for-each-ref --format=%(refname)%00%(upstream:short)%00%(objectname)%00%(upstream:track)%00%(upstream:remotename)%00%(upstream:remoteref) refs/heads/main refs/remotes/main [8ms]
2024-11-14 15:29:00.319 [info] > git for-each-ref --sort -committerdate --format %(refname) %(objectname) %(*objectname) [5ms]
2024-11-14 15:29:00.376 [info] > git status -z -uall [81ms]
2024-11-14 15:29:00.629 [info] > git show --textconv :controllers/loginController.js [18ms]
2024-11-14 15:29:00.636 [info] > git ls-files --stage -- /home/hhouse/workspace/web_unlam/lab_back/controllers/loginController.js [9ms]
2024-11-14 15:29:00.663 [info] > git cat-file -s 5416d2b6da0b0ae9571a6f389eb52003ad38b900 [17ms]
2024-11-14 15:30:17.349 [info] > git ls-files --stage -- /home/hhouse/workspace/web_unlam/lab_back/controllers/bookingController.js [15ms]
2024-11-14 15:30:17.382 [info] > git show --textconv :controllers/bookingController.js [94ms]
2024-11-14 15:30:17.418 [info] > git cat-file -s 5c3de393be02564f05592f3405d17ca3e5b66866 [37ms]
2024-11-14 15:30:18.198 [info] > git show --textconv :controllers/loginController.js [28ms]
2024-11-14 15:30:18.206 [info] > git ls-files --stage -- /home/hhouse/workspace/web_unlam/lab_back/controllers/loginController.js [9ms]
2024-11-14 15:30:18.222 [info] > git cat-file -s 5416d2b6da0b0ae9571a6f389eb52003ad38b900 [6ms]
2024-11-14 15:30:20.580 [info] > git config --get commit.template [20ms]
2024-11-14 15:30:20.585 [info] > git for-each-ref --format=%(refname)%00%(upstream:short)%00%(objectname)%00%(upstream:track)%00%(upstream:remotename)%00%(upstream:remoteref) refs/heads/main refs/remotes/main [6ms]
2024-11-14 15:30:20.648 [info] > git status -z -uall [48ms]
2024-11-14 15:30:20.649 [info] > git for-each-ref --sort -committerdate --format %(refname) %(objectname) %(*objectname) [9ms]
2024-11-14 15:30:21.757 [info] > git show --textconv :api/endPoints.js [16ms]
2024-11-14 15:30:21.766 [info] > git ls-files --stage -- /home/hhouse/workspace/web_unlam/lab_back/api/endPoints.js [10ms]
2024-11-14 15:30:21.788 [info] > git cat-file -s dc39f5e8d7db7d08668962ecdee2dca711daf35a [5ms]
2024-11-14 15:30:31.198 [info] > git config --get commit.template [28ms]
2024-11-14 15:30:31.217 [info] > git for-each-ref --format=%(refname)%00%(upstream:short)%00%(objectname)%00%(upstream:track)%00%(upstream:remotename)%00%(upstream:remoteref) refs/heads/main refs/remotes/main [20ms]
2024-11-14 15:30:31.272 [info] > git for-each-ref --sort -committerdate --format %(refname) %(objectname) %(*objectname) [20ms]
2024-11-14 15:30:31.301 [info] > git status -z -uall [66ms]
2024-11-14 15:30:37.551 [info] > git show --textconv :controllers/loginController.js [61ms]
2024-11-14 15:30:37.570 [info] > git ls-files --stage -- /home/hhouse/workspace/web_unlam/lab_back/controllers/loginController.js [21ms]
2024-11-14 15:30:37.631 [info] > git cat-file -s 5416d2b6da0b0ae9571a6f389eb52003ad38b900 [4ms]
2024-11-14 15:32:30.869 [info] > git show --textconv :api/endPoints.js [42ms]
2024-11-14 15:32:30.891 [info] > git ls-files --stage -- /home/hhouse/workspace/web_unlam/lab_back/api/endPoints.js [23ms]
2024-11-14 15:32:30.935 [info] > git cat-file -s dc39f5e8d7db7d08668962ecdee2dca711daf35a [15ms]
2024-11-14 15:32:36.432 [info] > git show --textconv :controllers/loginController.js [46ms]
2024-11-14 15:32:36.462 [info] > git ls-files --stage -- /home/hhouse/workspace/web_unlam/lab_back/controllers/loginController.js [33ms]
2024-11-14 15:32:36.487 [info] > git cat-file -s 5416d2b6da0b0ae9571a6f389eb52003ad38b900 [6ms]
2024-11-14 15:35:17.543 [info] > git config --get commit.template [27ms]
2024-11-14 15:35:17.553 [info] > git for-each-ref --format=%(refname)%00%(upstream:short)%00%(objectname)%00%(upstream:track)%00%(upstream:remotename)%00%(upstream:remoteref) refs/heads/main refs/remotes/main [12ms]
2024-11-14 15:35:17.609 [info] > git for-each-ref --sort -committerdate --format %(refname) %(objectname) %(*objectname) [5ms]
2024-11-14 15:35:17.638 [info] > git status -z -uall [60ms]
2024-11-14 15:35:19.578 [info] > git show --textconv :api/endPoints.js [18ms]
2024-11-14 15:35:19.582 [info] > git ls-files --stage -- /home/hhouse/workspace/web_unlam/lab_back/api/endPoints.js [5ms]
2024-11-14 15:35:19.597 [info] > git cat-file -s dc39f5e8d7db7d08668962ecdee2dca711daf35a [2ms]
2024-11-14 15:35:22.717 [info] > git config --get commit.template [51ms]
2024-11-14 15:35:22.723 [info] > git for-each-ref --format=%(refname)%00%(upstream:short)%00%(objectname)%00%(upstream:track)%00%(upstream:remotename)%00%(upstream:remoteref) refs/heads/main refs/remotes/main [7ms]
2024-11-14 15:35:22.818 [info] > git for-each-ref --sort -committerdate --format %(refname) %(objectname) %(*objectname) [15ms]
2024-11-14 15:35:22.843 [info] > git status -z -uall [86ms]
2024-11-14 15:35:39.205 [info] > git config --get commit.template [6ms]
2024-11-14 15:35:39.226 [info] > git for-each-ref --format=%(refname)%00%(upstream:short)%00%(objectname)%00%(upstream:track)%00%(upstream:remotename)%00%(upstream:remoteref) refs/heads/main refs/remotes/main [8ms]
2024-11-14 15:35:39.300 [info] > git for-each-ref --sort -committerdate --format %(refname) %(objectname) %(*objectname) [14ms]
2024-11-14 15:35:39.314 [info] > git status -z -uall [72ms]
2024-11-14 15:37:30.854 [info] > git show --textconv :controllers/loginController.js [23ms]
2024-11-14 15:37:30.894 [info] > git ls-files --stage -- /home/hhouse/workspace/web_unlam/lab_back/controllers/loginController.js [42ms]
2024-11-14 15:37:30.928 [info] > git cat-file -s 5416d2b6da0b0ae9571a6f389eb52003ad38b900 [11ms]
2024-11-14 15:39:21.206 [info] > git config --get commit.template [35ms]
2024-11-14 15:39:21.210 [info] > git for-each-ref --format=%(refname)%00%(upstream:short)%00%(objectname)%00%(upstream:track)%00%(upstream:remotename)%00%(upstream:remoteref) refs/heads/main refs/remotes/main [5ms]
2024-11-14 15:39:21.287 [info] > git for-each-ref --sort -committerdate --format %(refname) %(objectname) %(*objectname) [19ms]
2024-11-14 15:39:21.311 [info] > git status -z -uall [73ms]
2024-11-14 15:39:26.369 [info] > git config --get commit.template [22ms]
2024-11-14 15:39:26.385 [info] > git for-each-ref --format=%(refname)%00%(upstream:short)%00%(objectname)%00%(upstream:track)%00%(upstream:remotename)%00%(upstream:remoteref) refs/heads/main refs/remotes/main [17ms]
2024-11-14 15:39:26.459 [info] > git for-each-ref --sort -committerdate --format %(refname) %(objectname) %(*objectname) [17ms]
2024-11-14 15:39:26.525 [info] > git status -z -uall [126ms]
2024-11-14 15:39:38.325 [info] > git config --get commit.template [38ms]
2024-11-14 15:39:38.332 [info] > git for-each-ref --format=%(refname)%00%(upstream:short)%00%(objectname)%00%(upstream:track)%00%(upstream:remotename)%00%(upstream:remoteref) refs/heads/main refs/remotes/main [11ms]
2024-11-14 15:39:38.387 [info] > git for-each-ref --sort -committerdate --format %(refname) %(objectname) %(*objectname) [5ms]
2024-11-14 15:39:38.451 [info] > git status -z -uall [98ms]
2024-11-14 15:42:41.136 [info] > git config --get commit.template [34ms]
2024-11-14 15:42:41.147 [info] > git for-each-ref --format=%(refname)%00%(upstream:short)%00%(objectname)%00%(upstream:track)%00%(upstream:remotename)%00%(upstream:remoteref) refs/heads/main refs/remotes/main [13ms]
2024-11-14 15:42:41.233 [info] > git for-each-ref --sort -committerdate --format %(refname) %(objectname) %(*objectname) [9ms]
2024-11-14 15:42:41.275 [info] > git status -z -uall [95ms]
2024-11-14 15:42:54.626 [info] > git show --textconv :src/components/ReservaProyector.js [22ms]
2024-11-14 15:42:54.636 [info] > git ls-files --stage -- /home/hhouse/workspace/web_unlam/lab_front/src/components/ReservaProyector.js [10ms]
2024-11-14 15:42:54.673 [info] > git cat-file -s 72978442d2e3718b6c9a84b0db981244bb3255ea [11ms]
2024-11-14 15:42:56.474 [info] > git show --textconv :controllers/bookingController.js [31ms]
2024-11-14 15:42:56.483 [info] > git ls-files --stage -- /home/hhouse/workspace/web_unlam/lab_back/controllers/bookingController.js [10ms]
2024-11-14 15:42:56.517 [info] > git cat-file -s 5c3de393be02564f05592f3405d17ca3e5b66866 [9ms]
2024-11-14 15:42:59.727 [info] > git show --textconv :api/endPoints.js [36ms]
2024-11-14 15:42:59.738 [info] > git ls-files --stage -- /home/hhouse/workspace/web_unlam/lab_back/api/endPoints.js [13ms]
2024-11-14 15:42:59.787 [info] > git cat-file -s dc39f5e8d7db7d08668962ecdee2dca711daf35a [4ms]
2024-11-14 15:43:25.852 [info] > git config --get commit.template [25ms]
2024-11-14 15:43:25.860 [info] > git for-each-ref --format=%(refname)%00%(upstream:short)%00%(objectname)%00%(upstream:track)%00%(upstream:remotename)%00%(upstream:remoteref) refs/heads/main refs/remotes/main [9ms]
2024-11-14 15:43:25.931 [info] > git for-each-ref --sort -committerdate --format %(refname) %(objectname) %(*objectname) [16ms]
2024-11-14 15:43:25.979 [info] > git status -z -uall [95ms]
2024-11-14 15:43:34.870 [info] > git show --textconv :controllers/loginController.js [63ms]
2024-11-14 15:43:34.903 [info] > git ls-files --stage -- /home/hhouse/workspace/web_unlam/lab_back/controllers/loginController.js [39ms]
2024-11-14 15:43:34.948 [info] > git cat-file -s 5416d2b6da0b0ae9571a6f389eb52003ad38b900 [6ms]
2024-11-14 15:43:36.707 [info] > git config --get commit.template [27ms]
2024-11-14 15:43:36.709 [info] > git for-each-ref --format=%(refname)%00%(upstream:short)%00%(objectname)%00%(upstream:track)%00%(upstream:remotename)%00%(upstream:remoteref) refs/heads/main refs/remotes/main [3ms]
2024-11-14 15:43:36.751 [info] > git for-each-ref --sort -committerdate --format %(refname) %(objectname) %(*objectname) [12ms]
2024-11-14 15:43:36.775 [info] > git status -z -uall [51ms]
2024-11-14 15:43:43.358 [info] > git config --get commit.template [32ms]
2024-11-14 15:43:43.370 [info] > git for-each-ref --format=%(refname)%00%(upstream:short)%00%(objectname)%00%(upstream:track)%00%(upstream:remotename)%00%(upstream:remoteref) refs/heads/main refs/remotes/main [14ms]
2024-11-14 15:43:43.448 [info] > git for-each-ref --sort -committerdate --format %(refname) %(objectname) %(*objectname) [9ms]
2024-11-14 15:43:43.483 [info] > git status -z -uall [73ms]
2024-11-14 15:43:59.870 [info] > git config --get commit.template [24ms]
2024-11-14 15:43:59.879 [info] > git for-each-ref --format=%(refname)%00%(upstream:short)%00%(objectname)%00%(upstream:track)%00%(upstream:remotename)%00%(upstream:remoteref) refs/heads/main refs/remotes/main [11ms]
2024-11-14 15:43:59.953 [info] > git for-each-ref --sort -committerdate --format %(refname) %(objectname) %(*objectname) [12ms]
2024-11-14 15:43:59.984 [info] > git status -z -uall [79ms]
2024-11-14 15:44:07.800 [info] > git config --get commit.template [20ms]
2024-11-14 15:44:07.802 [info] > git for-each-ref --format=%(refname)%00%(upstream:short)%00%(objectname)%00%(upstream:track)%00%(upstream:remotename)%00%(upstream:remoteref) refs/heads/main refs/remotes/main [3ms]
2024-11-14 15:44:07.877 [info] > git for-each-ref --sort -committerdate --format %(refname) %(objectname) %(*objectname) [4ms]
2024-11-14 15:44:07.951 [info] > git status -z -uall [107ms]
2024-11-14 15:44:47.922 [info] > git config --get commit.template [13ms]
2024-11-14 15:44:47.926 [info] > git for-each-ref --format=%(refname)%00%(upstream:short)%00%(objectname)%00%(upstream:track)%00%(upstream:remotename)%00%(upstream:remoteref) refs/heads/main refs/remotes/main [5ms]
2024-11-14 15:44:47.975 [info] > git for-each-ref --sort -committerdate --format %(refname) %(objectname) %(*objectname) [15ms]
2024-11-14 15:44:47.989 [info] > git status -z -uall [52ms]
2024-11-14 15:44:51.690 [info] > git show --textconv :api/endPoints.js [35ms]
2024-11-14 15:44:51.701 [info] > git ls-files --stage -- /home/hhouse/workspace/web_unlam/lab_back/api/endPoints.js [14ms]
2024-11-14 15:44:51.779 [info] > git cat-file -s dc39f5e8d7db7d08668962ecdee2dca711daf35a [23ms]
2024-11-14 15:44:59.270 [info] > git show --textconv :controllers/loginController.js [30ms]
2024-11-14 15:44:59.279 [info] > git ls-files --stage -- /home/hhouse/workspace/web_unlam/lab_back/controllers/loginController.js [13ms]
2024-11-14 15:44:59.296 [info] > git cat-file -s 5416d2b6da0b0ae9571a6f389eb52003ad38b900 [3ms]
2024-11-14 15:45:19.422 [info] > git config --get commit.template [28ms]
2024-11-14 15:45:19.439 [info] > git for-each-ref --format=%(refname)%00%(upstream:short)%00%(objectname)%00%(upstream:track)%00%(upstream:remotename)%00%(upstream:remoteref) refs/heads/main refs/remotes/main [18ms]
2024-11-14 15:45:19.529 [info] > git for-each-ref --sort -committerdate --format %(refname) %(objectname) %(*objectname) [7ms]
2024-11-14 15:45:19.568 [info] > git status -z -uall [84ms]
2024-11-14 16:39:51.455 [info] > git config --get commit.template [25ms]
2024-11-14 16:39:51.456 [info] > git for-each-ref --format=%(refname)%00%(upstream:short)%00%(objectname)%00%(upstream:track)%00%(upstream:remotename)%00%(upstream:remoteref) refs/heads/main refs/remotes/main [3ms]
2024-11-14 16:39:51.511 [info] > git for-each-ref --sort -committerdate --format %(refname) %(objectname) %(*objectname) [14ms]
2024-11-14 16:39:51.575 [info] > git status -z -uall [96ms]
2024-11-14 16:41:52.714 [info] > git show --textconv :api/endPoints.js [15ms]
2024-11-14 16:41:52.720 [info] > git ls-files --stage -- /home/hhouse/workspace/web_unlam/lab_back/api/endPoints.js [7ms]
2024-11-14 16:41:52.733 [info] > git cat-file -s dc39f5e8d7db7d08668962ecdee2dca711daf35a [2ms]
2024-11-14 16:41:54.296 [info] > git show --textconv :controllers/bookingController.js [46ms]
2024-11-14 16:41:54.299 [info] > git ls-files --stage -- /home/hhouse/workspace/web_unlam/lab_back/controllers/bookingController.js [22ms]
2024-11-14 16:41:54.317 [info] > git cat-file -s 5c3de393be02564f05592f3405d17ca3e5b66866 [4ms]
2024-11-14 16:42:04.399 [info] > git show --textconv :src/components/Login.js [37ms]
2024-11-14 16:42:04.405 [info] > git ls-files --stage -- /home/hhouse/workspace/web_unlam/lab_front/src/components/Login.js [7ms]
2024-11-14 16:42:04.453 [info] > git cat-file -s 46b13a55f8125bf2d1d407ecb550b6a22d4afbc9 [25ms]
2024-11-14 16:43:38.032 [info] > git show --textconv :controllers/bookingController.js [44ms]
2024-11-14 16:43:38.044 [info] > git ls-files --stage -- /home/hhouse/workspace/web_unlam/lab_back/controllers/bookingController.js [12ms]
2024-11-14 16:43:38.070 [info] > git cat-file -s 5c3de393be02564f05592f3405d17ca3e5b66866 [9ms]
2024-11-14 16:43:41.002 [info] > git show --textconv :api/endPoints.js [36ms]
2024-11-14 16:43:41.008 [info] > git ls-files --stage -- /home/hhouse/workspace/web_unlam/lab_back/api/endPoints.js [27ms]
2024-11-14 16:43:41.029 [info] > git cat-file -s dc39f5e8d7db7d08668962ecdee2dca711daf35a [8ms]
2024-11-14 16:43:49.729 [info] > git show --textconv :src/components/utils/tablaUsuarios.js [29ms]
2024-11-14 16:43:49.737 [info] > git ls-files --stage -- /home/hhouse/workspace/web_unlam/lab_front/src/components/utils/tablaUsuarios.js [9ms]
2024-11-14 16:43:49.784 [info] > git cat-file -s 8990e0932daf4a56a4127fd310e578a1371b63c9 [17ms]
2024-11-14 16:44:13.284 [info] > git show --textconv :src/components/utils/tablaReservas.js [39ms]
2024-11-14 16:44:13.299 [info] > git ls-files --stage -- /home/hhouse/workspace/web_unlam/lab_front/src/components/utils/tablaReservas.js [17ms]
2024-11-14 16:44:13.334 [info] > git cat-file -s bca5c85efc227f33b8655713be07b350ef001a51 [21ms]
2024-11-14 16:44:29.705 [info] > git show --textconv :src/components/utils/tablaUsuarios.js [30ms]
2024-11-14 16:44:29.711 [info] > git ls-files --stage -- /home/hhouse/workspace/web_unlam/lab_front/src/components/utils/tablaUsuarios.js [6ms]
2024-11-14 16:44:29.738 [info] > git cat-file -s 8990e0932daf4a56a4127fd310e578a1371b63c9 [16ms]
2024-11-14 16:44:34.997 [info] > git show --textconv :src/components/AdminUsuarios.js [28ms]
2024-11-14 16:44:35.003 [info] > git ls-files --stage -- /home/hhouse/workspace/web_unlam/lab_front/src/components/AdminUsuarios.js [14ms]
2024-11-14 16:44:35.027 [info] > git cat-file -s ee146cc1d1a919afd04ae56fe15ab0878e9f6742 [11ms]
2024-11-14 16:45:00.677 [info] > git show --textconv :src/components/AdminRetiroDevolucion.js [20ms]
2024-11-14 16:45:00.705 [info] > git ls-files --stage -- /home/hhouse/workspace/web_unlam/lab_front/src/components/AdminRetiroDevolucion.js [29ms]
2024-11-14 16:45:00.740 [info] > git cat-file -s 9a8f43f6a98670968cb175679a78e1563c5becd1 [8ms]
2024-11-14 16:45:05.055 [info] > git show --textconv :src/components/AdminUsuarios.js [26ms]
2024-11-14 16:45:05.065 [info] > git ls-files --stage -- /home/hhouse/workspace/web_unlam/lab_front/src/components/AdminUsuarios.js [11ms]
2024-11-14 16:45:05.098 [info] > git cat-file -s ee146cc1d1a919afd04ae56fe15ab0878e9f6742 [12ms]
2024-11-14 16:45:07.216 [info] > git config --get commit.template [24ms]
2024-11-14 16:45:07.218 [info] > git for-each-ref --format=%(refname)%00%(upstream:short)%00%(objectname)%00%(upstream:track)%00%(upstream:remotename)%00%(upstream:remoteref) refs/heads/main refs/remotes/main [3ms]
2024-11-14 16:45:07.269 [info] > git status -z -uall [20ms]
2024-11-14 16:45:07.271 [info] > git for-each-ref --sort -committerdate --format %(refname) %(objectname) %(*objectname) [3ms]
2024-11-14 16:45:12.471 [info] > git config --get commit.template [23ms]
2024-11-14 16:45:12.478 [info] > git for-each-ref --format=%(refname)%00%(upstream:short)%00%(objectname)%00%(upstream:track)%00%(upstream:remotename)%00%(upstream:remoteref) refs/heads/main refs/remotes/main [8ms]
2024-11-14 16:45:12.534 [info] > git status -z -uall [38ms]
2024-11-14 16:45:12.540 [info] > git for-each-ref --sort -committerdate --format %(refname) %(objectname) %(*objectname) [8ms]
2024-11-14 16:45:24.796 [info] > git config --get commit.template [38ms]
2024-11-14 16:45:24.803 [info] > git for-each-ref --format=%(refname)%00%(upstream:short)%00%(objectname)%00%(upstream:track)%00%(upstream:remotename)%00%(upstream:remoteref) refs/heads/main refs/remotes/main [8ms]
2024-11-14 16:45:24.869 [info] > git status -z -uall [28ms]
2024-11-14 16:45:24.881 [info] > git for-each-ref --sort -committerdate --format %(refname) %(objectname) %(*objectname) [15ms]
2024-11-14 16:45:31.305 [info] > git config --get commit.template [21ms]
2024-11-14 16:45:31.310 [info] > git for-each-ref --format=%(refname)%00%(upstream:short)%00%(objectname)%00%(upstream:track)%00%(upstream:remotename)%00%(upstream:remoteref) refs/heads/main refs/remotes/main [6ms]
2024-11-14 16:45:31.349 [info] > git status -z -uall [22ms]
2024-11-14 16:45:31.360 [info] > git for-each-ref --sort -committerdate --format %(refname) %(objectname) %(*objectname) [12ms]
2024-11-14 16:45:35.995 [info] > git show --textconv :src/components/AdminRetiroDevolucion.js [45ms]
2024-11-14 16:45:36.041 [info] > git ls-files --stage -- /home/hhouse/workspace/web_unlam/lab_front/src/components/AdminRetiroDevolucion.js [65ms]
2024-11-14 16:45:36.128 [info] > git cat-file -s 9a8f43f6a98670968cb175679a78e1563c5becd1 [25ms]
2024-11-14 16:45:36.455 [info] > git config --get commit.template [29ms]
2024-11-14 16:45:36.460 [info] > git for-each-ref --format=%(refname)%00%(upstream:short)%00%(objectname)%00%(upstream:track)%00%(upstream:remotename)%00%(upstream:remoteref) refs/heads/main refs/remotes/main [6ms]
2024-11-14 16:45:36.537 [info] > git status -z -uall [55ms]
2024-11-14 16:45:36.565 [info] > git for-each-ref --sort -committerdate --format %(refname) %(objectname) %(*objectname) [29ms]
2024-11-14 16:45:41.612 [info] > git config --get commit.template [23ms]
2024-11-14 16:45:41.614 [info] > git for-each-ref --format=%(refname)%00%(upstream:short)%00%(objectname)%00%(upstream:track)%00%(upstream:remotename)%00%(upstream:remoteref) refs/heads/main refs/remotes/main [9ms]
2024-11-14 16:45:41.649 [info] > git status -z -uall [17ms]
2024-11-14 16:45:41.652 [info] > git for-each-ref --sort -committerdate --format %(refname) %(objectname) %(*objectname) [5ms]
2024-11-14 16:45:46.972 [info] > git config --get commit.template [20ms]
2024-11-14 16:45:46.977 [info] > git for-each-ref --format=%(refname)%00%(upstream:short)%00%(objectname)%00%(upstream:track)%00%(upstream:remotename)%00%(upstream:remoteref) refs/heads/main refs/remotes/main [7ms]
2024-11-14 16:45:47.014 [info] > git status -z -uall [22ms]
2024-11-14 16:45:47.019 [info] > git for-each-ref --sort -committerdate --format %(refname) %(objectname) %(*objectname) [6ms]
2024-11-14 16:45:52.061 [info] > git config --get commit.template [19ms]
2024-11-14 16:45:52.064 [info] > git for-each-ref --format=%(refname)%00%(upstream:short)%00%(objectname)%00%(upstream:track)%00%(upstream:remotename)%00%(upstream:remoteref) refs/heads/main refs/remotes/main [4ms]
2024-11-14 16:45:52.099 [info] > git status -z -uall [18ms]
2024-11-14 16:45:52.103 [info] > git for-each-ref --sort -committerdate --format %(refname) %(objectname) %(*objectname) [5ms]
2024-11-14 16:45:58.210 [info] > git show --textconv :src/components/AdminUsuarios.js [33ms]
2024-11-14 16:45:58.231 [info] > git ls-files --stage -- /home/hhouse/workspace/web_unlam/lab_front/src/components/AdminUsuarios.js [22ms]
2024-11-14 16:45:58.272 [info] > git cat-file -s ee146cc1d1a919afd04ae56fe15ab0878e9f6742 [4ms]
2024-11-14 16:46:03.550 [info] > git config --get commit.template [25ms]
2024-11-14 16:46:03.556 [info] > git for-each-ref --format=%(refname)%00%(upstream:short)%00%(objectname)%00%(upstream:track)%00%(upstream:remotename)%00%(upstream:remoteref) refs/heads/main refs/remotes/main [7ms]
2024-11-14 16:46:03.605 [info] > git status -z -uall [21ms]
2024-11-14 16:46:03.610 [info] > git for-each-ref --sort -committerdate --format %(refname) %(objectname) %(*objectname) [6ms]
2024-11-14 16:46:09.218 [info] > git config --get commit.template [56ms]
2024-11-14 16:46:09.231 [info] > git for-each-ref --format=%(refname)%00%(upstream:short)%00%(objectname)%00%(upstream:track)%00%(upstream:remotename)%00%(upstream:remoteref) refs/heads/main refs/remotes/main [14ms]
2024-11-14 16:46:09.276 [info] > git status -z -uall [25ms]
2024-11-14 16:46:09.289 [info] > git for-each-ref --sort -committerdate --format %(refname) %(objectname) %(*objectname) [14ms]
2024-11-14 16:46:17.542 [info] > git config --get commit.template [21ms]
2024-11-14 16:46:17.545 [info] > git for-each-ref --format=%(refname)%00%(upstream:short)%00%(objectname)%00%(upstream:track)%00%(upstream:remotename)%00%(upstream:remoteref) refs/heads/main refs/remotes/main [5ms]
2024-11-14 16:46:17.597 [info] > git status -z -uall [40ms]
2024-11-14 16:46:17.607 [info] > git for-each-ref --sort -committerdate --format %(refname) %(objectname) %(*objectname) [13ms]
2024-11-14 16:46:17.884 [info] > git show --textconv :src/components/AdminRetiroDevolucion.js [1ms]
2024-11-14 16:46:17.901 [info] > git ls-files --stage -- /home/hhouse/workspace/web_unlam/lab_front/src/components/AdminRetiroDevolucion.js [4ms]
2024-11-14 16:46:17.922 [info] > git cat-file -s 9a8f43f6a98670968cb175679a78e1563c5becd1 [7ms]
2024-11-14 16:46:22.933 [info] > git show --textconv :src/components/AdminUsuarios.js [13ms]
2024-11-14 16:46:22.940 [info] > git ls-files --stage -- /home/hhouse/workspace/web_unlam/lab_front/src/components/AdminUsuarios.js [8ms]
2024-11-14 16:46:22.957 [info] > git cat-file -s ee146cc1d1a919afd04ae56fe15ab0878e9f6742 [6ms]
2024-11-14 16:46:24.081 [info] > git show --textconv :api/endPoints.js [38ms]
2024-11-14 16:46:24.093 [info] > git ls-files --stage -- /home/hhouse/workspace/web_unlam/lab_back/api/endPoints.js [13ms]
2024-11-14 16:46:24.139 [info] > git cat-file -s dc39f5e8d7db7d08668962ecdee2dca711daf35a [14ms]
2024-11-14 16:46:25.244 [info] > git show --textconv :src/components/AdminUsuarios.js [20ms]
2024-11-14 16:46:25.255 [info] > git ls-files --stage -- /home/hhouse/workspace/web_unlam/lab_front/src/components/AdminUsuarios.js [14ms]
2024-11-14 16:46:25.273 [info] > git cat-file -s ee146cc1d1a919afd04ae56fe15ab0878e9f6742 [6ms]
2024-11-14 16:46:29.782 [info] > git config --get commit.template [46ms]
2024-11-14 16:46:29.796 [info] > git for-each-ref --format=%(refname)%00%(upstream:short)%00%(objectname)%00%(upstream:track)%00%(upstream:remotename)%00%(upstream:remoteref) refs/heads/main refs/remotes/main [20ms]
2024-11-14 16:46:29.886 [info] > git status -z -uall [43ms]
2024-11-14 16:46:29.886 [info] > git for-each-ref --sort -committerdate --format %(refname) %(objectname) %(*objectname) [3ms]
2024-11-14 16:46:37.157 [info] > git config --get commit.template [31ms]
2024-11-14 16:46:37.170 [info] > git for-each-ref --format=%(refname)%00%(upstream:short)%00%(objectname)%00%(upstream:track)%00%(upstream:remotename)%00%(upstream:remoteref) refs/heads/main refs/remotes/main [14ms]
2024-11-14 16:46:37.227 [info] > git status -z -uall [28ms]
2024-11-14 16:46:37.232 [info] > git for-each-ref --sort -committerdate --format %(refname) %(objectname) %(*objectname) [6ms]
2024-11-14 16:46:53.356 [info] > git config --get commit.template [36ms]
2024-11-14 16:46:53.359 [info] > git for-each-ref --format=%(refname)%00%(upstream:short)%00%(objectname)%00%(upstream:track)%00%(upstream:remotename)%00%(upstream:remoteref) refs/heads/main refs/remotes/main [6ms]
2024-11-14 16:46:53.398 [info] > git status -z -uall [24ms]
2024-11-14 16:46:53.404 [info] > git for-each-ref --sort -committerdate --format %(refname) %(objectname) %(*objectname) [11ms]
2024-11-14 16:47:05.266 [info] > git config --get commit.template [21ms]
2024-11-14 16:47:05.284 [info] > git for-each-ref --format=%(refname)%00%(upstream:short)%00%(objectname)%00%(upstream:track)%00%(upstream:remotename)%00%(upstream:remoteref) refs/heads/main refs/remotes/main [19ms]
2024-11-14 16:47:05.325 [info] > git status -z -uall [24ms]
2024-11-14 16:47:05.332 [info] > git for-each-ref --sort -committerdate --format %(refname) %(objectname) %(*objectname) [8ms]
2024-11-14 16:48:06.158 [info] > git config --get commit.template [14ms]
2024-11-14 16:48:06.159 [info] > git for-each-ref --format=%(refname)%00%(upstream:short)%00%(objectname)%00%(upstream:track)%00%(upstream:remotename)%00%(upstream:remoteref) refs/heads/main refs/remotes/main [2ms]
2024-11-14 16:48:06.181 [info] > git status -z -uall [12ms]
2024-11-14 16:48:06.183 [info] > git for-each-ref --sort -committerdate --format %(refname) %(objectname) %(*objectname) [3ms]
2024-11-14 16:48:11.226 [info] > git config --get commit.template [19ms]
2024-11-14 16:48:11.233 [info] > git for-each-ref --format=%(refname)%00%(upstream:short)%00%(objectname)%00%(upstream:track)%00%(upstream:remotename)%00%(upstream:remoteref) refs/heads/main refs/remotes/main [9ms]
2024-11-14 16:48:11.270 [info] > git status -z -uall [18ms]
2024-11-14 16:48:11.273 [info] > git for-each-ref --sort -committerdate --format %(refname) %(objectname) %(*objectname) [5ms]
2024-11-14 16:49:03.336 [info] > git show --textconv :src/components/AdminRetiroDevolucion.js [15ms]
2024-11-14 16:49:03.340 [info] > git ls-files --stage -- /home/hhouse/workspace/web_unlam/lab_front/src/components/AdminRetiroDevolucion.js [5ms]
2024-11-14 16:49:03.356 [info] > git cat-file -s 9a8f43f6a98670968cb175679a78e1563c5becd1 [2ms]
2024-11-14 16:49:06.292 [info] > git show --textconv :src/components/AdminUsuarios.js [25ms]
2024-11-14 16:49:06.293 [info] > git ls-files --stage -- /home/hhouse/workspace/web_unlam/lab_front/src/components/AdminUsuarios.js [9ms]
2024-11-14 16:49:06.347 [info] > git cat-file -s ee146cc1d1a919afd04ae56fe15ab0878e9f6742 [25ms]
2024-11-14 16:49:10.577 [info] > git show --textconv :src/components/utils/tablaUsuarios.js [40ms]
2024-11-14 16:49:10.578 [info] > git ls-files --stage -- /home/hhouse/workspace/web_unlam/lab_front/src/components/utils/tablaUsuarios.js [14ms]
2024-11-14 16:49:10.625 [info] > git cat-file -s 8990e0932daf4a56a4127fd310e578a1371b63c9 [16ms]
2024-11-14 16:50:58.104 [info] > git config --get commit.template [25ms]
2024-11-14 16:50:58.111 [info] > git for-each-ref --format=%(refname)%00%(upstream:short)%00%(objectname)%00%(upstream:track)%00%(upstream:remotename)%00%(upstream:remoteref) refs/heads/main refs/remotes/main [8ms]
2024-11-14 16:50:58.145 [info] > git status -z -uall [16ms]
2024-11-14 16:50:58.150 [info] > git for-each-ref --sort -committerdate --format %(refname) %(objectname) %(*objectname) [7ms]
2024-11-14 16:52:37.170 [info] > git config --get commit.template [20ms]
2024-11-14 16:52:37.177 [info] > git for-each-ref --format=%(refname)%00%(upstream:short)%00%(objectname)%00%(upstream:track)%00%(upstream:remotename)%00%(upstream:remoteref) refs/heads/main refs/remotes/main [8ms]
2024-11-14 16:52:37.227 [info] > git status -z -uall [29ms]
2024-11-14 16:52:37.232 [info] > git for-each-ref --sort -committerdate --format %(refname) %(objectname) %(*objectname) [6ms]
2024-11-14 16:52:42.267 [info] > git config --get commit.template [14ms]
2024-11-14 16:52:42.271 [info] > git for-each-ref --format=%(refname)%00%(upstream:short)%00%(objectname)%00%(upstream:track)%00%(upstream:remotename)%00%(upstream:remoteref) refs/heads/main refs/remotes/main [5ms]
2024-11-14 16:52:42.300 [info] > git status -z -uall [17ms]
2024-11-14 16:52:42.304 [info] > git for-each-ref --sort -committerdate --format %(refname) %(objectname) %(*objectname) [5ms]
2024-11-14 16:52:55.008 [info] > git config --get commit.template [24ms]
2024-11-14 16:52:55.022 [info] > git for-each-ref --format=%(refname)%00%(upstream:short)%00%(objectname)%00%(upstream:track)%00%(upstream:remotename)%00%(upstream:remoteref) refs/heads/main refs/remotes/main [15ms]
2024-11-14 16:52:55.088 [info] > git status -z -uall [42ms]
2024-11-14 16:52:55.095 [info] > git for-each-ref --sort -committerdate --format %(refname) %(objectname) %(*objectname) [8ms]
2024-11-14 16:53:05.912 [info] > git config --get commit.template [29ms]
2024-11-14 16:53:05.920 [info] > git for-each-ref --format=%(refname)%00%(upstream:short)%00%(objectname)%00%(upstream:track)%00%(upstream:remotename)%00%(upstream:remoteref) refs/heads/main refs/remotes/main [11ms]
2024-11-14 16:53:05.975 [info] > git status -z -uall [32ms]
2024-11-14 16:53:05.987 [info] > git for-each-ref --sort -committerdate --format %(refname) %(objectname) %(*objectname) [13ms]
2024-11-14 16:53:34.533 [info] > git check-ignore -v -z --stdin [22ms]
2024-11-14 16:53:37.036 [info] > git show --textconv :DB/testingdb.sql [34ms]
2024-11-14 16:53:37.051 [info] > git ls-files --stage -- /home/hhouse/workspace/web_unlam/lab_back/DB/testingdb.sql [21ms]
2024-11-14 16:53:37.088 [info] > git cat-file -s ffe017a354e87202e03eddb119e9af018d21cc81 [11ms]
2024-11-14 16:55:05.664 [info] > git config --get commit.template [18ms]
2024-11-14 16:55:05.675 [info] > git for-each-ref --format=%(refname)%00%(upstream:short)%00%(objectname)%00%(upstream:track)%00%(upstream:remotename)%00%(upstream:remoteref) refs/heads/main refs/remotes/main [12ms]
2024-11-14 16:55:05.714 [info] > git status -z -uall [21ms]
2024-11-14 16:55:05.721 [info] > git for-each-ref --sort -committerdate --format %(refname) %(objectname) %(*objectname) [7ms]
2024-11-14 16:55:07.700 [info] > git show --textconv :src/components/utils/tablaUsuarios.js [38ms]
2024-11-14 16:55:07.706 [info] > git ls-files --stage -- /home/hhouse/workspace/web_unlam/lab_front/src/components/utils/tablaUsuarios.js [9ms]
2024-11-14 16:55:07.754 [info] > git cat-file -s 8990e0932daf4a56a4127fd310e578a1371b63c9 [10ms]
2024-11-14 16:55:11.219 [info] > git config --get commit.template [34ms]
2024-11-14 16:55:11.239 [info] > git for-each-ref --format=%(refname)%00%(upstream:short)%00%(objectname)%00%(upstream:track)%00%(upstream:remotename)%00%(upstream:remoteref) refs/heads/main refs/remotes/main [21ms]
2024-11-14 16:55:11.363 [info] > git status -z -uall [70ms]
2024-11-14 16:55:11.379 [info] > git for-each-ref --sort -committerdate --format %(refname) %(objectname) %(*objectname) [19ms]
2024-11-14 16:55:21.332 [info] > git config --get commit.template [36ms]
2024-11-14 16:55:21.348 [info] > git for-each-ref --format=%(refname)%00%(upstream:short)%00%(objectname)%00%(upstream:track)%00%(upstream:remotename)%00%(upstream:remoteref) refs/heads/main refs/remotes/main [16ms]
2024-11-14 16:55:21.408 [info] > git status -z -uall [40ms]
2024-11-14 16:55:21.414 [info] > git for-each-ref --sort -committerdate --format %(refname) %(objectname) %(*objectname) [10ms]
2024-11-14 16:56:54.000 [info] > git config --get commit.template [50ms]
2024-11-14 16:56:54.031 [info] > git for-each-ref --format=%(refname)%00%(upstream:short)%00%(objectname)%00%(upstream:track)%00%(upstream:remotename)%00%(upstream:remoteref) refs/heads/main refs/remotes/main [32ms]
2024-11-14 16:56:54.094 [info] > git status -z -uall [28ms]
2024-11-14 16:56:54.110 [info] > git for-each-ref --sort -committerdate --format %(refname) %(objectname) %(*objectname) [17ms]
2024-11-14 16:56:59.149 [info] > git config --get commit.template [12ms]
2024-11-14 16:56:59.154 [info] > git for-each-ref --format=%(refname)%00%(upstream:short)%00%(objectname)%00%(upstream:track)%00%(upstream:remotename)%00%(upstream:remoteref) refs/heads/main refs/remotes/main [6ms]
2024-11-14 16:56:59.182 [info] > git status -z -uall [17ms]
2024-11-14 16:56:59.188 [info] > git for-each-ref --sort -committerdate --format %(refname) %(objectname) %(*objectname) [7ms]
2024-11-14 16:57:35.061 [info] > git show --textconv :src/components/AdminUsuarios.js [35ms]
2024-11-14 16:57:35.116 [info] > git ls-files --stage -- /home/hhouse/workspace/web_unlam/lab_front/src/components/AdminUsuarios.js [56ms]
2024-11-14 16:57:35.178 [info] > git cat-file -s ee146cc1d1a919afd04ae56fe15ab0878e9f6742 [16ms]
2024-11-14 16:57:37.302 [info] > git show --textconv :src/components/utils/tablaUsuarios.js [32ms]
2024-11-14 16:57:37.310 [info] > git ls-files --stage -- /home/hhouse/workspace/web_unlam/lab_front/src/components/utils/tablaUsuarios.js [9ms]
2024-11-14 16:57:37.341 [info] > git cat-file -s 8990e0932daf4a56a4127fd310e578a1371b63c9 [6ms]
2024-11-14 16:57:39.075 [info] > git show --textconv :src/components/utils/tablaReservas.js [52ms]
2024-11-14 16:57:39.078 [info] > git ls-files --stage -- /home/hhouse/workspace/web_unlam/lab_front/src/components/utils/tablaReservas.js [4ms]
2024-11-14 16:57:39.123 [info] > git cat-file -s bca5c85efc227f33b8655713be07b350ef001a51 [5ms]
2024-11-14 16:57:59.207 [info] > git show --textconv :src/components/utils/tablaUsuarios.js [28ms]
2024-11-14 16:57:59.209 [info] > git ls-files --stage -- /home/hhouse/workspace/web_unlam/lab_front/src/components/utils/tablaUsuarios.js [3ms]
2024-11-14 16:57:59.241 [info] > git cat-file -s 8990e0932daf4a56a4127fd310e578a1371b63c9 [11ms]
2024-11-14 16:58:17.816 [info] > git config --get commit.template [42ms]
2024-11-14 16:58:17.843 [info] > git for-each-ref --format=%(refname)%00%(upstream:short)%00%(objectname)%00%(upstream:track)%00%(upstream:remotename)%00%(upstream:remoteref) refs/heads/main refs/remotes/main [29ms]
2024-11-14 16:58:17.947 [info] > git status -z -uall [65ms]
2024-11-14 16:58:17.961 [info] > git for-each-ref --sort -committerdate --format %(refname) %(objectname) %(*objectname) [15ms]
2024-11-14 16:58:27.260 [info] > git config --get commit.template [37ms]
2024-11-14 16:58:27.268 [info] > git for-each-ref --format=%(refname)%00%(upstream:short)%00%(objectname)%00%(upstream:track)%00%(upstream:remotename)%00%(upstream:remoteref) refs/heads/main refs/remotes/main [11ms]
2024-11-14 16:58:27.319 [info] > git status -z -uall [27ms]
2024-11-14 16:58:27.333 [info] > git for-each-ref --sort -committerdate --format %(refname) %(objectname) %(*objectname) [17ms]
2024-11-14 16:59:00.433 [info] > git show --textconv :src/components/utils/tablaReservas.js [48ms]
2024-11-14 16:59:00.435 [info] > git ls-files --stage -- /home/hhouse/workspace/web_unlam/lab_front/src/components/utils/tablaReservas.js [3ms]
2024-11-14 16:59:00.501 [info] > git cat-file -s bca5c85efc227f33b8655713be07b350ef001a51 [16ms]
2024-11-14 16:59:01.560 [info] > git show --textconv :src/components/utils/tablaUsuarios.js [37ms]
2024-11-14 16:59:01.565 [info] > git ls-files --stage -- /home/hhouse/workspace/web_unlam/lab_front/src/components/utils/tablaUsuarios.js [6ms]
2024-11-14 16:59:01.625 [info] > git cat-file -s 8990e0932daf4a56a4127fd310e578a1371b63c9 [10ms]
2024-11-14 16:59:22.263 [info] > git config --get commit.template [16ms]
2024-11-14 16:59:22.280 [info] > git for-each-ref --format=%(refname)%00%(upstream:short)%00%(objectname)%00%(upstream:track)%00%(upstream:remotename)%00%(upstream:remoteref) refs/heads/main refs/remotes/main [18ms]
2024-11-14 16:59:22.418 [info] > git status -z -uall [65ms]
2024-11-14 16:59:22.433 [info] > git for-each-ref --sort -committerdate --format %(refname) %(objectname) %(*objectname) [16ms]
2024-11-14 16:59:49.127 [info] > git config --get commit.template [51ms]
2024-11-14 16:59:49.158 [info] > git for-each-ref --format=%(refname)%00%(upstream:short)%00%(objectname)%00%(upstream:track)%00%(upstream:remotename)%00%(upstream:remoteref) refs/heads/main refs/remotes/main [37ms]
2024-11-14 16:59:49.220 [info] > git status -z -uall [26ms]
2024-11-14 16:59:49.245 [info] > git for-each-ref --sort -committerdate --format %(refname) %(objectname) %(*objectname) [27ms]
2024-11-14 17:00:04.811 [info] > git config --get commit.template [54ms]
2024-11-14 17:00:04.836 [info] > git for-each-ref --format=%(refname)%00%(upstream:short)%00%(objectname)%00%(upstream:track)%00%(upstream:remotename)%00%(upstream:remoteref) refs/heads/main refs/remotes/main [26ms]
2024-11-14 17:00:04.923 [info] > git status -z -uall [47ms]
2024-11-14 17:00:04.955 [info] > git for-each-ref --sort -committerdate --format %(refname) %(objectname) %(*objectname) [32ms]
2024-11-14 17:00:30.731 [info] > git config --get commit.template [21ms]
2024-11-14 17:00:30.740 [info] > git for-each-ref --format=%(refname)%00%(upstream:short)%00%(objectname)%00%(upstream:track)%00%(upstream:remotename)%00%(upstream:remoteref) refs/heads/main refs/remotes/main [11ms]
2024-11-14 17:00:30.813 [info] > git status -z -uall [22ms]
2024-11-14 17:00:30.826 [info] > git for-each-ref --sort -committerdate --format %(refname) %(objectname) %(*objectname) [14ms]
2024-11-14 17:00:40.450 [info] > git config --get commit.template [43ms]
2024-11-14 17:00:40.476 [info] > git for-each-ref --format=%(refname)%00%(upstream:short)%00%(objectname)%00%(upstream:track)%00%(upstream:remotename)%00%(upstream:remoteref) refs/heads/main refs/remotes/main [28ms]
2024-11-14 17:00:40.546 [info] > git status -z -uall [32ms]
2024-11-14 17:00:40.567 [info] > git for-each-ref --sort -committerdate --format %(refname) %(objectname) %(*objectname) [22ms]
2024-11-14 17:00:53.500 [info] > git config --get commit.template [50ms]
2024-11-14 17:00:53.511 [info] > git for-each-ref --format=%(refname)%00%(upstream:short)%00%(objectname)%00%(upstream:track)%00%(upstream:remotename)%00%(upstream:remoteref) refs/heads/main refs/remotes/main [13ms]
2024-11-14 17:00:53.567 [info] > git status -z -uall [31ms]
2024-11-14 17:00:53.579 [info] > git for-each-ref --sort -committerdate --format %(refname) %(objectname) %(*objectname) [15ms]
2024-11-14 17:01:42.591 [info] > git config --get commit.template [16ms]
2024-11-14 17:01:42.594 [info] > git for-each-ref --format=%(refname)%00%(upstream:short)%00%(objectname)%00%(upstream:track)%00%(upstream:remotename)%00%(upstream:remoteref) refs/heads/main refs/remotes/main [5ms]
2024-11-14 17:01:42.630 [info] > git status -z -uall [24ms]
2024-11-14 17:01:42.638 [info] > git for-each-ref --sort -committerdate --format %(refname) %(objectname) %(*objectname) [9ms]
2024-11-14 17:01:48.828 [info] > git show --textconv :api/endPoints.js [41ms]
2024-11-14 17:01:48.844 [info] > git ls-files --stage -- /home/hhouse/workspace/web_unlam/lab_back/api/endPoints.js [18ms]
2024-11-14 17:01:48.883 [info] > git cat-file -s dc39f5e8d7db7d08668962ecdee2dca711daf35a [19ms]
2024-11-14 17:05:45.576 [info] > git config --get commit.template [37ms]
2024-11-14 17:05:45.593 [info] > git for-each-ref --format=%(refname)%00%(upstream:short)%00%(objectname)%00%(upstream:track)%00%(upstream:remotename)%00%(upstream:remoteref) refs/heads/main refs/remotes/main [18ms]
2024-11-14 17:05:45.650 [info] > git status -z -uall [31ms]
2024-11-14 17:05:45.655 [info] > git for-each-ref --sort -committerdate --format %(refname) %(objectname) %(*objectname) [6ms]
2024-11-14 17:07:39.931 [info] > git show --textconv :controllers/loginController.js [32ms]
2024-11-14 17:07:39.941 [info] > git ls-files --stage -- /home/hhouse/workspace/web_unlam/lab_back/controllers/loginController.js [11ms]
2024-11-14 17:07:39.983 [info] > git cat-file -s 5416d2b6da0b0ae9571a6f389eb52003ad38b900 [3ms]
2024-11-14 17:07:41.853 [info] > git show --textconv :src/components/AdminUsuarios.js [31ms]
2024-11-14 17:07:41.861 [info] > git ls-files --stage -- /home/hhouse/workspace/web_unlam/lab_front/src/components/AdminUsuarios.js [9ms]
2024-11-14 17:07:41.918 [info] > git cat-file -s ee146cc1d1a919afd04ae56fe15ab0878e9f6742 [4ms]
2024-11-14 17:07:50.075 [info] > git show --textconv :src/components/utils/tablaUsuarios.js [25ms]
2024-11-14 17:07:50.077 [info] > git ls-files --stage -- /home/hhouse/workspace/web_unlam/lab_front/src/components/utils/tablaUsuarios.js [3ms]
2024-11-14 17:07:50.113 [info] > git cat-file -s 8990e0932daf4a56a4127fd310e578a1371b63c9 [13ms]
2024-11-14 17:10:14.442 [info] > git config --get commit.template [37ms]
2024-11-14 17:10:14.455 [info] > git for-each-ref --format=%(refname)%00%(upstream:short)%00%(objectname)%00%(upstream:track)%00%(upstream:remotename)%00%(upstream:remoteref) refs/heads/main refs/remotes/main [14ms]
2024-11-14 17:10:14.501 [info] > git status -z -uall [22ms]
2024-11-14 17:10:14.507 [info] > git for-each-ref --sort -committerdate --format %(refname) %(objectname) %(*objectname) [7ms]
2024-11-14 17:11:51.359 [info] > git config --get commit.template [50ms]
2024-11-14 17:11:51.380 [info] > git for-each-ref --format=%(refname)%00%(upstream:short)%00%(objectname)%00%(upstream:track)%00%(upstream:remotename)%00%(upstream:remoteref) refs/heads/main refs/remotes/main [22ms]
2024-11-14 17:11:51.443 [info] > git status -z -uall [27ms]
2024-11-14 17:11:51.483 [info] > git for-each-ref --sort -committerdate --format %(refname) %(objectname) %(*objectname) [49ms]
2024-11-14 17:15:19.249 [info] > git config --get commit.template [29ms]
2024-11-14 17:15:19.250 [info] > git for-each-ref --format=%(refname)%00%(upstream:short)%00%(objectname)%00%(upstream:track)%00%(upstream:remotename)%00%(upstream:remoteref) refs/heads/main refs/remotes/main [4ms]
2024-11-14 17:15:19.298 [info] > git status -z -uall [23ms]
2024-11-14 17:15:19.305 [info] > git for-each-ref --sort -committerdate --format %(refname) %(objectname) %(*objectname) [8ms]
2024-11-14 17:51:55.070 [info] > git show --textconv :src/components/utils/tablaReservas.js [41ms]
2024-11-14 17:51:55.080 [info] > git ls-files --stage -- /home/hhouse/workspace/web_unlam/lab_front/src/components/utils/tablaReservas.js [11ms]
2024-11-14 17:51:55.154 [info] > git cat-file -s bca5c85efc227f33b8655713be07b350ef001a51 [29ms]
2024-11-14 17:52:06.202 [info] > git show --textconv :src/components/utils/tablaUsuarios.js [22ms]
2024-11-14 17:52:06.229 [info] > git ls-files --stage -- /home/hhouse/workspace/web_unlam/lab_front/src/components/utils/tablaUsuarios.js [25ms]
2024-11-14 17:52:06.270 [info] > git cat-file -s 8990e0932daf4a56a4127fd310e578a1371b63c9 [21ms]
2024-11-14 17:52:12.070 [info] > git show --textconv :controllers/loginController.js [38ms]
2024-11-14 17:52:12.098 [info] > git ls-files --stage -- /home/hhouse/workspace/web_unlam/lab_back/controllers/loginController.js [28ms]
2024-11-14 17:52:12.122 [info] > git cat-file -s 5416d2b6da0b0ae9571a6f389eb52003ad38b900 [4ms]
2024-11-14 17:52:52.532 [info] > git config --get commit.template [29ms]
2024-11-14 17:52:52.533 [info] > git for-each-ref --format=%(refname)%00%(upstream:short)%00%(objectname)%00%(upstream:track)%00%(upstream:remotename)%00%(upstream:remoteref) refs/heads/main refs/remotes/main [2ms]
2024-11-14 17:52:52.591 [info] > git for-each-ref --sort -committerdate --format %(refname) %(objectname) %(*objectname) [7ms]
2024-11-14 17:52:52.675 [info] > git status -z -uall [122ms]
2024-11-14 17:53:11.942 [info] > git show --textconv :src/components/utils/tablaReservas.js [24ms]
2024-11-14 17:53:11.956 [info] > git ls-files --stage -- /home/hhouse/workspace/web_unlam/lab_front/src/components/utils/tablaReservas.js [15ms]
2024-11-14 17:53:11.998 [info] > git cat-file -s bca5c85efc227f33b8655713be07b350ef001a51 [12ms]
2024-11-14 17:53:13.426 [info] > git show --textconv :controllers/loginController.js [51ms]
2024-11-14 17:53:13.444 [info] > git ls-files --stage -- /home/hhouse/workspace/web_unlam/lab_back/controllers/loginController.js [19ms]
2024-11-14 17:53:13.506 [info] > git cat-file -s 5416d2b6da0b0ae9571a6f389eb52003ad38b900 [21ms]
2024-11-14 17:53:14.358 [info] > git show --textconv :src/components/utils/tablaUsuarios.js [50ms]
2024-11-14 17:53:14.360 [info] > git ls-files --stage -- /home/hhouse/workspace/web_unlam/lab_front/src/components/utils/tablaUsuarios.js [3ms]
2024-11-14 17:53:14.393 [info] > git cat-file -s 8990e0932daf4a56a4127fd310e578a1371b63c9 [11ms]
2024-11-14 17:55:36.761 [info] > git show --textconv :src/components/AdminUsuarios.js [31ms]
2024-11-14 17:55:36.763 [info] > git ls-files --stage -- /home/hhouse/workspace/web_unlam/lab_front/src/components/AdminUsuarios.js [8ms]
2024-11-14 17:55:36.818 [info] > git cat-file -s ee146cc1d1a919afd04ae56fe15ab0878e9f6742 [9ms]
2024-11-14 17:55:38.949 [info] > git show --textconv :controllers/loginController.js [32ms]
2024-11-14 17:55:38.963 [info] > git ls-files --stage -- /home/hhouse/workspace/web_unlam/lab_back/controllers/loginController.js [15ms]
2024-11-14 17:55:39.001 [info] > git cat-file -s 5416d2b6da0b0ae9571a6f389eb52003ad38b900 [10ms]
