2024-11-11 09:26:00.113 [info] Reading sessions from keychain...
2024-11-11 09:26:00.113 [info] Getting sessions for all scopes...
2024-11-11 09:26:00.113 [info] Getting sessions for all scopes...
2024-11-11 09:26:00.113 [info] Getting sessions for all scopes...
2024-11-11 09:26:00.113 [info] Got 0 sessions for ...
2024-11-11 09:26:00.113 [info] Got 0 sessions for ...
2024-11-11 09:26:00.113 [info] Got 0 sessions for ...
2024-11-11 09:26:00.113 [info] Getting sessions for read:user,repo,user:email,workflow...
2024-11-11 09:26:00.113 [info] Got 0 sessions for read:user,repo,user:email,workflow...
2024-11-11 09:26:03.320 [info] Getting sessions for all scopes...
2024-11-11 09:26:03.320 [info] Got 0 sessions for ...
2024-11-11 09:45:12.340 [info] Reading sessions from keychain...
2024-11-11 09:45:12.340 [info] Getting sessions for all scopes...
2024-11-11 09:45:12.340 [info] Getting sessions for all scopes...
2024-11-11 09:45:12.340 [info] Getting sessions for all scopes...
2024-11-11 09:45:12.340 [info] Got 0 sessions for ...
2024-11-11 09:45:12.340 [info] Got 0 sessions for ...
2024-11-11 09:45:12.340 [info] Got 0 sessions for ...
2024-11-11 09:45:12.380 [info] Getting sessions for read:user,repo,user:email,workflow...
2024-11-11 09:45:12.380 [info] Got 0 sessions for read:user,repo,user:email,workflow...
2024-11-11 10:05:58.395 [info] Reading sessions from keychain...
2024-11-11 10:05:58.395 [info] Getting sessions for all scopes...
2024-11-11 10:05:58.395 [info] Getting sessions for all scopes...
2024-11-11 10:05:58.395 [info] Getting sessions for all scopes...
2024-11-11 10:05:58.395 [info] Got 0 sessions for ...
2024-11-11 10:05:58.395 [info] Got 0 sessions for ...
2024-11-11 10:05:58.395 [info] Got 0 sessions for ...
2024-11-11 10:05:58.721 [info] Getting sessions for read:user,repo,user:email,workflow...
2024-11-11 10:05:58.721 [info] Got 0 sessions for read:user,repo,user:email,workflow...
