2024-11-11 09:25:55.173 [info] [main] Log level: Info
2024-11-11 09:25:55.173 [info] [main] Validating found git in: "git"
2024-11-11 09:25:55.173 [info] [main] Using git "2.39.5" from "git"
2024-11-11 09:25:55.173 [info] [Model][doInitialScan] Initial repository scan started
2024-11-11 09:25:55.173 [info] > git rev-parse --show-toplevel [33ms]
2024-11-11 09:25:55.173 [info] fatal: not a git repository (or any of the parent directories): .git
2024-11-11 09:25:55.185 [info] > git rev-parse --show-toplevel [16ms]
2024-11-11 09:25:55.250 [info] > git rev-parse --git-dir --git-common-dir [20ms]
2024-11-11 09:25:55.443 [info] [Model][openRepository] Opened repository: /home/hhouse/workspace/web_unlam/lab_front
2024-11-11 09:25:55.656 [info] > git config --get commit.template [63ms]
2024-11-11 09:25:55.699 [info] > git rev-parse --show-toplevel [48ms]
2024-11-11 09:25:55.918 [info] > git for-each-ref --format=%(refname)%00%(upstream:short)%00%(objectname)%00%(upstream:track)%00%(upstream:remotename)%00%(upstream:remoteref) refs/heads/main refs/remotes/main [122ms]
2024-11-11 09:25:55.993 [info] > git rev-parse --git-dir --git-common-dir [77ms]
2024-11-11 09:25:56.170 [info] [Model][openRepository] Opened repository: /home/hhouse/workspace/web_unlam/lab_back
2024-11-11 09:25:56.218 [info] [Model][doInitialScan] Initial repository scan completed - repositories (2), closed repositories (0), parent repositories (0), unsafe repositories (0)
2024-11-11 09:25:56.605 [info] > git status -z -uall [185ms]
2024-11-11 09:25:56.608 [info] > git config --get commit.template [300ms]
2024-11-11 09:25:56.644 [info] > git for-each-ref --sort -committerdate --format %(refname) %(objectname) %(*objectname) [88ms]
2024-11-11 09:25:56.936 [info] > git for-each-ref --format=%(refname)%00%(upstream:short)%00%(objectname)%00%(upstream:track)%00%(upstream:remotename)%00%(upstream:remoteref) refs/heads/main refs/remotes/main [100ms]
2024-11-11 09:25:57.015 [info] > git for-each-ref --format=%(refname)%00%(upstream:short)%00%(objectname)%00%(upstream:track)%00%(upstream:remotename)%00%(upstream:remoteref) refs/heads/main refs/remotes/main [413ms]
2024-11-11 09:25:57.515 [info] > git config --local branch.main.vscode-merge-base [496ms]
2024-11-11 09:25:57.572 [info] > git config --get commit.template [639ms]
2024-11-11 09:25:57.920 [info] > git for-each-ref --format=%(refname)%00%(upstream:short)%00%(objectname)%00%(upstream:track)%00%(upstream:remotename)%00%(upstream:remoteref) refs/heads/origin/main refs/remotes/origin/main [347ms]
2024-11-11 09:25:58.403 [info] > git merge-base refs/heads/main refs/remotes/origin/main [415ms]
2024-11-11 09:25:58.919 [info] > git check-ignore -v -z --stdin [413ms]
2024-11-11 09:25:58.948 [info] > git check-ignore -v -z --stdin [435ms]
2024-11-11 09:25:58.997 [info] > git diff --name-status -z --diff-filter=ADMR d0b95825eac1890ed84b2809cc5575efceb19008...refs/remotes/origin/main [538ms]
2024-11-11 09:25:59.021 [info] > git for-each-ref --format=%(refname)%00%(upstream:short)%00%(objectname)%00%(upstream:track)%00%(upstream:remotename)%00%(upstream:remoteref) refs/heads/main refs/remotes/main [659ms]
2024-11-11 09:25:59.497 [info] > git status -z -uall [742ms]
2024-11-11 09:25:59.497 [info] > git show --textconv :src/components/utils/tablaReservas.js [65ms]
2024-11-11 09:25:59.508 [info] > git for-each-ref --sort -committerdate --format %(refname) %(objectname) %(*objectname) [709ms]
2024-11-11 09:25:59.650 [info] > git ls-files --stage -- /home/hhouse/workspace/web_unlam/lab_front/src/components/utils/tablaReservas.js [190ms]
2024-11-11 09:25:59.782 [info] > git cat-file -s bca5c85efc227f33b8655713be07b350ef001a51 [105ms]
2024-11-11 09:25:59.804 [info] > git config --get commit.template [155ms]
2024-11-11 09:25:59.804 [info] > git for-each-ref --format=%(refname)%00%(upstream:short)%00%(objectname)%00%(upstream:track)%00%(upstream:remotename)%00%(upstream:remoteref) refs/heads/main refs/remotes/main [208ms]
2024-11-11 09:26:00.007 [info] > git status -z -uall [77ms]
2024-11-11 09:26:00.008 [info] > git config --local branch.main.vscode-merge-base [130ms]
2024-11-11 09:26:00.065 [info] > git for-each-ref --format=%(refname)%00%(upstream:short)%00%(objectname)%00%(upstream:track)%00%(upstream:remotename)%00%(upstream:remoteref) refs/heads/main refs/remotes/main [56ms]
2024-11-11 09:26:00.066 [info] > git for-each-ref --sort -committerdate --format %(refname) %(objectname) %(*objectname) [105ms]
2024-11-11 09:26:00.092 [info] > git for-each-ref --format=%(refname)%00%(upstream:short)%00%(objectname)%00%(upstream:track)%00%(upstream:remotename)%00%(upstream:remoteref) refs/heads/origin/main refs/remotes/origin/main [56ms]
2024-11-11 09:26:00.161 [info] > git merge-base refs/heads/main refs/remotes/origin/main [52ms]
2024-11-11 09:26:00.213 [info] > git diff --name-status -z --diff-filter=ADMR da74d6755010e544cbc42b101f0235b2fdeb3403...refs/remotes/origin/main [29ms]
2024-11-11 09:26:00.219 [info] > git for-each-ref --sort -committerdate --format %(refname) %(objectname) %(*objectname) [60ms]
2024-11-11 09:26:00.259 [info] > git status -z -uall [123ms]
2024-11-11 09:26:01.065 [info] > git rev-parse --show-toplevel [22ms]
2024-11-11 09:26:01.065 [info] fatal: not a git repository (or any of the parent directories): .git
2024-11-11 09:26:01.550 [info] > git rev-parse --show-toplevel [12ms]
2024-11-11 09:26:01.550 [info] fatal: not a git repository (or any of the parent directories): .git
2024-11-11 09:26:02.261 [info] > git rev-parse --show-toplevel [26ms]
2024-11-11 09:26:02.261 [info] fatal: not a git repository (or any of the parent directories): .git
2024-11-11 09:26:02.764 [info] > git rev-parse --show-toplevel [7ms]
2024-11-11 09:26:02.764 [info] fatal: not a git repository (or any of the parent directories): .git
2024-11-11 09:26:15.263 [info] > git show --textconv :controllers/bookingController.js [33ms]
2024-11-11 09:26:15.347 [info] > git ls-files --stage -- /home/hhouse/workspace/web_unlam/lab_back/controllers/bookingController.js [86ms]
2024-11-11 09:26:15.377 [info] > git cat-file -s 5c3de393be02564f05592f3405d17ca3e5b66866 [19ms]
2024-11-11 09:26:16.370 [info] > git show --textconv :DB/testingdb.sql [33ms]
2024-11-11 09:26:16.411 [info] > git ls-files --stage -- /home/hhouse/workspace/web_unlam/lab_back/DB/testingdb.sql [43ms]
2024-11-11 09:26:16.465 [info] > git cat-file -s ffe017a354e87202e03eddb119e9af018d21cc81 [9ms]
2024-11-11 09:35:33.286 [info] > git show --textconv :DB/materias.sql [28ms]
2024-11-11 09:35:33.299 [info] > git ls-files --stage -- /home/hhouse/workspace/web_unlam/lab_back/DB/materias.sql [14ms]
2024-11-11 09:35:33.327 [info] > git cat-file -s ad503ef691f28a306c7c582808a6180b9f52ad30 [12ms]
2024-11-11 09:38:06.420 [info] > git show --textconv :DB/db.sql [12ms]
2024-11-11 09:38:06.428 [info] > git ls-files --stage -- /home/hhouse/workspace/web_unlam/lab_back/DB/db.sql [9ms]
2024-11-11 09:38:06.441 [info] > git cat-file -s 6e16664c73827f64813948c0e17b469348469662 [3ms]
2024-11-11 09:40:39.140 [info] > git show --textconv :DB/db_relacional.sql [27ms]
2024-11-11 09:40:39.162 [info] > git ls-files --stage -- /home/hhouse/workspace/web_unlam/lab_back/DB/db_relacional.sql [23ms]
2024-11-11 09:40:39.189 [info] > git cat-file -s 613942b0bbe10720c9a95f4940939d79fcf598c4 [4ms]
2024-11-11 09:40:42.502 [info] > git show --textconv :DB/testingdb.sql [30ms]
2024-11-11 09:40:42.507 [info] > git ls-files --stage -- /home/hhouse/workspace/web_unlam/lab_back/DB/testingdb.sql [6ms]
2024-11-11 09:40:42.548 [info] > git cat-file -s ffe017a354e87202e03eddb119e9af018d21cc81 [15ms]
2024-11-11 09:40:47.473 [info] > git show --textconv :DB/proyectores.sql [19ms]
2024-11-11 09:40:47.482 [info] > git ls-files --stage -- /home/hhouse/workspace/web_unlam/lab_back/DB/proyectores.sql [10ms]
2024-11-11 09:40:47.498 [info] > git cat-file -s 9bbdba9b359c6045be2d895d56631a24155bde6a [6ms]
2024-11-11 09:42:30.893 [info] > git rev-parse --show-toplevel [12ms]
2024-11-11 09:42:30.893 [info] fatal: not a git repository (or any of the parent directories): .git
