2024-11-11 09:25:44.713 [info] Added views:outline in workbench.view.explorer
2024-11-11 09:25:44.713 [info] Added views:workbench.view.search in workbench.view.search
2024-11-11 09:25:44.713 [info] Added views:workbench.scm in workbench.view.scm
2024-11-11 09:25:44.713 [info] Added views:workbench.panel.markers.view in workbench.panel.markers
2024-11-11 09:25:44.713 [info] Added views:workbench.panel.output in workbench.panel.output
2024-11-11 09:25:44.713 [info] Added views:terminal in terminal
2024-11-11 09:25:44.713 [info] Added views:timeline in workbench.view.explorer
2024-11-11 09:25:44.713 [info] Added views:workbench.explorer.fileView in workbench.view.explorer
2024-11-11 09:25:45.660 [info] Added views:workbench.debug.welcome in workbench.view.debug
2024-11-11 09:25:49.414 [info] Added views:workbench.panel.repl.view in workbench.panel.repl
2024-11-11 09:25:56.801 [info] Added views:workbench.scm.history in workbench.view.scm
2024-11-11 09:26:00.529 [info] Added views:~remote.forwardedPorts in ~remote.forwardedPortsContainer
2024-11-11 09:42:11.761 [info] Added views:workbench.views.extensions.installed,workbench.views.extensions.popular,extensions.recommendedList in workbench.view.extensions
2024-11-11 09:42:11.769 [info] Removed views:workbench.views.extensions.popular from workbench.view.extensions
2024-11-11 09:42:14.226 [info] Removed views:extensions.recommendedList,workbench.views.extensions.installed from workbench.view.extensions
2024-11-11 09:42:14.242 [info] Added views:workbench.views.extensions.marketplace in workbench.view.extensions
2024-11-11 09:42:30.866 [info] Added views:remoteTargets in workbench.view.remote
2024-11-11 09:42:35.839 [info] Added views:~remote.helpPanel in workbench.view.remote
2024-11-11 09:44:18.710 [info] Removed views:workbench.scm.history from workbench.view.scm
2024-11-11 09:44:20.108 [info] Added views:outline in workbench.view.explorer
2024-11-11 09:44:20.108 [info] Added views:workbench.view.search in workbench.view.search
2024-11-11 09:44:20.108 [info] Added views:workbench.scm in workbench.view.scm
2024-11-11 09:44:20.108 [info] Added views:workbench.panel.markers.view in workbench.panel.markers
2024-11-11 09:44:20.108 [info] Added views:workbench.panel.output in workbench.panel.output
2024-11-11 09:44:20.108 [info] Added views:terminal in terminal
2024-11-11 09:44:20.108 [info] Added views:timeline in workbench.view.explorer
2024-11-11 09:44:20.108 [info] Added views:workbench.explorer.emptyView in workbench.view.explorer
2024-11-11 09:44:22.477 [info] Added views:workbench.debug.variablesView,workbench.debug.watchExpressionsView,workbench.debug.callStackView,workbench.debug.breakPointsView in workbench.view.debug
2024-11-11 09:44:23.320 [info] Added views:~remote.forwardedPorts in ~remote.forwardedPortsContainer
2024-11-11 09:44:44.458 [info] Added views:remoteTargets in workbench.view.remote
2024-11-11 09:44:44.952 [info] Removed views:workbench.debug.breakPointsView,workbench.debug.callStackView,workbench.debug.watchExpressionsView,workbench.debug.variablesView from workbench.view.debug
2024-11-11 09:44:44.954 [info] Added views:workbench.debug.welcome in workbench.view.debug
2024-11-11 09:44:45.934 [info] Added views:workbench.panel.repl.view in workbench.panel.repl
2024-11-11 09:44:50.929 [info] Added views:outline in workbench.view.explorer
2024-11-11 09:44:50.929 [info] Added views:workbench.view.search in workbench.view.search
2024-11-11 09:44:50.929 [info] Added views:workbench.scm in workbench.view.scm
2024-11-11 09:44:50.929 [info] Added views:workbench.panel.markers.view in workbench.panel.markers
2024-11-11 09:44:50.929 [info] Added views:workbench.panel.output in workbench.panel.output
2024-11-11 09:44:50.929 [info] Added views:terminal in terminal
2024-11-11 09:44:50.929 [info] Added views:timeline in workbench.view.explorer
2024-11-11 09:44:50.929 [info] Added views:workbench.explorer.fileView in workbench.view.explorer
2024-11-11 09:44:52.520 [info] Added views:workbench.debug.variablesView,workbench.debug.watchExpressionsView,workbench.debug.callStackView,workbench.debug.breakPointsView in workbench.view.debug
2024-11-11 09:44:53.875 [info] Added views:~remote.forwardedPorts in ~remote.forwardedPortsContainer
2024-11-11 09:45:09.348 [info] Added views:remoteTargets in workbench.view.remote
2024-11-11 09:45:09.798 [info] Removed views:workbench.debug.breakPointsView,workbench.debug.callStackView,workbench.debug.watchExpressionsView,workbench.debug.variablesView from workbench.view.debug
2024-11-11 09:45:09.798 [info] Added views:workbench.debug.welcome in workbench.view.debug
2024-11-11 09:45:10.728 [info] Added views:workbench.panel.repl.view in workbench.panel.repl
2024-11-11 09:45:12.044 [info] Added views:workbench.scm.history in workbench.view.scm
2024-11-11 10:05:27.627 [info] Removed views:workbench.scm.history from workbench.view.scm
2024-11-11 10:05:40.728 [info] Added views:outline in workbench.view.explorer
2024-11-11 10:05:40.728 [info] Added views:workbench.view.search in workbench.view.search
2024-11-11 10:05:40.728 [info] Added views:workbench.scm in workbench.view.scm
2024-11-11 10:05:40.728 [info] Added views:workbench.panel.markers.view in workbench.panel.markers
2024-11-11 10:05:40.728 [info] Added views:workbench.panel.output in workbench.panel.output
2024-11-11 10:05:40.728 [info] Added views:terminal in terminal
2024-11-11 10:05:40.728 [info] Added views:timeline in workbench.view.explorer
2024-11-11 10:05:40.728 [info] Added views:workbench.explorer.fileView in workbench.view.explorer
2024-11-11 10:05:42.075 [info] Added views:workbench.debug.welcome in workbench.view.debug
2024-11-11 10:05:43.739 [info] Added views:~remote.forwardedPorts in ~remote.forwardedPortsContainer
2024-11-11 10:05:53.426 [info] Added views:remoteTargets in workbench.view.remote
2024-11-11 10:05:55.899 [info] Added views:workbench.panel.repl.view in workbench.panel.repl
2024-11-11 10:05:57.734 [info] Added views:workbench.scm.history in workbench.view.scm
2024-11-11 10:30:58.185 [info] Removed views:workbench.scm.history from workbench.view.scm
